{"/workspace/components/AddSeniorForm.tsx": {"path":"/workspace/components/AddSeniorForm.tsx","statementMap":{"0":{"start":{"line":24,"column":26},"end":{"line":24,"column":46}},"1":{"start":{"line":27,"column":32},"end":{"line":27,"column":47}},"2":{"start":{"line":28,"column":26},"end":{"line":30,"column":3}},"3":{"start":{"line":33,"column":36},"end":{"line":33,"column":48}},"4":{"start":{"line":34,"column":34},"end":{"line":34,"column":46}},"5":{"start":{"line":35,"column":28},"end":{"line":35,"column":40}},"6":{"start":{"line":36,"column":36},"end":{"line":36,"column":48}},"7":{"start":{"line":37,"column":42},"end":{"line":37,"column":60}},"8":{"start":{"line":38,"column":50},"end":{"line":38,"column":62}},"9":{"start":{"line":41,"column":32},"end":{"line":45,"column":4}},"10":{"start":{"line":48,"column":34},"end":{"line":48,"column":51}},"11":{"start":{"line":49,"column":44},"end":{"line":49,"column":55}},"12":{"start":{"line":50,"column":50},"end":{"line":50,"column":64}},"13":{"start":{"line":53,"column":44},"end":{"line":58,"column":4}},"14":{"start":{"line":60,"column":24},"end":{"line":77,"column":3}},"15":{"start":{"line":61,"column":4},"end":{"line":64,"column":5}},"16":{"start":{"line":62,"column":6},"end":{"line":62,"column":77}},"17":{"start":{"line":63,"column":6},"end":{"line":63,"column":19}},"18":{"start":{"line":67,"column":23},"end":{"line":67,"column":71}},"19":{"start":{"line":68,"column":4},"end":{"line":74,"column":5}},"20":{"start":{"line":69,"column":6},"end":{"line":72,"column":8}},"21":{"start":{"line":73,"column":6},"end":{"line":73,"column":19}},"22":{"start":{"line":76,"column":4},"end":{"line":76,"column":16}},"23":{"start":{"line":79,"column":21},"end":{"line":85,"column":3}},"24":{"start":{"line":80,"column":4},"end":{"line":84,"column":5}},"25":{"start":{"line":81,"column":6},"end":{"line":81,"column":29}},"26":{"start":{"line":82,"column":11},"end":{"line":84,"column":5}},"27":{"start":{"line":83,"column":6},"end":{"line":83,"column":30}},"28":{"start":{"line":87,"column":23},"end":{"line":146,"column":3}},"29":{"start":{"line":88,"column":4},"end":{"line":91,"column":5}},"30":{"start":{"line":89,"column":6},"end":{"line":89,"column":56}},"31":{"start":{"line":90,"column":6},"end":{"line":90,"column":13}},"32":{"start":{"line":93,"column":4},"end":{"line":93,"column":21}},"33":{"start":{"line":94,"column":4},"end":{"line":145,"column":5}},"34":{"start":{"line":96,"column":25},"end":{"line":110,"column":7}},"35":{"start":{"line":112,"column":23},"end":{"line":112,"column":50}},"36":{"start":{"line":115,"column":6},"end":{"line":122,"column":9}},"37":{"start":{"line":127,"column":6},"end":{"line":136,"column":8}},"38":{"start":{"line":133,"column":27},"end":{"line":133,"column":48}},"39":{"start":{"line":138,"column":6},"end":{"line":138,"column":64}},"40":{"start":{"line":139,"column":6},"end":{"line":142,"column":8}},"41":{"start":{"line":144,"column":6},"end":{"line":144,"column":24}},"42":{"start":{"line":148,"column":25},"end":{"line":253,"column":3}},"43":{"start":{"line":149,"column":4},"end":{"line":252,"column":11}},"44":{"start":{"line":204,"column":12},"end":{"line":220,"column":31}},"45":{"start":{"line":210,"column":29},"end":{"line":210,"column":49}},"46":{"start":{"line":231,"column":34},"end":{"line":231,"column":74}},"47":{"start":{"line":239,"column":14},"end":{"line":239,"column":58}},"48":{"start":{"line":247,"column":36},"end":{"line":247,"column":74}},"49":{"start":{"line":255,"column":32},"end":{"line":351,"column":3}},"50":{"start":{"line":256,"column":4},"end":{"line":350,"column":11}},"51":{"start":{"line":275,"column":12},"end":{"line":291,"column":31}},"52":{"start":{"line":281,"column":29},"end":{"line":281,"column":51}},"53":{"start":{"line":315,"column":14},"end":{"line":315,"column":73}},"54":{"start":{"line":325,"column":14},"end":{"line":325,"column":76}},"55":{"start":{"line":335,"column":14},"end":{"line":335,"column":74}},"56":{"start":{"line":345,"column":14},"end":{"line":345,"column":70}},"57":{"start":{"line":353,"column":33},"end":{"line":400,"column":3}},"58":{"start":{"line":354,"column":4},"end":{"line":399,"column":11}},"59":{"start":{"line":402,"column":28},"end":{"line":413,"column":3}},"60":{"start":{"line":403,"column":4},"end":{"line":412,"column":5}},"61":{"start":{"line":405,"column":8},"end":{"line":405,"column":32}},"62":{"start":{"line":407,"column":8},"end":{"line":407,"column":39}},"63":{"start":{"line":409,"column":8},"end":{"line":409,"column":40}},"64":{"start":{"line":411,"column":8},"end":{"line":411,"column":32}},"65":{"start":{"line":415,"column":2},"end":{"line":486,"column":4}},"66":{"start":{"line":423,"column":12},"end":{"line":431,"column":14}},"67":{"start":{"line":453,"column":16},"end":{"line":453,"column":60}},"68":{"start":{"line":453,"column":44},"end":{"line":453,"column":60}},"69":{"start":{"line":454,"column":16},"end":{"line":454,"column":68}},"70":{"start":{"line":454,"column":45},"end":{"line":454,"column":68}},"71":{"start":{"line":489,"column":15},"end":{"line":715,"column":2}}},"fnMap":{"0":{"name":"AddSeniorForm","decl":{"start":{"line":20,"column":24},"end":{"line":20,"column":37}},"loc":{"start":{"line":23,"column":23},"end":{"line":487,"column":1}},"line":23},"1":{"name":"(anonymous_1)","decl":{"start":{"line":60,"column":24},"end":{"line":60,"column":25}},"loc":{"start":{"line":60,"column":30},"end":{"line":77,"column":3}},"line":60},"2":{"name":"(anonymous_2)","decl":{"start":{"line":79,"column":21},"end":{"line":79,"column":22}},"loc":{"start":{"line":79,"column":27},"end":{"line":85,"column":3}},"line":79},"3":{"name":"(anonymous_3)","decl":{"start":{"line":87,"column":23},"end":{"line":87,"column":24}},"loc":{"start":{"line":87,"column":35},"end":{"line":146,"column":3}},"line":87},"4":{"name":"(anonymous_4)","decl":{"start":{"line":133,"column":21},"end":{"line":133,"column":22}},"loc":{"start":{"line":133,"column":27},"end":{"line":133,"column":48}},"line":133},"5":{"name":"(anonymous_5)","decl":{"start":{"line":148,"column":25},"end":{"line":148,"column":26}},"loc":{"start":{"line":149,"column":4},"end":{"line":252,"column":11}},"line":149},"6":{"name":"(anonymous_6)","decl":{"start":{"line":203,"column":64},"end":{"line":203,"column":65}},"loc":{"start":{"line":204,"column":12},"end":{"line":220,"column":31}},"line":204},"7":{"name":"(anonymous_7)","decl":{"start":{"line":210,"column":23},"end":{"line":210,"column":24}},"loc":{"start":{"line":210,"column":29},"end":{"line":210,"column":49}},"line":210},"8":{"name":"(anonymous_8)","decl":{"start":{"line":231,"column":24},"end":{"line":231,"column":25}},"loc":{"start":{"line":231,"column":34},"end":{"line":231,"column":74}},"line":231},"9":{"name":"(anonymous_9)","decl":{"start":{"line":238,"column":26},"end":{"line":238,"column":27}},"loc":{"start":{"line":239,"column":14},"end":{"line":239,"column":58}},"line":239},"10":{"name":"(anonymous_10)","decl":{"start":{"line":247,"column":26},"end":{"line":247,"column":27}},"loc":{"start":{"line":247,"column":36},"end":{"line":247,"column":74}},"line":247},"11":{"name":"(anonymous_11)","decl":{"start":{"line":255,"column":32},"end":{"line":255,"column":33}},"loc":{"start":{"line":256,"column":4},"end":{"line":350,"column":11}},"line":256},"12":{"name":"(anonymous_12)","decl":{"start":{"line":274,"column":25},"end":{"line":274,"column":26}},"loc":{"start":{"line":275,"column":12},"end":{"line":291,"column":31}},"line":275},"13":{"name":"(anonymous_13)","decl":{"start":{"line":281,"column":23},"end":{"line":281,"column":24}},"loc":{"start":{"line":281,"column":29},"end":{"line":281,"column":51}},"line":281},"14":{"name":"(anonymous_14)","decl":{"start":{"line":314,"column":27},"end":{"line":314,"column":28}},"loc":{"start":{"line":315,"column":14},"end":{"line":315,"column":73}},"line":315},"15":{"name":"(anonymous_15)","decl":{"start":{"line":324,"column":27},"end":{"line":324,"column":28}},"loc":{"start":{"line":325,"column":14},"end":{"line":325,"column":76}},"line":325},"16":{"name":"(anonymous_16)","decl":{"start":{"line":334,"column":27},"end":{"line":334,"column":28}},"loc":{"start":{"line":335,"column":14},"end":{"line":335,"column":74}},"line":335},"17":{"name":"(anonymous_17)","decl":{"start":{"line":344,"column":27},"end":{"line":344,"column":28}},"loc":{"start":{"line":345,"column":14},"end":{"line":345,"column":70}},"line":345},"18":{"name":"(anonymous_18)","decl":{"start":{"line":353,"column":33},"end":{"line":353,"column":34}},"loc":{"start":{"line":354,"column":4},"end":{"line":399,"column":11}},"line":354},"19":{"name":"(anonymous_19)","decl":{"start":{"line":402,"column":28},"end":{"line":402,"column":29}},"loc":{"start":{"line":402,"column":34},"end":{"line":413,"column":3}},"line":402},"20":{"name":"(anonymous_20)","decl":{"start":{"line":422,"column":55},"end":{"line":422,"column":56}},"loc":{"start":{"line":423,"column":12},"end":{"line":431,"column":14}},"line":423},"21":{"name":"(anonymous_21)","decl":{"start":{"line":452,"column":23},"end":{"line":452,"column":24}},"loc":{"start":{"line":452,"column":29},"end":{"line":455,"column":15}},"line":452}},"branchMap":{"0":{"loc":{"start":{"line":61,"column":4},"end":{"line":64,"column":5}},"type":"if","locations":[{"start":{"line":61,"column":4},"end":{"line":64,"column":5}},{"start":{},"end":{}}],"line":61},"1":{"loc":{"start":{"line":61,"column":8},"end":{"line":61,"column":62}},"type":"binary-expr","locations":[{"start":{"line":61,"column":8},"end":{"line":61,"column":25}},{"start":{"line":61,"column":29},"end":{"line":61,"column":45}},{"start":{"line":61,"column":49},"end":{"line":61,"column":62}}],"line":61},"2":{"loc":{"start":{"line":68,"column":4},"end":{"line":74,"column":5}},"type":"if","locations":[{"start":{"line":68,"column":4},"end":{"line":74,"column":5}},{"start":{},"end":{}}],"line":68},"3":{"loc":{"start":{"line":80,"column":4},"end":{"line":84,"column":5}},"type":"if","locations":[{"start":{"line":80,"column":4},"end":{"line":84,"column":5}},{"start":{"line":82,"column":11},"end":{"line":84,"column":5}}],"line":80},"4":{"loc":{"start":{"line":80,"column":8},"end":{"line":80,"column":42}},"type":"binary-expr","locations":[{"start":{"line":80,"column":8},"end":{"line":80,"column":23}},{"start":{"line":80,"column":27},"end":{"line":80,"column":42}}],"line":80},"5":{"loc":{"start":{"line":82,"column":11},"end":{"line":84,"column":5}},"type":"if","locations":[{"start":{"line":82,"column":11},"end":{"line":84,"column":5}},{"start":{},"end":{}}],"line":82},"6":{"loc":{"start":{"line":88,"column":4},"end":{"line":91,"column":5}},"type":"if","locations":[{"start":{"line":88,"column":4},"end":{"line":91,"column":5}},{"start":{},"end":{}}],"line":88},"7":{"loc":{"start":{"line":100,"column":20},"end":{"line":100,"column":37}},"type":"binary-expr","locations":[{"start":{"line":100,"column":20},"end":{"line":100,"column":29}},{"start":{"line":100,"column":33},"end":{"line":100,"column":37}}],"line":100},"8":{"loc":{"start":{"line":103,"column":27},"end":{"line":103,"column":52}},"type":"binary-expr","locations":[{"start":{"line":103,"column":27},"end":{"line":103,"column":43}},{"start":{"line":103,"column":47},"end":{"line":103,"column":52}}],"line":103},"9":{"loc":{"start":{"line":141,"column":8},"end":{"line":141,"column":78}},"type":"binary-expr","locations":[{"start":{"line":141,"column":8},"end":{"line":141,"column":21}},{"start":{"line":141,"column":25},"end":{"line":141,"column":78}}],"line":141},"10":{"loc":{"start":{"line":208,"column":16},"end":{"line":208,"column":71}},"type":"binary-expr","locations":[{"start":{"line":208,"column":16},"end":{"line":208,"column":36}},{"start":{"line":208,"column":40},"end":{"line":208,"column":71}}],"line":208},"11":{"loc":{"start":{"line":215,"column":18},"end":{"line":215,"column":71}},"type":"binary-expr","locations":[{"start":{"line":215,"column":18},"end":{"line":215,"column":38}},{"start":{"line":215,"column":42},"end":{"line":215,"column":71}}],"line":215},"12":{"loc":{"start":{"line":279,"column":16},"end":{"line":279,"column":70}},"type":"binary-expr","locations":[{"start":{"line":279,"column":16},"end":{"line":279,"column":38}},{"start":{"line":279,"column":42},"end":{"line":279,"column":70}}],"line":279},"13":{"loc":{"start":{"line":286,"column":18},"end":{"line":286,"column":70}},"type":"binary-expr","locations":[{"start":{"line":286,"column":18},"end":{"line":286,"column":40}},{"start":{"line":286,"column":44},"end":{"line":286,"column":70}}],"line":286},"14":{"loc":{"start":{"line":289,"column":17},"end":{"line":289,"column":57}},"type":"cond-expr","locations":[{"start":{"line":289,"column":30},"end":{"line":289,"column":39}},{"start":{"line":289,"column":42},"end":{"line":289,"column":57}}],"line":289},"15":{"loc":{"start":{"line":384,"column":9},"end":{"line":389,"column":9}},"type":"binary-expr","locations":[{"start":{"line":384,"column":9},"end":{"line":384,"column":21}},{"start":{"line":385,"column":10},"end":{"line":388,"column":17}}],"line":384},"16":{"loc":{"start":{"line":403,"column":4},"end":{"line":412,"column":5}},"type":"switch","locations":[{"start":{"line":404,"column":6},"end":{"line":405,"column":32}},{"start":{"line":406,"column":6},"end":{"line":407,"column":39}},{"start":{"line":408,"column":6},"end":{"line":409,"column":40}},{"start":{"line":410,"column":6},"end":{"line":411,"column":32}}],"line":403},"17":{"loc":{"start":{"line":427,"column":16},"end":{"line":427,"column":61}},"type":"binary-expr","locations":[{"start":{"line":427,"column":16},"end":{"line":427,"column":33}},{"start":{"line":427,"column":37},"end":{"line":427,"column":61}}],"line":427},"18":{"loc":{"start":{"line":428,"column":16},"end":{"line":429,"column":45}},"type":"binary-expr","locations":[{"start":{"line":428,"column":16},"end":{"line":428,"column":77}},{"start":{"line":429,"column":18},"end":{"line":429,"column":45}}],"line":428},"19":{"loc":{"start":{"line":449,"column":11},"end":{"line":459,"column":11}},"type":"binary-expr","locations":[{"start":{"line":449,"column":11},"end":{"line":449,"column":26}},{"start":{"line":450,"column":12},"end":{"line":458,"column":31}}],"line":449},"20":{"loc":{"start":{"line":453,"column":16},"end":{"line":453,"column":60}},"type":"if","locations":[{"start":{"line":453,"column":16},"end":{"line":453,"column":60}},{"start":{},"end":{}}],"line":453},"21":{"loc":{"start":{"line":454,"column":16},"end":{"line":454,"column":68}},"type":"if","locations":[{"start":{"line":454,"column":16},"end":{"line":454,"column":68}},{"start":{},"end":{}}],"line":454},"22":{"loc":{"start":{"line":461,"column":11},"end":{"line":468,"column":11}},"type":"binary-expr","locations":[{"start":{"line":461,"column":11},"end":{"line":461,"column":19}},{"start":{"line":461,"column":23},"end":{"line":461,"column":38}},{"start":{"line":462,"column":12},"end":{"line":467,"column":31}}],"line":461},"23":{"loc":{"start":{"line":472,"column":21},"end":{"line":472,"column":72}},"type":"cond-expr","locations":[{"start":{"line":472,"column":47},"end":{"line":472,"column":59}},{"start":{"line":472,"column":62},"end":{"line":472,"column":72}}],"line":472},"24":{"loc":{"start":{"line":475,"column":13},"end":{"line":481,"column":13}},"type":"cond-expr","locations":[{"start":{"line":476,"column":14},"end":{"line":476,"column":49}},{"start":{"line":478,"column":14},"end":{"line":480,"column":21}}],"line":475},"25":{"loc":{"start":{"line":479,"column":17},"end":{"line":479,"column":76}},"type":"cond-expr","locations":[{"start":{"line":479,"column":43},"end":{"line":479,"column":62}},{"start":{"line":479,"column":65},"end":{"line":479,"column":76}}],"line":479}},"s":{"0":9,"1":9,"2":9,"3":9,"4":9,"5":9,"6":9,"7":9,"8":9,"9":9,"10":9,"11":9,"12":9,"13":9,"14":9,"15":0,"16":0,"17":0,"18":0,"19":0,"20":0,"21":0,"22":0,"23":9,"24":0,"25":0,"26":0,"27":0,"28":9,"29":0,"30":0,"31":0,"32":0,"33":0,"34":0,"35":0,"36":0,"37":0,"38":0,"39":0,"40":0,"41":0,"42":9,"43":9,"44":36,"45":0,"46":0,"47":0,"48":0,"49":9,"50":0,"51":0,"52":0,"53":0,"54":0,"55":0,"56":0,"57":9,"58":0,"59":9,"60":9,"61":9,"62":0,"63":0,"64":0,"65":9,"66":27,"67":0,"68":0,"69":0,"70":0,"71":1},"f":{"0":9,"1":0,"2":0,"3":0,"4":0,"5":9,"6":36,"7":0,"8":0,"9":0,"10":0,"11":0,"12":0,"13":0,"14":0,"15":0,"16":0,"17":0,"18":0,"19":9,"20":27,"21":0},"b":{"0":[0,0],"1":[0,0,0],"2":[0,0],"3":[0,0],"4":[0,0],"5":[0,0],"6":[0,0],"7":[0,0],"8":[0,0],"9":[0,0],"10":[36,9],"11":[36,9],"12":[0,0],"13":[0,0],"14":[0,0],"15":[0,0],"16":[9,0,0,0],"17":[27,9],"18":[27,0],"19":[9,0],"20":[0,0],"21":[0,0],"22":[9,9,9],"23":[0,9],"24":[0,9],"25":[0,9]},"_coverageSchema":"1a1c01bbd47fc00a2c39e90264f33305004495a9","hash":"5ba0b259ee6c7be650f4019e09e2cbd615713d7e"}
,"/workspace/components/Button.tsx": {"path":"/workspace/components/Button.tsx","statementMap":{"0":{"start":{"line":33,"column":23},"end":{"line":33,"column":48}},"1":{"start":{"line":35,"column":29},"end":{"line":48,"column":3}},"2":{"start":{"line":36,"column":4},"end":{"line":36,"column":46}},"3":{"start":{"line":36,"column":29},"end":{"line":36,"column":46}},"4":{"start":{"line":38,"column":4},"end":{"line":47,"column":5}},"5":{"start":{"line":40,"column":8},"end":{"line":40,"column":28}},"6":{"start":{"line":42,"column":8},"end":{"line":42,"column":29}},"7":{"start":{"line":44,"column":8},"end":{"line":44,"column":25}},"8":{"start":{"line":46,"column":8},"end":{"line":46,"column":28}},"9":{"start":{"line":50,"column":23},"end":{"line":55,"column":3}},"10":{"start":{"line":51,"column":4},"end":{"line":53,"column":5}},"11":{"start":{"line":52,"column":6},"end":{"line":52,"column":60}},"12":{"start":{"line":54,"column":4},"end":{"line":54,"column":19}},"13":{"start":{"line":57,"column":25},"end":{"line":62,"column":3}},"14":{"start":{"line":58,"column":4},"end":{"line":60,"column":5}},"15":{"start":{"line":59,"column":6},"end":{"line":59,"column":60}},"16":{"start":{"line":61,"column":4},"end":{"line":61,"column":25}},"17":{"start":{"line":64,"column":24},"end":{"line":85,"column":3}},"18":{"start":{"line":65,"column":4},"end":{"line":84,"column":5}},"19":{"start":{"line":67,"column":8},"end":{"line":71,"column":10}},"20":{"start":{"line":73,"column":8},"end":{"line":77,"column":10}},"21":{"start":{"line":79,"column":8},"end":{"line":83,"column":10}},"22":{"start":{"line":87,"column":22},"end":{"line":96,"column":3}},"23":{"start":{"line":88,"column":4},"end":{"line":95,"column":5}},"24":{"start":{"line":90,"column":8},"end":{"line":90,"column":32}},"25":{"start":{"line":92,"column":8},"end":{"line":92,"column":32}},"26":{"start":{"line":94,"column":8},"end":{"line":94,"column":32}},"27":{"start":{"line":98,"column":2},"end":{"line":130,"column":4}},"28":{"start":{"line":133,"column":15},"end":{"line":144,"column":2}}},"fnMap":{"0":{"name":"Button","decl":{"start":{"line":23,"column":16},"end":{"line":23,"column":22}},"loc":{"start":{"line":32,"column":16},"end":{"line":131,"column":1}},"line":32},"1":{"name":"(anonymous_1)","decl":{"start":{"line":35,"column":29},"end":{"line":35,"column":30}},"loc":{"start":{"line":35,"column":35},"end":{"line":48,"column":3}},"line":35},"2":{"name":"(anonymous_2)","decl":{"start":{"line":50,"column":23},"end":{"line":50,"column":24}},"loc":{"start":{"line":50,"column":29},"end":{"line":55,"column":3}},"line":50},"3":{"name":"(anonymous_3)","decl":{"start":{"line":57,"column":25},"end":{"line":57,"column":26}},"loc":{"start":{"line":57,"column":31},"end":{"line":62,"column":3}},"line":57},"4":{"name":"(anonymous_4)","decl":{"start":{"line":64,"column":24},"end":{"line":64,"column":25}},"loc":{"start":{"line":64,"column":41},"end":{"line":85,"column":3}},"line":64},"5":{"name":"(anonymous_5)","decl":{"start":{"line":87,"column":22},"end":{"line":87,"column":23}},"loc":{"start":{"line":87,"column":39},"end":{"line":96,"column":3}},"line":87}},"branchMap":{"0":{"loc":{"start":{"line":26,"column":2},"end":{"line":26,"column":21}},"type":"default-arg","locations":[{"start":{"line":26,"column":12},"end":{"line":26,"column":21}}],"line":26},"1":{"loc":{"start":{"line":27,"column":2},"end":{"line":27,"column":17}},"type":"default-arg","locations":[{"start":{"line":27,"column":9},"end":{"line":27,"column":17}}],"line":27},"2":{"loc":{"start":{"line":28,"column":2},"end":{"line":28,"column":18}},"type":"default-arg","locations":[{"start":{"line":28,"column":13},"end":{"line":28,"column":18}}],"line":28},"3":{"loc":{"start":{"line":29,"column":2},"end":{"line":29,"column":17}},"type":"default-arg","locations":[{"start":{"line":29,"column":12},"end":{"line":29,"column":17}}],"line":29},"4":{"loc":{"start":{"line":36,"column":4},"end":{"line":36,"column":46}},"type":"if","locations":[{"start":{"line":36,"column":4},"end":{"line":36,"column":46}},{"start":{},"end":{}}],"line":36},"5":{"loc":{"start":{"line":36,"column":8},"end":{"line":36,"column":27}},"type":"binary-expr","locations":[{"start":{"line":36,"column":8},"end":{"line":36,"column":16}},{"start":{"line":36,"column":20},"end":{"line":36,"column":27}}],"line":36},"6":{"loc":{"start":{"line":38,"column":4},"end":{"line":47,"column":5}},"type":"switch","locations":[{"start":{"line":39,"column":6},"end":{"line":40,"column":28}},{"start":{"line":41,"column":6},"end":{"line":42,"column":29}},{"start":{"line":43,"column":6},"end":{"line":44,"column":25}},{"start":{"line":45,"column":6},"end":{"line":46,"column":28}}],"line":38},"7":{"loc":{"start":{"line":51,"column":4},"end":{"line":53,"column":5}},"type":"if","locations":[{"start":{"line":51,"column":4},"end":{"line":53,"column":5}},{"start":{},"end":{}}],"line":51},"8":{"loc":{"start":{"line":52,"column":13},"end":{"line":52,"column":59}},"type":"cond-expr","locations":[{"start":{"line":52,"column":35},"end":{"line":52,"column":44}},{"start":{"line":52,"column":47},"end":{"line":52,"column":59}}],"line":52},"9":{"loc":{"start":{"line":52,"column":13},"end":{"line":52,"column":32}},"type":"binary-expr","locations":[{"start":{"line":52,"column":13},"end":{"line":52,"column":21}},{"start":{"line":52,"column":25},"end":{"line":52,"column":32}}],"line":52},"10":{"loc":{"start":{"line":58,"column":4},"end":{"line":60,"column":5}},"type":"if","locations":[{"start":{"line":58,"column":4},"end":{"line":60,"column":5}},{"start":{},"end":{}}],"line":58},"11":{"loc":{"start":{"line":59,"column":13},"end":{"line":59,"column":59}},"type":"cond-expr","locations":[{"start":{"line":59,"column":35},"end":{"line":59,"column":44}},{"start":{"line":59,"column":47},"end":{"line":59,"column":59}}],"line":59},"12":{"loc":{"start":{"line":59,"column":13},"end":{"line":59,"column":32}},"type":"binary-expr","locations":[{"start":{"line":59,"column":13},"end":{"line":59,"column":21}},{"start":{"line":59,"column":25},"end":{"line":59,"column":32}}],"line":59},"13":{"loc":{"start":{"line":65,"column":4},"end":{"line":84,"column":5}},"type":"switch","locations":[{"start":{"line":66,"column":6},"end":{"line":71,"column":10}},{"start":{"line":72,"column":6},"end":{"line":77,"column":10}},{"start":{"line":78,"column":6},"end":{"line":83,"column":10}}],"line":65},"14":{"loc":{"start":{"line":88,"column":4},"end":{"line":95,"column":5}},"type":"switch","locations":[{"start":{"line":89,"column":6},"end":{"line":90,"column":32}},{"start":{"line":91,"column":6},"end":{"line":92,"column":32}},{"start":{"line":93,"column":6},"end":{"line":94,"column":32}}],"line":88},"15":{"loc":{"start":{"line":106,"column":23},"end":{"line":106,"column":54}},"type":"cond-expr","locations":[{"start":{"line":106,"column":49},"end":{"line":106,"column":50}},{"start":{"line":106,"column":53},"end":{"line":106,"column":54}}],"line":106},"16":{"loc":{"start":{"line":107,"column":19},"end":{"line":107,"column":48}},"type":"cond-expr","locations":[{"start":{"line":107,"column":41},"end":{"line":107,"column":44}},{"start":{"line":107,"column":47},"end":{"line":107,"column":48}}],"line":107},"17":{"loc":{"start":{"line":107,"column":19},"end":{"line":107,"column":38}},"type":"binary-expr","locations":[{"start":{"line":107,"column":19},"end":{"line":107,"column":27}},{"start":{"line":107,"column":31},"end":{"line":107,"column":38}}],"line":107},"18":{"loc":{"start":{"line":112,"column":16},"end":{"line":112,"column":35}},"type":"binary-expr","locations":[{"start":{"line":112,"column":16},"end":{"line":112,"column":24}},{"start":{"line":112,"column":28},"end":{"line":112,"column":35}}],"line":112},"19":{"loc":{"start":{"line":115,"column":7},"end":{"line":128,"column":7}},"type":"cond-expr","locations":[{"start":{"line":116,"column":8},"end":{"line":116,"column":65}},{"start":{"line":118,"column":8},"end":{"line":127,"column":15}}],"line":115}},"s":{"0":5,"1":5,"2":5,"3":1,"4":4,"5":4,"6":0,"7":0,"8":0,"9":5,"10":5,"11":0,"12":5,"13":5,"14":5,"15":0,"16":5,"17":5,"18":5,"19":0,"20":0,"21":5,"22":5,"23":5,"24":0,"25":0,"26":5,"27":5,"28":1},"f":{"0":5,"1":5,"2":5,"3":5,"4":5,"5":5},"b":{"0":[5],"1":[5],"2":[4],"3":[5],"4":[1,4],"5":[5,4],"6":[4,0,0,0],"7":[0,5],"8":[0,0],"9":[0,0],"10":[0,5],"11":[0,0],"12":[0,0],"13":[0,0,5],"14":[0,0,5],"15":[0,5],"16":[1,4],"17":[5,4],"18":[5,4],"19":[0,5]},"_coverageSchema":"1a1c01bbd47fc00a2c39e90264f33305004495a9","hash":"d0728cf63c7f94ea61552acbd9e143e2b14327da"}
,"/workspace/components/Collapsible.tsx": {"path":"/workspace/components/Collapsible.tsx","statementMap":{"0":{"start":{"line":11,"column":30},"end":{"line":11,"column":45}},"1":{"start":{"line":12,"column":16},"end":{"line":12,"column":43}},"2":{"start":{"line":14,"column":2},"end":{"line":32,"column":4}},"3":{"start":{"line":18,"column":23},"end":{"line":18,"column":51}},"4":{"start":{"line":18,"column":44},"end":{"line":18,"column":50}},"5":{"start":{"line":35,"column":15},"end":{"line":45,"column":2}}},"fnMap":{"0":{"name":"Collapsible","decl":{"start":{"line":10,"column":16},"end":{"line":10,"column":27}},"loc":{"start":{"line":10,"column":88},"end":{"line":33,"column":1}},"line":10},"1":{"name":"(anonymous_1)","decl":{"start":{"line":18,"column":17},"end":{"line":18,"column":18}},"loc":{"start":{"line":18,"column":23},"end":{"line":18,"column":51}},"line":18},"2":{"name":"(anonymous_2)","decl":{"start":{"line":18,"column":33},"end":{"line":18,"column":34}},"loc":{"start":{"line":18,"column":44},"end":{"line":18,"column":50}},"line":18}},"branchMap":{"0":{"loc":{"start":{"line":12,"column":16},"end":{"line":12,"column":43}},"type":"binary-expr","locations":[{"start":{"line":12,"column":16},"end":{"line":12,"column":32}},{"start":{"line":12,"column":36},"end":{"line":12,"column":43}}],"line":12},"1":{"loc":{"start":{"line":24,"column":17},"end":{"line":24,"column":73}},"type":"cond-expr","locations":[{"start":{"line":24,"column":37},"end":{"line":24,"column":54}},{"start":{"line":24,"column":57},"end":{"line":24,"column":73}}],"line":24},"2":{"loc":{"start":{"line":25,"column":41},"end":{"line":25,"column":66}},"type":"cond-expr","locations":[{"start":{"line":25,"column":50},"end":{"line":25,"column":57}},{"start":{"line":25,"column":60},"end":{"line":25,"column":66}}],"line":25},"3":{"loc":{"start":{"line":30,"column":7},"end":{"line":30,"column":75}},"type":"binary-expr","locations":[{"start":{"line":30,"column":7},"end":{"line":30,"column":13}},{"start":{"line":30,"column":17},"end":{"line":30,"column":75}}],"line":30}},"s":{"0":7,"1":7,"2":7,"3":3,"4":3,"5":1},"f":{"0":7,"1":3,"2":3},"b":{"0":[7,0],"1":[7,0],"2":[2,5],"3":[7,2]},"_coverageSchema":"1a1c01bbd47fc00a2c39e90264f33305004495a9","hash":"7ecaa709d9e1740e7d3c41300aacc8cb91ae654a"}
,"/workspace/components/EditSeniorForm.tsx": {"path":"/workspace/components/EditSeniorForm.tsx","statementMap":{"0":{"start":{"line":51,"column":26},"end":{"line":51,"column":46}},"1":{"start":{"line":54,"column":32},"end":{"line":54,"column":46}},"2":{"start":{"line":55,"column":30},"end":{"line":55,"column":45}},"3":{"start":{"line":56,"column":38},"end":{"line":56,"column":71}},"4":{"start":{"line":59,"column":36},"end":{"line":59,"column":48}},"5":{"start":{"line":60,"column":34},"end":{"line":60,"column":46}},"6":{"start":{"line":61,"column":28},"end":{"line":61,"column":40}},"7":{"start":{"line":62,"column":36},"end":{"line":62,"column":48}},"8":{"start":{"line":63,"column":50},"end":{"line":63,"column":62}},"9":{"start":{"line":66,"column":32},"end":{"line":70,"column":4}},"10":{"start":{"line":73,"column":34},"end":{"line":73,"column":51}},"11":{"start":{"line":74,"column":44},"end":{"line":74,"column":55}},"12":{"start":{"line":77,"column":42},"end":{"line":77,"column":57}},"13":{"start":{"line":78,"column":36},"end":{"line":78,"column":48}},"14":{"start":{"line":79,"column":42},"end":{"line":79,"column":54}},"15":{"start":{"line":80,"column":50},"end":{"line":80,"column":62}},"16":{"start":{"line":82,"column":31},"end":{"line":91,"column":3}},"17":{"start":{"line":83,"column":4},"end":{"line":83,"column":30}},"18":{"start":{"line":83,"column":15},"end":{"line":83,"column":30}},"19":{"start":{"line":86,"column":4},"end":{"line":88,"column":5}},"20":{"start":{"line":87,"column":6},"end":{"line":87,"column":34}},"21":{"start":{"line":90,"column":4},"end":{"line":90,"column":16}},"22":{"start":{"line":96,"column":25},"end":{"line":158,"column":3}},"23":{"start":{"line":97,"column":4},"end":{"line":157,"column":5}},"24":{"start":{"line":98,"column":6},"end":{"line":98,"column":23}},"25":{"start":{"line":99,"column":6},"end":{"line":99,"column":59}},"26":{"start":{"line":101,"column":21},"end":{"line":101,"column":50}},"27":{"start":{"line":102,"column":6},"end":{"line":104,"column":7}},"28":{"start":{"line":103,"column":8},"end":{"line":103,"column":45}},"29":{"start":{"line":106,"column":6},"end":{"line":106,"column":28}},"30":{"start":{"line":109,"column":6},"end":{"line":109,"column":44}},"31":{"start":{"line":110,"column":6},"end":{"line":110,"column":42}},"32":{"start":{"line":111,"column":6},"end":{"line":111,"column":35}},"33":{"start":{"line":112,"column":6},"end":{"line":112,"column":44}},"34":{"start":{"line":113,"column":6},"end":{"line":113,"column":79}},"35":{"start":{"line":114,"column":6},"end":{"line":114,"column":51}},"36":{"start":{"line":115,"column":6},"end":{"line":115,"column":58}},"37":{"start":{"line":118,"column":19},"end":{"line":118,"column":39}},"38":{"start":{"line":119,"column":6},"end":{"line":123,"column":9}},"39":{"start":{"line":126,"column":6},"end":{"line":132,"column":8}},"40":{"start":{"line":133,"column":6},"end":{"line":139,"column":8}},"41":{"start":{"line":140,"column":6},"end":{"line":146,"column":8}},"42":{"start":{"line":148,"column":6},"end":{"line":148,"column":55}},"43":{"start":{"line":150,"column":6},"end":{"line":150,"column":60}},"44":{"start":{"line":151,"column":6},"end":{"line":154,"column":8}},"45":{"start":{"line":156,"column":6},"end":{"line":156,"column":24}},"46":{"start":{"line":160,"column":2},"end":{"line":164,"column":17}},"47":{"start":{"line":161,"column":4},"end":{"line":163,"column":5}},"48":{"start":{"line":162,"column":6},"end":{"line":162,"column":23}},"49":{"start":{"line":167,"column":23},"end":{"line":196,"column":3}},"50":{"start":{"line":168,"column":4},"end":{"line":171,"column":5}},"51":{"start":{"line":169,"column":6},"end":{"line":169,"column":69}},"52":{"start":{"line":170,"column":6},"end":{"line":170,"column":19}},"53":{"start":{"line":173,"column":4},"end":{"line":176,"column":5}},"54":{"start":{"line":174,"column":6},"end":{"line":174,"column":70}},"55":{"start":{"line":175,"column":6},"end":{"line":175,"column":19}},"56":{"start":{"line":179,"column":28},"end":{"line":179,"column":54}},"57":{"start":{"line":180,"column":4},"end":{"line":186,"column":5}},"58":{"start":{"line":181,"column":6},"end":{"line":184,"column":8}},"59":{"start":{"line":185,"column":6},"end":{"line":185,"column":19}},"60":{"start":{"line":189,"column":22},"end":{"line":189,"column":70}},"61":{"start":{"line":190,"column":4},"end":{"line":193,"column":5}},"62":{"start":{"line":191,"column":6},"end":{"line":191,"column":63}},"63":{"start":{"line":192,"column":6},"end":{"line":192,"column":19}},"64":{"start":{"line":195,"column":4},"end":{"line":195,"column":16}},"65":{"start":{"line":199,"column":21},"end":{"line":255,"column":3}},"66":{"start":{"line":200,"column":4},"end":{"line":202,"column":5}},"67":{"start":{"line":201,"column":6},"end":{"line":201,"column":13}},"68":{"start":{"line":204,"column":4},"end":{"line":204,"column":20}},"69":{"start":{"line":205,"column":4},"end":{"line":254,"column":5}},"70":{"start":{"line":206,"column":6},"end":{"line":206,"column":46}},"71":{"start":{"line":208,"column":8},"end":{"line":210,"column":20}},"72":{"start":{"line":213,"column":25},"end":{"line":232,"column":7}},"73":{"start":{"line":234,"column":6},"end":{"line":234,"column":47}},"74":{"start":{"line":236,"column":6},"end":{"line":245,"column":8}},"75":{"start":{"line":242,"column":27},"end":{"line":242,"column":48}},"76":{"start":{"line":247,"column":6},"end":{"line":247,"column":60}},"77":{"start":{"line":248,"column":6},"end":{"line":251,"column":8}},"78":{"start":{"line":253,"column":6},"end":{"line":253,"column":23}},"79":{"start":{"line":258,"column":23},"end":{"line":284,"column":3}},"80":{"start":{"line":261,"column":6},"end":{"line":266,"column":59}},"81":{"start":{"line":268,"column":4},"end":{"line":283,"column":5}},"82":{"start":{"line":269,"column":6},"end":{"line":280,"column":8}},"83":{"start":{"line":282,"column":6},"end":{"line":282,"column":19}},"84":{"start":{"line":287,"column":2},"end":{"line":294,"column":3}},"85":{"start":{"line":288,"column":4},"end":{"line":293,"column":6}},"86":{"start":{"line":297,"column":2},"end":{"line":310,"column":3}},"87":{"start":{"line":298,"column":4},"end":{"line":309,"column":6}},"88":{"start":{"line":312,"column":2},"end":{"line":572,"column":4}},"89":{"start":{"line":419,"column":18},"end":{"line":435,"column":37}},"90":{"start":{"line":425,"column":35},"end":{"line":425,"column":57}},"91":{"start":{"line":462,"column":38},"end":{"line":462,"column":78}},"92":{"start":{"line":474,"column":18},"end":{"line":474,"column":62}},"93":{"start":{"line":486,"column":40},"end":{"line":486,"column":78}},"94":{"start":{"line":497,"column":27},"end":{"line":497,"column":57}},"95":{"start":{"line":575,"column":15},"end":{"line":792,"column":2}}},"fnMap":{"0":{"name":"EditSeniorForm","decl":{"start":{"line":46,"column":24},"end":{"line":46,"column":38}},"loc":{"start":{"line":50,"column":24},"end":{"line":573,"column":1}},"line":50},"1":{"name":"(anonymous_1)","decl":{"start":{"line":82,"column":31},"end":{"line":82,"column":32}},"loc":{"start":{"line":82,"column":49},"end":{"line":91,"column":3}},"line":82},"2":{"name":"(anonymous_2)","decl":{"start":{"line":96,"column":25},"end":{"line":96,"column":26}},"loc":{"start":{"line":96,"column":37},"end":{"line":158,"column":3}},"line":96},"3":{"name":"(anonymous_3)","decl":{"start":{"line":160,"column":12},"end":{"line":160,"column":13}},"loc":{"start":{"line":160,"column":18},"end":{"line":164,"column":3}},"line":160},"4":{"name":"(anonymous_4)","decl":{"start":{"line":167,"column":23},"end":{"line":167,"column":24}},"loc":{"start":{"line":167,"column":29},"end":{"line":196,"column":3}},"line":167},"5":{"name":"(anonymous_5)","decl":{"start":{"line":199,"column":21},"end":{"line":199,"column":22}},"loc":{"start":{"line":199,"column":33},"end":{"line":255,"column":3}},"line":199},"6":{"name":"(anonymous_6)","decl":{"start":{"line":242,"column":21},"end":{"line":242,"column":22}},"loc":{"start":{"line":242,"column":27},"end":{"line":242,"column":48}},"line":242},"7":{"name":"(anonymous_7)","decl":{"start":{"line":258,"column":23},"end":{"line":258,"column":24}},"loc":{"start":{"line":258,"column":29},"end":{"line":284,"column":3}},"line":258},"8":{"name":"(anonymous_8)","decl":{"start":{"line":418,"column":31},"end":{"line":418,"column":32}},"loc":{"start":{"line":419,"column":18},"end":{"line":435,"column":37}},"line":419},"9":{"name":"(anonymous_9)","decl":{"start":{"line":425,"column":29},"end":{"line":425,"column":30}},"loc":{"start":{"line":425,"column":35},"end":{"line":425,"column":57}},"line":425},"10":{"name":"(anonymous_10)","decl":{"start":{"line":462,"column":28},"end":{"line":462,"column":29}},"loc":{"start":{"line":462,"column":38},"end":{"line":462,"column":78}},"line":462},"11":{"name":"(anonymous_11)","decl":{"start":{"line":473,"column":30},"end":{"line":473,"column":31}},"loc":{"start":{"line":474,"column":18},"end":{"line":474,"column":62}},"line":474},"12":{"name":"(anonymous_12)","decl":{"start":{"line":486,"column":30},"end":{"line":486,"column":31}},"loc":{"start":{"line":486,"column":40},"end":{"line":486,"column":78}},"line":486},"13":{"name":"(anonymous_13)","decl":{"start":{"line":497,"column":21},"end":{"line":497,"column":22}},"loc":{"start":{"line":497,"column":27},"end":{"line":497,"column":57}},"line":497}},"branchMap":{"0":{"loc":{"start":{"line":83,"column":4},"end":{"line":83,"column":30}},"type":"if","locations":[{"start":{"line":83,"column":4},"end":{"line":83,"column":30}},{"start":{},"end":{}}],"line":83},"1":{"loc":{"start":{"line":86,"column":4},"end":{"line":88,"column":5}},"type":"if","locations":[{"start":{"line":86,"column":4},"end":{"line":88,"column":5}},{"start":{},"end":{}}],"line":86},"2":{"loc":{"start":{"line":86,"column":8},"end":{"line":86,"column":58}},"type":"binary-expr","locations":[{"start":{"line":86,"column":8},"end":{"line":86,"column":26}},{"start":{"line":86,"column":30},"end":{"line":86,"column":58}}],"line":86},"3":{"loc":{"start":{"line":102,"column":6},"end":{"line":104,"column":7}},"type":"if","locations":[{"start":{"line":102,"column":6},"end":{"line":104,"column":7}},{"start":{},"end":{}}],"line":102},"4":{"loc":{"start":{"line":109,"column":19},"end":{"line":109,"column":42}},"type":"binary-expr","locations":[{"start":{"line":109,"column":19},"end":{"line":109,"column":36}},{"start":{"line":109,"column":40},"end":{"line":109,"column":42}}],"line":109},"5":{"loc":{"start":{"line":110,"column":18},"end":{"line":110,"column":40}},"type":"binary-expr","locations":[{"start":{"line":110,"column":18},"end":{"line":110,"column":34}},{"start":{"line":110,"column":38},"end":{"line":110,"column":40}}],"line":110},"6":{"loc":{"start":{"line":111,"column":15},"end":{"line":111,"column":33}},"type":"binary-expr","locations":[{"start":{"line":111,"column":15},"end":{"line":111,"column":27}},{"start":{"line":111,"column":31},"end":{"line":111,"column":33}}],"line":111},"7":{"loc":{"start":{"line":112,"column":19},"end":{"line":112,"column":42}},"type":"binary-expr","locations":[{"start":{"line":112,"column":19},"end":{"line":112,"column":36}},{"start":{"line":112,"column":40},"end":{"line":112,"column":42}}],"line":112},"8":{"loc":{"start":{"line":113,"column":18},"end":{"line":113,"column":77}},"type":"binary-expr","locations":[{"start":{"line":113,"column":18},"end":{"line":113,"column":66}},{"start":{"line":113,"column":70},"end":{"line":113,"column":77}}],"line":113},"9":{"loc":{"start":{"line":114,"column":23},"end":{"line":114,"column":49}},"type":"binary-expr","locations":[{"start":{"line":114,"column":23},"end":{"line":114,"column":44}},{"start":{"line":114,"column":48},"end":{"line":114,"column":49}}],"line":114},"10":{"loc":{"start":{"line":115,"column":26},"end":{"line":115,"column":56}},"type":"binary-expr","locations":[{"start":{"line":115,"column":26},"end":{"line":115,"column":50}},{"start":{"line":115,"column":54},"end":{"line":115,"column":56}}],"line":115},"11":{"loc":{"start":{"line":118,"column":19},"end":{"line":118,"column":39}},"type":"binary-expr","locations":[{"start":{"line":118,"column":19},"end":{"line":118,"column":33}},{"start":{"line":118,"column":37},"end":{"line":118,"column":39}}],"line":118},"12":{"loc":{"start":{"line":120,"column":16},"end":{"line":120,"column":33}},"type":"binary-expr","locations":[{"start":{"line":120,"column":16},"end":{"line":120,"column":27}},{"start":{"line":120,"column":31},"end":{"line":120,"column":33}}],"line":120},"13":{"loc":{"start":{"line":121,"column":14},"end":{"line":121,"column":29}},"type":"binary-expr","locations":[{"start":{"line":121,"column":14},"end":{"line":121,"column":23}},{"start":{"line":121,"column":27},"end":{"line":121,"column":29}}],"line":121},"14":{"loc":{"start":{"line":122,"column":20},"end":{"line":122,"column":42}},"type":"binary-expr","locations":[{"start":{"line":122,"column":20},"end":{"line":122,"column":36}},{"start":{"line":122,"column":40},"end":{"line":122,"column":42}}],"line":122},"15":{"loc":{"start":{"line":127,"column":8},"end":{"line":131,"column":14}},"type":"cond-expr","locations":[{"start":{"line":128,"column":12},"end":{"line":130,"column":46}},{"start":{"line":131,"column":12},"end":{"line":131,"column":14}}],"line":127},"16":{"loc":{"start":{"line":128,"column":12},"end":{"line":130,"column":46}},"type":"cond-expr","locations":[{"start":{"line":129,"column":14},"end":{"line":129,"column":30}},{"start":{"line":130,"column":14},"end":{"line":130,"column":46}}],"line":128},"17":{"loc":{"start":{"line":134,"column":8},"end":{"line":138,"column":14}},"type":"cond-expr","locations":[{"start":{"line":135,"column":12},"end":{"line":137,"column":52}},{"start":{"line":138,"column":12},"end":{"line":138,"column":14}}],"line":134},"18":{"loc":{"start":{"line":135,"column":12},"end":{"line":137,"column":52}},"type":"cond-expr","locations":[{"start":{"line":136,"column":14},"end":{"line":136,"column":36}},{"start":{"line":137,"column":14},"end":{"line":137,"column":52}}],"line":135},"19":{"loc":{"start":{"line":141,"column":8},"end":{"line":145,"column":14}},"type":"cond-expr","locations":[{"start":{"line":142,"column":12},"end":{"line":144,"column":56}},{"start":{"line":145,"column":12},"end":{"line":145,"column":14}}],"line":141},"20":{"loc":{"start":{"line":142,"column":12},"end":{"line":144,"column":56}},"type":"cond-expr","locations":[{"start":{"line":143,"column":14},"end":{"line":143,"column":40}},{"start":{"line":144,"column":14},"end":{"line":144,"column":56}}],"line":142},"21":{"loc":{"start":{"line":153,"column":8},"end":{"line":153,"column":70}},"type":"binary-expr","locations":[{"start":{"line":153,"column":8},"end":{"line":153,"column":21}},{"start":{"line":153,"column":25},"end":{"line":153,"column":70}}],"line":153},"22":{"loc":{"start":{"line":161,"column":4},"end":{"line":163,"column":5}},"type":"if","locations":[{"start":{"line":161,"column":4},"end":{"line":163,"column":5}},{"start":{},"end":{}}],"line":161},"23":{"loc":{"start":{"line":168,"column":4},"end":{"line":171,"column":5}},"type":"if","locations":[{"start":{"line":168,"column":4},"end":{"line":171,"column":5}},{"start":{},"end":{}}],"line":168},"24":{"loc":{"start":{"line":168,"column":8},"end":{"line":168,"column":45}},"type":"binary-expr","locations":[{"start":{"line":168,"column":8},"end":{"line":168,"column":25}},{"start":{"line":168,"column":29},"end":{"line":168,"column":45}}],"line":168},"25":{"loc":{"start":{"line":173,"column":4},"end":{"line":176,"column":5}},"type":"if","locations":[{"start":{"line":173,"column":4},"end":{"line":176,"column":5}},{"start":{},"end":{}}],"line":173},"26":{"loc":{"start":{"line":180,"column":4},"end":{"line":186,"column":5}},"type":"if","locations":[{"start":{"line":180,"column":4},"end":{"line":186,"column":5}},{"start":{},"end":{}}],"line":180},"27":{"loc":{"start":{"line":183,"column":8},"end":{"line":183,"column":51}},"type":"binary-expr","locations":[{"start":{"line":183,"column":8},"end":{"line":183,"column":29}},{"start":{"line":183,"column":33},"end":{"line":183,"column":51}}],"line":183},"28":{"loc":{"start":{"line":190,"column":4},"end":{"line":193,"column":5}},"type":"if","locations":[{"start":{"line":190,"column":4},"end":{"line":193,"column":5}},{"start":{},"end":{}}],"line":190},"29":{"loc":{"start":{"line":200,"column":4},"end":{"line":202,"column":5}},"type":"if","locations":[{"start":{"line":200,"column":4},"end":{"line":202,"column":5}},{"start":{},"end":{}}],"line":200},"30":{"loc":{"start":{"line":200,"column":8},"end":{"line":200,"column":54}},"type":"binary-expr","locations":[{"start":{"line":200,"column":8},"end":{"line":200,"column":23}},{"start":{"line":200,"column":27},"end":{"line":200,"column":39}},{"start":{"line":200,"column":43},"end":{"line":200,"column":54}}],"line":200},"31":{"loc":{"start":{"line":208,"column":8},"end":{"line":210,"column":20}},"type":"cond-expr","locations":[{"start":{"line":209,"column":12},"end":{"line":209,"column":28}},{"start":{"line":210,"column":12},"end":{"line":210,"column":20}}],"line":208},"32":{"loc":{"start":{"line":208,"column":8},"end":{"line":208,"column":66}},"type":"binary-expr","locations":[{"start":{"line":208,"column":8},"end":{"line":208,"column":30}},{"start":{"line":208,"column":34},"end":{"line":208,"column":66}}],"line":208},"33":{"loc":{"start":{"line":217,"column":20},"end":{"line":217,"column":37}},"type":"binary-expr","locations":[{"start":{"line":217,"column":20},"end":{"line":217,"column":29}},{"start":{"line":217,"column":33},"end":{"line":217,"column":37}}],"line":217},"34":{"loc":{"start":{"line":221,"column":10},"end":{"line":221,"column":64}},"type":"binary-expr","locations":[{"start":{"line":221,"column":10},"end":{"line":221,"column":26}},{"start":{"line":221,"column":30},"end":{"line":221,"column":64}}],"line":221},"35":{"loc":{"start":{"line":227,"column":19},"end":{"line":227,"column":58}},"type":"cond-expr","locations":[{"start":{"line":227,"column":31},"end":{"line":227,"column":51}},{"start":{"line":227,"column":54},"end":{"line":227,"column":58}}],"line":227},"36":{"loc":{"start":{"line":228,"column":25},"end":{"line":228,"column":70}},"type":"cond-expr","locations":[{"start":{"line":228,"column":40},"end":{"line":228,"column":63}},{"start":{"line":228,"column":66},"end":{"line":228,"column":70}}],"line":228},"37":{"loc":{"start":{"line":229,"column":29},"end":{"line":231,"column":16}},"type":"cond-expr","locations":[{"start":{"line":230,"column":12},"end":{"line":230,"column":39}},{"start":{"line":231,"column":12},"end":{"line":231,"column":16}}],"line":229},"38":{"loc":{"start":{"line":250,"column":8},"end":{"line":250,"column":70}},"type":"binary-expr","locations":[{"start":{"line":250,"column":8},"end":{"line":250,"column":21}},{"start":{"line":250,"column":25},"end":{"line":250,"column":70}}],"line":250},"39":{"loc":{"start":{"line":261,"column":6},"end":{"line":266,"column":59}},"type":"binary-expr","locations":[{"start":{"line":261,"column":6},"end":{"line":261,"column":16}},{"start":{"line":262,"column":7},"end":{"line":262,"column":50}},{"start":{"line":263,"column":8},"end":{"line":263,"column":49}},{"start":{"line":264,"column":8},"end":{"line":264,"column":42}},{"start":{"line":265,"column":8},"end":{"line":265,"column":64}},{"start":{"line":266,"column":8},"end":{"line":266,"column":58}}],"line":261},"40":{"loc":{"start":{"line":262,"column":22},"end":{"line":262,"column":49}},"type":"binary-expr","locations":[{"start":{"line":262,"column":22},"end":{"line":262,"column":43}},{"start":{"line":262,"column":47},"end":{"line":262,"column":49}}],"line":262},"41":{"loc":{"start":{"line":263,"column":22},"end":{"line":263,"column":48}},"type":"binary-expr","locations":[{"start":{"line":263,"column":22},"end":{"line":263,"column":42}},{"start":{"line":263,"column":46},"end":{"line":263,"column":48}}],"line":263},"42":{"loc":{"start":{"line":264,"column":19},"end":{"line":264,"column":41}},"type":"binary-expr","locations":[{"start":{"line":264,"column":19},"end":{"line":264,"column":35}},{"start":{"line":264,"column":39},"end":{"line":264,"column":41}}],"line":264},"43":{"loc":{"start":{"line":265,"column":22},"end":{"line":265,"column":63}},"type":"binary-expr","locations":[{"start":{"line":265,"column":22},"end":{"line":265,"column":52}},{"start":{"line":265,"column":56},"end":{"line":265,"column":63}}],"line":265},"44":{"loc":{"start":{"line":266,"column":27},"end":{"line":266,"column":57}},"type":"binary-expr","locations":[{"start":{"line":266,"column":27},"end":{"line":266,"column":52}},{"start":{"line":266,"column":56},"end":{"line":266,"column":57}}],"line":266},"45":{"loc":{"start":{"line":268,"column":4},"end":{"line":283,"column":5}},"type":"if","locations":[{"start":{"line":268,"column":4},"end":{"line":283,"column":5}},{"start":{"line":281,"column":11},"end":{"line":283,"column":5}}],"line":268},"46":{"loc":{"start":{"line":287,"column":2},"end":{"line":294,"column":3}},"type":"if","locations":[{"start":{"line":287,"column":2},"end":{"line":294,"column":3}},{"start":{},"end":{}}],"line":287},"47":{"loc":{"start":{"line":297,"column":2},"end":{"line":310,"column":3}},"type":"if","locations":[{"start":{"line":297,"column":2},"end":{"line":310,"column":3}},{"start":{},"end":{}}],"line":297},"48":{"loc":{"start":{"line":328,"column":37},"end":{"line":328,"column":72}},"type":"binary-expr","locations":[{"start":{"line":328,"column":37},"end":{"line":328,"column":43}},{"start":{"line":328,"column":47},"end":{"line":328,"column":72}}],"line":328},"49":{"loc":{"start":{"line":332,"column":11},"end":{"line":336,"column":11}},"type":"cond-expr","locations":[{"start":{"line":333,"column":12},"end":{"line":333,"column":60}},{"start":{"line":335,"column":12},"end":{"line":335,"column":64}}],"line":332},"50":{"loc":{"start":{"line":423,"column":22},"end":{"line":423,"column":76}},"type":"binary-expr","locations":[{"start":{"line":423,"column":22},"end":{"line":423,"column":44}},{"start":{"line":423,"column":48},"end":{"line":423,"column":76}}],"line":423},"51":{"loc":{"start":{"line":430,"column":24},"end":{"line":430,"column":76}},"type":"binary-expr","locations":[{"start":{"line":430,"column":24},"end":{"line":430,"column":46}},{"start":{"line":430,"column":50},"end":{"line":430,"column":76}}],"line":430},"52":{"loc":{"start":{"line":500,"column":35},"end":{"line":500,"column":59}},"type":"cond-expr","locations":[{"start":{"line":500,"column":50},"end":{"line":500,"column":53}},{"start":{"line":500,"column":56},"end":{"line":500,"column":59}}],"line":500},"53":{"loc":{"start":{"line":504,"column":11},"end":{"line":552,"column":11}},"type":"binary-expr","locations":[{"start":{"line":504,"column":11},"end":{"line":504,"column":23}},{"start":{"line":505,"column":12},"end":{"line":551,"column":15}}],"line":504}},"s":{"0":0,"1":0,"2":0,"3":0,"4":0,"5":0,"6":0,"7":0,"8":0,"9":0,"10":0,"11":0,"12":0,"13":0,"14":0,"15":0,"16":0,"17":0,"18":0,"19":0,"20":0,"21":0,"22":0,"23":0,"24":0,"25":0,"26":0,"27":0,"28":0,"29":0,"30":0,"31":0,"32":0,"33":0,"34":0,"35":0,"36":0,"37":0,"38":0,"39":0,"40":0,"41":0,"42":0,"43":0,"44":0,"45":0,"46":0,"47":0,"48":0,"49":0,"50":0,"51":0,"52":0,"53":0,"54":0,"55":0,"56":0,"57":0,"58":0,"59":0,"60":0,"61":0,"62":0,"63":0,"64":0,"65":0,"66":0,"67":0,"68":0,"69":0,"70":0,"71":0,"72":0,"73":0,"74":0,"75":0,"76":0,"77":0,"78":0,"79":0,"80":0,"81":0,"82":0,"83":0,"84":0,"85":0,"86":0,"87":0,"88":0,"89":0,"90":0,"91":0,"92":0,"93":0,"94":0,"95":0},"f":{"0":0,"1":0,"2":0,"3":0,"4":0,"5":0,"6":0,"7":0,"8":0,"9":0,"10":0,"11":0,"12":0,"13":0},"b":{"0":[0,0],"1":[0,0],"2":[0,0],"3":[0,0],"4":[0,0],"5":[0,0],"6":[0,0],"7":[0,0],"8":[0,0],"9":[0,0],"10":[0,0],"11":[0,0],"12":[0,0],"13":[0,0],"14":[0,0],"15":[0,0],"16":[0,0],"17":[0,0],"18":[0,0],"19":[0,0],"20":[0,0],"21":[0,0],"22":[0,0],"23":[0,0],"24":[0,0],"25":[0,0],"26":[0,0],"27":[0,0],"28":[0,0],"29":[0,0],"30":[0,0,0],"31":[0,0],"32":[0,0],"33":[0,0],"34":[0,0],"35":[0,0],"36":[0,0],"37":[0,0],"38":[0,0],"39":[0,0,0,0,0,0],"40":[0,0],"41":[0,0],"42":[0,0],"43":[0,0],"44":[0,0],"45":[0,0],"46":[0,0],"47":[0,0],"48":[0,0],"49":[0,0],"50":[0,0],"51":[0,0],"52":[0,0],"53":[0,0]}}
,"/workspace/components/ExternalLink.tsx": {"path":"/workspace/components/ExternalLink.tsx","statementMap":{"0":{"start":{"line":9,"column":2},"end":{"line":23,"column":4}},"1":{"start":{"line":15,"column":8},"end":{"line":20,"column":9}},"2":{"start":{"line":17,"column":10},"end":{"line":17,"column":33}},"3":{"start":{"line":19,"column":10},"end":{"line":19,"column":39}}},"fnMap":{"0":{"name":"ExternalLink","decl":{"start":{"line":8,"column":16},"end":{"line":8,"column":28}},"loc":{"start":{"line":8,"column":55},"end":{"line":24,"column":1}},"line":8},"1":{"name":"(anonymous_1)","decl":{"start":{"line":14,"column":15},"end":{"line":14,"column":16}},"loc":{"start":{"line":14,"column":32},"end":{"line":21,"column":7}},"line":14}},"branchMap":{"0":{"loc":{"start":{"line":15,"column":8},"end":{"line":20,"column":9}},"type":"if","locations":[{"start":{"line":15,"column":8},"end":{"line":20,"column":9}},{"start":{},"end":{}}],"line":15}},"s":{"0":3,"1":2,"2":1,"3":1},"f":{"0":3,"1":2},"b":{"0":[1,1]},"_coverageSchema":"1a1c01bbd47fc00a2c39e90264f33305004495a9","hash":"d8a3b3f9b12b65d347140fbe8c449929d50842ef"}
,"/workspace/components/FamilySharingScreen.tsx": {"path":"/workspace/components/FamilySharingScreen.tsx","statementMap":{"0":{"start":{"line":51,"column":32},"end":{"line":51,"column":60}},"1":{"start":{"line":52,"column":32},"end":{"line":52,"column":46}},"2":{"start":{"line":53,"column":46},"end":{"line":53,"column":61}},"3":{"start":{"line":56,"column":40},"end":{"line":56,"column":52}},"4":{"start":{"line":57,"column":54},"end":{"line":57,"column":72}},"5":{"start":{"line":58,"column":52},"end":{"line":60,"column":15}},"6":{"start":{"line":61,"column":56},"end":{"line":66,"column":4}},"7":{"start":{"line":67,"column":32},"end":{"line":67,"column":47}},"8":{"start":{"line":70,"column":28},"end":{"line":81,"column":3}},"9":{"start":{"line":71,"column":4},"end":{"line":80,"column":5}},"10":{"start":{"line":72,"column":6},"end":{"line":72,"column":23}},"11":{"start":{"line":73,"column":28},"end":{"line":73,"column":61}},"12":{"start":{"line":74,"column":6},"end":{"line":74,"column":32}},"13":{"start":{"line":76,"column":6},"end":{"line":76,"column":63}},"14":{"start":{"line":77,"column":6},"end":{"line":77,"column":79}},"15":{"start":{"line":79,"column":6},"end":{"line":79,"column":24}},"16":{"start":{"line":83,"column":2},"end":{"line":85,"column":18}},"17":{"start":{"line":84,"column":4},"end":{"line":84,"column":24}},"18":{"start":{"line":88,"column":27},"end":{"line":133,"column":3}},"19":{"start":{"line":89,"column":4},"end":{"line":92,"column":5}},"20":{"start":{"line":90,"column":6},"end":{"line":90,"column":65}},"21":{"start":{"line":91,"column":6},"end":{"line":91,"column":13}},"22":{"start":{"line":95,"column":23},"end":{"line":95,"column":51}},"23":{"start":{"line":96,"column":4},"end":{"line":99,"column":5}},"24":{"start":{"line":97,"column":6},"end":{"line":97,"column":72}},"25":{"start":{"line":98,"column":6},"end":{"line":98,"column":13}},"26":{"start":{"line":101,"column":4},"end":{"line":101,"column":21}},"27":{"start":{"line":102,"column":4},"end":{"line":132,"column":5}},"28":{"start":{"line":103,"column":6},"end":{"line":109,"column":9}},"29":{"start":{"line":111,"column":6},"end":{"line":124,"column":8}},"30":{"start":{"line":118,"column":14},"end":{"line":118,"column":39}},"31":{"start":{"line":119,"column":14},"end":{"line":119,"column":33}},"32":{"start":{"line":120,"column":14},"end":{"line":120,"column":34}},"33":{"start":{"line":126,"column":6},"end":{"line":129,"column":8}},"34":{"start":{"line":131,"column":6},"end":{"line":131,"column":24}},"35":{"start":{"line":136,"column":29},"end":{"line":161,"column":3}},"36":{"start":{"line":140,"column":4},"end":{"line":160,"column":6}},"37":{"start":{"line":150,"column":12},"end":{"line":156,"column":13}},"38":{"start":{"line":151,"column":14},"end":{"line":151,"column":71}},"39":{"start":{"line":152,"column":14},"end":{"line":152,"column":40}},"40":{"start":{"line":153,"column":14},"end":{"line":153,"column":68}},"41":{"start":{"line":155,"column":14},"end":{"line":155,"column":51}},"42":{"start":{"line":164,"column":29},"end":{"line":193,"column":3}},"43":{"start":{"line":165,"column":4},"end":{"line":171,"column":5}},"44":{"start":{"line":166,"column":6},"end":{"line":169,"column":8}},"45":{"start":{"line":170,"column":6},"end":{"line":170,"column":13}},"46":{"start":{"line":173,"column":4},"end":{"line":192,"column":6}},"47":{"start":{"line":182,"column":12},"end":{"line":188,"column":13}},"48":{"start":{"line":183,"column":14},"end":{"line":183,"column":50}},"49":{"start":{"line":184,"column":14},"end":{"line":184,"column":40}},"50":{"start":{"line":185,"column":14},"end":{"line":185,"column":69}},"51":{"start":{"line":187,"column":14},"end":{"line":187,"column":51}},"52":{"start":{"line":196,"column":30},"end":{"line":207,"column":3}},"53":{"start":{"line":197,"column":4},"end":{"line":206,"column":5}},"54":{"start":{"line":199,"column":8},"end":{"line":199,"column":46}},"55":{"start":{"line":201,"column":8},"end":{"line":201,"column":48}},"56":{"start":{"line":203,"column":8},"end":{"line":203,"column":32}},"57":{"start":{"line":205,"column":8},"end":{"line":205,"column":21}},"58":{"start":{"line":209,"column":30},"end":{"line":220,"column":3}},"59":{"start":{"line":210,"column":4},"end":{"line":219,"column":5}},"60":{"start":{"line":212,"column":8},"end":{"line":212,"column":25}},"61":{"start":{"line":214,"column":8},"end":{"line":214,"column":25}},"62":{"start":{"line":216,"column":8},"end":{"line":216,"column":25}},"63":{"start":{"line":218,"column":8},"end":{"line":218,"column":25}},"64":{"start":{"line":223,"column":29},"end":{"line":291,"column":3}},"65":{"start":{"line":224,"column":4},"end":{"line":290,"column":11}},"66":{"start":{"line":254,"column":12},"end":{"line":277,"column":31}},"67":{"start":{"line":262,"column":16},"end":{"line":264,"column":17}},"68":{"start":{"line":263,"column":18},"end":{"line":263,"column":53}},"69":{"start":{"line":284,"column":27},"end":{"line":284,"column":51}},"70":{"start":{"line":294,"column":27},"end":{"line":441,"column":3}},"71":{"start":{"line":295,"column":4},"end":{"line":440,"column":17}},"72":{"start":{"line":316,"column":14},"end":{"line":334,"column":33}},"73":{"start":{"line":323,"column":31},"end":{"line":323,"column":62}},"74":{"start":{"line":354,"column":12},"end":{"line":372,"column":31}},"75":{"start":{"line":360,"column":29},"end":{"line":360,"column":61}},"76":{"start":{"line":385,"column":14},"end":{"line":388,"column":16}},"77":{"start":{"line":398,"column":14},"end":{"line":401,"column":16}},"78":{"start":{"line":411,"column":14},"end":{"line":414,"column":16}},"79":{"start":{"line":423,"column":25},"end":{"line":423,"column":49}},"80":{"start":{"line":443,"column":2},"end":{"line":498,"column":4}},"81":{"start":{"line":461,"column":27},"end":{"line":461,"column":50}},"82":{"start":{"line":480,"column":34},"end":{"line":480,"column":41}},"83":{"start":{"line":484,"column":12},"end":{"line":493,"column":19}},"84":{"start":{"line":501,"column":15},"end":{"line":783,"column":2}}},"fnMap":{"0":{"name":"FamilySharingScreen","decl":{"start":{"line":47,"column":24},"end":{"line":47,"column":43}},"loc":{"start":{"line":50,"column":23},"end":{"line":499,"column":1}},"line":50},"1":{"name":"(anonymous_1)","decl":{"start":{"line":70,"column":28},"end":{"line":70,"column":29}},"loc":{"start":{"line":70,"column":40},"end":{"line":81,"column":3}},"line":70},"2":{"name":"(anonymous_2)","decl":{"start":{"line":83,"column":12},"end":{"line":83,"column":13}},"loc":{"start":{"line":83,"column":18},"end":{"line":85,"column":3}},"line":83},"3":{"name":"(anonymous_3)","decl":{"start":{"line":88,"column":27},"end":{"line":88,"column":28}},"loc":{"start":{"line":88,"column":39},"end":{"line":133,"column":3}},"line":88},"4":{"name":"(anonymous_4)","decl":{"start":{"line":117,"column":21},"end":{"line":117,"column":22}},"loc":{"start":{"line":117,"column":27},"end":{"line":121,"column":13}},"line":117},"5":{"name":"(anonymous_5)","decl":{"start":{"line":136,"column":29},"end":{"line":136,"column":30}},"loc":{"start":{"line":139,"column":7},"end":{"line":161,"column":3}},"line":139},"6":{"name":"(anonymous_6)","decl":{"start":{"line":149,"column":19},"end":{"line":149,"column":20}},"loc":{"start":{"line":149,"column":31},"end":{"line":157,"column":11}},"line":149},"7":{"name":"(anonymous_7)","decl":{"start":{"line":164,"column":29},"end":{"line":164,"column":30}},"loc":{"start":{"line":164,"column":55},"end":{"line":193,"column":3}},"line":164},"8":{"name":"(anonymous_8)","decl":{"start":{"line":181,"column":19},"end":{"line":181,"column":20}},"loc":{"start":{"line":181,"column":31},"end":{"line":189,"column":11}},"line":181},"9":{"name":"(anonymous_9)","decl":{"start":{"line":196,"column":30},"end":{"line":196,"column":31}},"loc":{"start":{"line":196,"column":49},"end":{"line":207,"column":3}},"line":196},"10":{"name":"(anonymous_10)","decl":{"start":{"line":209,"column":30},"end":{"line":209,"column":31}},"loc":{"start":{"line":209,"column":49},"end":{"line":220,"column":3}},"line":209},"11":{"name":"(anonymous_11)","decl":{"start":{"line":223,"column":29},"end":{"line":223,"column":30}},"loc":{"start":{"line":224,"column":4},"end":{"line":290,"column":11}},"line":224},"12":{"name":"(anonymous_12)","decl":{"start":{"line":253,"column":58},"end":{"line":253,"column":59}},"loc":{"start":{"line":254,"column":12},"end":{"line":277,"column":31}},"line":254},"13":{"name":"(anonymous_13)","decl":{"start":{"line":261,"column":23},"end":{"line":261,"column":24}},"loc":{"start":{"line":261,"column":29},"end":{"line":265,"column":15}},"line":261},"14":{"name":"(anonymous_14)","decl":{"start":{"line":284,"column":21},"end":{"line":284,"column":22}},"loc":{"start":{"line":284,"column":27},"end":{"line":284,"column":51}},"line":284},"15":{"name":"(anonymous_15)","decl":{"start":{"line":294,"column":27},"end":{"line":294,"column":28}},"loc":{"start":{"line":295,"column":4},"end":{"line":440,"column":17}},"line":295},"16":{"name":"(anonymous_16)","decl":{"start":{"line":315,"column":12},"end":{"line":315,"column":13}},"loc":{"start":{"line":316,"column":14},"end":{"line":334,"column":33}},"line":316},"17":{"name":"(anonymous_17)","decl":{"start":{"line":323,"column":25},"end":{"line":323,"column":26}},"loc":{"start":{"line":323,"column":31},"end":{"line":323,"column":62}},"line":323},"18":{"name":"(anonymous_18)","decl":{"start":{"line":353,"column":16},"end":{"line":353,"column":17}},"loc":{"start":{"line":354,"column":12},"end":{"line":372,"column":31}},"line":354},"19":{"name":"(anonymous_19)","decl":{"start":{"line":360,"column":23},"end":{"line":360,"column":24}},"loc":{"start":{"line":360,"column":29},"end":{"line":360,"column":61}},"line":360},"20":{"name":"(anonymous_20)","decl":{"start":{"line":384,"column":27},"end":{"line":384,"column":28}},"loc":{"start":{"line":385,"column":14},"end":{"line":388,"column":16}},"line":385},"21":{"name":"(anonymous_21)","decl":{"start":{"line":397,"column":27},"end":{"line":397,"column":28}},"loc":{"start":{"line":398,"column":14},"end":{"line":401,"column":16}},"line":398},"22":{"name":"(anonymous_22)","decl":{"start":{"line":410,"column":27},"end":{"line":410,"column":28}},"loc":{"start":{"line":411,"column":14},"end":{"line":414,"column":16}},"line":411},"23":{"name":"(anonymous_23)","decl":{"start":{"line":423,"column":19},"end":{"line":423,"column":20}},"loc":{"start":{"line":423,"column":25},"end":{"line":423,"column":49}},"line":423},"24":{"name":"(anonymous_24)","decl":{"start":{"line":461,"column":21},"end":{"line":461,"column":22}},"loc":{"start":{"line":461,"column":27},"end":{"line":461,"column":50}},"line":461},"25":{"name":"(anonymous_25)","decl":{"start":{"line":480,"column":24},"end":{"line":480,"column":25}},"loc":{"start":{"line":480,"column":34},"end":{"line":480,"column":41}},"line":480},"26":{"name":"(anonymous_26)","decl":{"start":{"line":483,"column":31},"end":{"line":483,"column":32}},"loc":{"start":{"line":484,"column":12},"end":{"line":493,"column":19}},"line":484}},"branchMap":{"0":{"loc":{"start":{"line":89,"column":4},"end":{"line":92,"column":5}},"type":"if","locations":[{"start":{"line":89,"column":4},"end":{"line":92,"column":5}},{"start":{},"end":{}}],"line":89},"1":{"loc":{"start":{"line":96,"column":4},"end":{"line":99,"column":5}},"type":"if","locations":[{"start":{"line":96,"column":4},"end":{"line":99,"column":5}},{"start":{},"end":{}}],"line":96},"2":{"loc":{"start":{"line":128,"column":8},"end":{"line":128,"column":60}},"type":"binary-expr","locations":[{"start":{"line":128,"column":8},"end":{"line":128,"column":21}},{"start":{"line":128,"column":25},"end":{"line":128,"column":60}}],"line":128},"3":{"loc":{"start":{"line":165,"column":4},"end":{"line":171,"column":5}},"type":"if","locations":[{"start":{"line":165,"column":4},"end":{"line":171,"column":5}},{"start":{},"end":{}}],"line":165},"4":{"loc":{"start":{"line":197,"column":4},"end":{"line":206,"column":5}},"type":"switch","locations":[{"start":{"line":198,"column":6},"end":{"line":199,"column":46}},{"start":{"line":200,"column":6},"end":{"line":201,"column":48}},{"start":{"line":202,"column":6},"end":{"line":203,"column":32}},{"start":{"line":204,"column":6},"end":{"line":205,"column":21}}],"line":197},"5":{"loc":{"start":{"line":210,"column":4},"end":{"line":219,"column":5}},"type":"switch","locations":[{"start":{"line":211,"column":6},"end":{"line":212,"column":25}},{"start":{"line":213,"column":6},"end":{"line":214,"column":25}},{"start":{"line":215,"column":6},"end":{"line":216,"column":25}},{"start":{"line":217,"column":6},"end":{"line":218,"column":25}}],"line":210},"6":{"loc":{"start":{"line":229,"column":13},"end":{"line":229,"column":45}},"type":"binary-expr","locations":[{"start":{"line":229,"column":13},"end":{"line":229,"column":36}},{"start":{"line":229,"column":40},"end":{"line":229,"column":45}}],"line":229},"7":{"loc":{"start":{"line":258,"column":16},"end":{"line":258,"column":72}},"type":"binary-expr","locations":[{"start":{"line":258,"column":16},"end":{"line":258,"column":43}},{"start":{"line":258,"column":47},"end":{"line":258,"column":72}}],"line":258},"8":{"loc":{"start":{"line":262,"column":16},"end":{"line":264,"column":17}},"type":"if","locations":[{"start":{"line":262,"column":16},"end":{"line":264,"column":17}},{"start":{},"end":{}}],"line":262},"9":{"loc":{"start":{"line":270,"column":18},"end":{"line":272,"column":19}},"type":"binary-expr","locations":[{"start":{"line":270,"column":18},"end":{"line":270,"column":45}},{"start":{"line":270,"column":49},"end":{"line":272,"column":19}}],"line":270},"10":{"loc":{"start":{"line":281,"column":9},"end":{"line":288,"column":9}},"type":"binary-expr","locations":[{"start":{"line":281,"column":9},"end":{"line":281,"column":33}},{"start":{"line":282,"column":10},"end":{"line":287,"column":29}}],"line":281},"11":{"loc":{"start":{"line":320,"column":18},"end":{"line":321,"column":47}},"type":"binary-expr","locations":[{"start":{"line":320,"column":18},"end":{"line":320,"column":49}},{"start":{"line":321,"column":20},"end":{"line":321,"column":47}}],"line":320},"12":{"loc":{"start":{"line":328,"column":20},"end":{"line":329,"column":53}},"type":"binary-expr","locations":[{"start":{"line":328,"column":20},"end":{"line":328,"column":51}},{"start":{"line":329,"column":22},"end":{"line":329,"column":53}}],"line":328},"13":{"loc":{"start":{"line":358,"column":16},"end":{"line":358,"column":77}},"type":"binary-expr","locations":[{"start":{"line":358,"column":16},"end":{"line":358,"column":48}},{"start":{"line":358,"column":52},"end":{"line":358,"column":77}}],"line":358},"14":{"loc":{"start":{"line":365,"column":18},"end":{"line":366,"column":50}},"type":"binary-expr","locations":[{"start":{"line":365,"column":18},"end":{"line":365,"column":50}},{"start":{"line":366,"column":20},"end":{"line":366,"column":50}}],"line":365},"15":{"loc":{"start":{"line":433,"column":11},"end":{"line":437,"column":11}},"type":"cond-expr","locations":[{"start":{"line":434,"column":12},"end":{"line":434,"column":47}},{"start":{"line":436,"column":12},"end":{"line":436,"column":78}}],"line":433},"16":{"loc":{"start":{"line":458,"column":9},"end":{"line":465,"column":9}},"type":"binary-expr","locations":[{"start":{"line":458,"column":9},"end":{"line":458,"column":24}},{"start":{"line":459,"column":10},"end":{"line":464,"column":29}}],"line":458},"17":{"loc":{"start":{"line":469,"column":7},"end":{"line":496,"column":7}},"type":"cond-expr","locations":[{"start":{"line":470,"column":8},"end":{"line":470,"column":26}},{"start":{"line":471,"column":10},"end":{"line":496,"column":7}}],"line":469},"18":{"loc":{"start":{"line":471,"column":10},"end":{"line":496,"column":7}},"type":"cond-expr","locations":[{"start":{"line":472,"column":8},"end":{"line":475,"column":15}},{"start":{"line":477,"column":8},"end":{"line":495,"column":10}}],"line":471},"19":{"loc":{"start":{"line":486,"column":52},"end":{"line":486,"column":81}},"type":"cond-expr","locations":[{"start":{"line":486,"column":73},"end":{"line":486,"column":76}},{"start":{"line":486,"column":79},"end":{"line":486,"column":81}}],"line":486}},"s":{"0":0,"1":0,"2":0,"3":0,"4":0,"5":0,"6":0,"7":0,"8":0,"9":0,"10":0,"11":0,"12":0,"13":0,"14":0,"15":0,"16":0,"17":0,"18":0,"19":0,"20":0,"21":0,"22":0,"23":0,"24":0,"25":0,"26":0,"27":0,"28":0,"29":0,"30":0,"31":0,"32":0,"33":0,"34":0,"35":0,"36":0,"37":0,"38":0,"39":0,"40":0,"41":0,"42":0,"43":0,"44":0,"45":0,"46":0,"47":0,"48":0,"49":0,"50":0,"51":0,"52":0,"53":0,"54":0,"55":0,"56":0,"57":0,"58":0,"59":0,"60":0,"61":0,"62":0,"63":0,"64":0,"65":0,"66":0,"67":0,"68":0,"69":0,"70":0,"71":0,"72":0,"73":0,"74":0,"75":0,"76":0,"77":0,"78":0,"79":0,"80":0,"81":0,"82":0,"83":0,"84":0},"f":{"0":0,"1":0,"2":0,"3":0,"4":0,"5":0,"6":0,"7":0,"8":0,"9":0,"10":0,"11":0,"12":0,"13":0,"14":0,"15":0,"16":0,"17":0,"18":0,"19":0,"20":0,"21":0,"22":0,"23":0,"24":0,"25":0,"26":0},"b":{"0":[0,0],"1":[0,0],"2":[0,0],"3":[0,0],"4":[0,0,0,0],"5":[0,0,0,0],"6":[0,0],"7":[0,0],"8":[0,0],"9":[0,0],"10":[0,0],"11":[0,0],"12":[0,0],"13":[0,0],"14":[0,0],"15":[0,0],"16":[0,0],"17":[0,0],"18":[0,0],"19":[0,0]}}
,"/workspace/components/HapticTab.tsx": {"path":"/workspace/components/HapticTab.tsx","statementMap":{"0":{"start":{"line":6,"column":2},"end":{"line":17,"column":4}},"1":{"start":{"line":10,"column":8},"end":{"line":13,"column":9}},"2":{"start":{"line":12,"column":10},"end":{"line":12,"column":65}},"3":{"start":{"line":14,"column":8},"end":{"line":14,"column":30}}},"fnMap":{"0":{"name":"HapticTab","decl":{"start":{"line":5,"column":16},"end":{"line":5,"column":25}},"loc":{"start":{"line":5,"column":58},"end":{"line":18,"column":1}},"line":5},"1":{"name":"(anonymous_1)","decl":{"start":{"line":9,"column":17},"end":{"line":9,"column":18}},"loc":{"start":{"line":9,"column":25},"end":{"line":15,"column":7}},"line":9}},"branchMap":{"0":{"loc":{"start":{"line":10,"column":8},"end":{"line":13,"column":9}},"type":"if","locations":[{"start":{"line":10,"column":8},"end":{"line":13,"column":9}},{"start":{},"end":{}}],"line":10}},"s":{"0":3,"1":2,"2":2,"3":2},"f":{"0":3,"1":2},"b":{"0":[2,0]},"_coverageSchema":"1a1c01bbd47fc00a2c39e90264f33305004495a9","hash":"d20c8c9c4230ceae4ed20ba04ce08b3a963771ae"}
,"/workspace/components/HelloWave.tsx": {"path":"/workspace/components/HelloWave.tsx","statementMap":{"0":{"start":{"line":14,"column":28},"end":{"line":14,"column":45}},"1":{"start":{"line":16,"column":2},"end":{"line":21,"column":26}},"2":{"start":{"line":17,"column":4},"end":{"line":20,"column":6}},"3":{"start":{"line":23,"column":24},"end":{"line":25,"column":5}},"4":{"start":{"line":23,"column":48},"end":{"line":25,"column":3}},"5":{"start":{"line":27,"column":2},"end":{"line":31,"column":4}},"6":{"start":{"line":34,"column":15},"end":{"line":40,"column":2}}},"fnMap":{"0":{"name":"HelloWave","decl":{"start":{"line":13,"column":16},"end":{"line":13,"column":25}},"loc":{"start":{"line":13,"column":28},"end":{"line":32,"column":1}},"line":13},"1":{"name":"(anonymous_1)","decl":{"start":{"line":16,"column":12},"end":{"line":16,"column":13}},"loc":{"start":{"line":16,"column":18},"end":{"line":21,"column":3}},"line":16},"2":{"name":"(anonymous_2)","decl":{"start":{"line":23,"column":41},"end":{"line":23,"column":42}},"loc":{"start":{"line":23,"column":48},"end":{"line":25,"column":3}},"line":23}},"branchMap":{},"s":{"0":0,"1":0,"2":0,"3":0,"4":0,"5":0,"6":0},"f":{"0":0,"1":0,"2":0},"b":{}}
,"/workspace/components/LoadingSpinner.tsx": {"path":"/workspace/components/LoadingSpinner.tsx","statementMap":{"0":{"start":{"line":17,"column":23},"end":{"line":17,"column":48}},"1":{"start":{"line":18,"column":23},"end":{"line":18,"column":44}},"2":{"start":{"line":20,"column":2},"end":{"line":25,"column":4}},"3":{"start":{"line":28,"column":15},"end":{"line":40,"column":2}}},"fnMap":{"0":{"name":"LoadingSpinner","decl":{"start":{"line":12,"column":16},"end":{"line":12,"column":30}},"loc":{"start":{"line":16,"column":24},"end":{"line":26,"column":1}},"line":16}},"branchMap":{"0":{"loc":{"start":{"line":13,"column":2},"end":{"line":13,"column":16}},"type":"default-arg","locations":[{"start":{"line":13,"column":9},"end":{"line":13,"column":16}}],"line":13},"1":{"loc":{"start":{"line":18,"column":23},"end":{"line":18,"column":44}},"type":"binary-expr","locations":[{"start":{"line":18,"column":23},"end":{"line":18,"column":28}},{"start":{"line":18,"column":32},"end":{"line":18,"column":44}}],"line":18},"2":{"loc":{"start":{"line":23,"column":7},"end":{"line":23,"column":73}},"type":"binary-expr","locations":[{"start":{"line":23,"column":7},"end":{"line":23,"column":11}},{"start":{"line":23,"column":15},"end":{"line":23,"column":73}}],"line":23}},"s":{"0":9,"1":9,"2":9,"3":1},"f":{"0":9},"b":{"0":[8],"1":[9,8],"2":[9,2]},"_coverageSchema":"1a1c01bbd47fc00a2c39e90264f33305004495a9","hash":"c617a8ccd7faa41072e27e386f3e6d5044cc10b0"}
,"/workspace/components/ParallaxScrollView.tsx": {"path":"/workspace/components/ParallaxScrollView.tsx","statementMap":{"0":{"start":{"line":14,"column":22},"end":{"line":14,"column":25}},"1":{"start":{"line":26,"column":22},"end":{"line":26,"column":49}},"2":{"start":{"line":27,"column":20},"end":{"line":27,"column":57}},"3":{"start":{"line":28,"column":23},"end":{"line":28,"column":53}},"4":{"start":{"line":29,"column":17},"end":{"line":29,"column":39}},"5":{"start":{"line":30,"column":30},"end":{"line":45,"column":4}},"6":{"start":{"line":31,"column":4},"end":{"line":44,"column":6}},"7":{"start":{"line":47,"column":2},"end":{"line":65,"column":4}},"8":{"start":{"line":68,"column":15},"end":{"line":82,"column":2}}},"fnMap":{"0":{"name":"ParallaxScrollView","decl":{"start":{"line":21,"column":24},"end":{"line":21,"column":42}},"loc":{"start":{"line":25,"column":10},"end":{"line":66,"column":1}},"line":25},"1":{"name":"(anonymous_1)","decl":{"start":{"line":30,"column":47},"end":{"line":30,"column":48}},"loc":{"start":{"line":30,"column":53},"end":{"line":45,"column":3}},"line":30}},"branchMap":{"0":{"loc":{"start":{"line":26,"column":22},"end":{"line":26,"column":49}},"type":"binary-expr","locations":[{"start":{"line":26,"column":22},"end":{"line":26,"column":38}},{"start":{"line":26,"column":42},"end":{"line":26,"column":49}}],"line":26}},"s":{"0":0,"1":0,"2":0,"3":0,"4":0,"5":0,"6":0,"7":0,"8":0},"f":{"0":0,"1":0},"b":{"0":[0,0]}}
,"/workspace/components/ProfileEdit.tsx": {"path":"/workspace/components/ProfileEdit.tsx","statementMap":{"0":{"start":{"line":29,"column":50},"end":{"line":29,"column":70}},"1":{"start":{"line":32,"column":36},"end":{"line":32,"column":51}},"2":{"start":{"line":33,"column":44},"end":{"line":35,"column":14}},"3":{"start":{"line":38,"column":36},"end":{"line":38,"column":48}},"4":{"start":{"line":39,"column":34},"end":{"line":39,"column":46}},"5":{"start":{"line":40,"column":28},"end":{"line":40,"column":40}},"6":{"start":{"line":41,"column":34},"end":{"line":41,"column":62}},"7":{"start":{"line":44,"column":48},"end":{"line":44,"column":60}},"8":{"start":{"line":45,"column":40},"end":{"line":45,"column":52}},"9":{"start":{"line":46,"column":48},"end":{"line":46,"column":60}},"10":{"start":{"line":47,"column":34},"end":{"line":47,"column":46}},"11":{"start":{"line":48,"column":44},"end":{"line":48,"column":56}},"12":{"start":{"line":51,"column":54},"end":{"line":51,"column":68}},"13":{"start":{"line":52,"column":50},"end":{"line":52,"column":65}},"14":{"start":{"line":55,"column":46},"end":{"line":55,"column":58}},"15":{"start":{"line":58,"column":2},"end":{"line":79,"column":20}},"16":{"start":{"line":59,"column":4},"end":{"line":78,"column":5}},"17":{"start":{"line":60,"column":6},"end":{"line":66,"column":9}},"18":{"start":{"line":68,"column":6},"end":{"line":68,"column":49}},"19":{"start":{"line":69,"column":6},"end":{"line":69,"column":47}},"20":{"start":{"line":70,"column":6},"end":{"line":70,"column":40}},"21":{"start":{"line":71,"column":6},"end":{"line":71,"column":53}},"22":{"start":{"line":76,"column":6},"end":{"line":76,"column":34}},"23":{"start":{"line":77,"column":6},"end":{"line":77,"column":47}},"24":{"start":{"line":82,"column":32},"end":{"line":97,"column":3}},"25":{"start":{"line":83,"column":4},"end":{"line":96,"column":5}},"26":{"start":{"line":84,"column":6},"end":{"line":84,"column":49}},"27":{"start":{"line":85,"column":6},"end":{"line":85,"column":47}},"28":{"start":{"line":86,"column":6},"end":{"line":86,"column":40}},"29":{"start":{"line":87,"column":6},"end":{"line":87,"column":53}},"30":{"start":{"line":90,"column":6},"end":{"line":90,"column":29}},"31":{"start":{"line":91,"column":6},"end":{"line":91,"column":25}},"32":{"start":{"line":92,"column":6},"end":{"line":92,"column":29}},"33":{"start":{"line":93,"column":6},"end":{"line":93,"column":22}},"34":{"start":{"line":94,"column":6},"end":{"line":94,"column":27}},"35":{"start":{"line":95,"column":6},"end":{"line":95,"column":28}},"36":{"start":{"line":99,"column":2},"end":{"line":106,"column":3}},"37":{"start":{"line":100,"column":4},"end":{"line":105,"column":6}},"38":{"start":{"line":108,"column":30},"end":{"line":133,"column":3}},"39":{"start":{"line":109,"column":4},"end":{"line":132,"column":5}},"40":{"start":{"line":110,"column":6},"end":{"line":110,"column":25}},"41":{"start":{"line":112,"column":22},"end":{"line":117,"column":7}},"42":{"start":{"line":119,"column":6},"end":{"line":119,"column":56}},"43":{"start":{"line":122,"column":6},"end":{"line":122,"column":45}},"44":{"start":{"line":125,"column":6},"end":{"line":125,"column":63}},"45":{"start":{"line":126,"column":4},"end":{"line":126,"column":22}},"46":{"start":{"line":128,"column":6},"end":{"line":128,"column":54}},"47":{"start":{"line":129,"column":6},"end":{"line":129,"column":43}},"48":{"start":{"line":131,"column":6},"end":{"line":131,"column":26}},"49":{"start":{"line":135,"column":31},"end":{"line":167,"column":3}},"50":{"start":{"line":136,"column":4},"end":{"line":139,"column":5}},"51":{"start":{"line":137,"column":6},"end":{"line":137,"column":64}},"52":{"start":{"line":138,"column":6},"end":{"line":138,"column":13}},"53":{"start":{"line":141,"column":4},"end":{"line":144,"column":5}},"54":{"start":{"line":142,"column":6},"end":{"line":142,"column":79}},"55":{"start":{"line":143,"column":6},"end":{"line":143,"column":13}},"56":{"start":{"line":146,"column":4},"end":{"line":152,"column":5}},"57":{"start":{"line":147,"column":6},"end":{"line":150,"column":8}},"58":{"start":{"line":151,"column":6},"end":{"line":151,"column":13}},"59":{"start":{"line":154,"column":4},"end":{"line":166,"column":5}},"60":{"start":{"line":155,"column":6},"end":{"line":155,"column":25}},"61":{"start":{"line":156,"column":6},"end":{"line":156,"column":61}},"62":{"start":{"line":158,"column":6},"end":{"line":158,"column":66}},"63":{"start":{"line":159,"column":6},"end":{"line":159,"column":29}},"64":{"start":{"line":160,"column":6},"end":{"line":160,"column":25}},"65":{"start":{"line":161,"column":6},"end":{"line":161,"column":29}},"66":{
[...]
"start":{},"end":{}}],"line":541},"75":{"loc":{"start":{"line":562,"column":4},"end":{"line":564,"column":5}},"type":"if","locations":[{"start":{"line":562,"column":4},"end":{"line":564,"column":5}},{"start":{},"end":{}}],"line":562},"76":{"loc":{"start":{"line":624,"column":18},"end":{"line":624,"column":40}},"type":"binary-expr","locations":[{"start":{"line":624,"column":18},"end":{"line":624,"column":35}},{"start":{"line":624,"column":39},"end":{"line":624,"column":40}}],"line":624},"77":{"loc":{"start":{"line":625,"column":19},"end":{"line":625,"column":42}},"type":"binary-expr","locations":[{"start":{"line":625,"column":19},"end":{"line":625,"column":37}},{"start":{"line":625,"column":41},"end":{"line":625,"column":42}}],"line":625},"78":{"loc":{"start":{"line":626,"column":26},"end":{"line":626,"column":67}},"type":"binary-expr","locations":[{"start":{"line":626,"column":26},"end":{"line":626,"column":59}},{"start":{"line":626,"column":63},"end":{"line":626,"column":67}}],"line":626},"79":{"loc":{"start":{"line":627,"column":22},"end":{"line":627,"column":61}},"type":"binary-expr","locations":[{"start":{"line":627,"column":22},"end":{"line":627,"column":53}},{"start":{"line":627,"column":57},"end":{"line":627,"column":61}}],"line":627},"80":{"loc":{"start":{"line":664,"column":4},"end":{"line":664,"column":27}},"type":"if","locations":[{"start":{"line":664,"column":4},"end":{"line":664,"column":27}},{"start":{},"end":{}}],"line":664},"81":{"loc":{"start":{"line":665,"column":11},"end":{"line":665,"column":21}},"type":"binary-expr","locations":[{"start":{"line":665,"column":11},"end":{"line":665,"column":15}},{"start":{"line":665,"column":19},"end":{"line":665,"column":21}}],"line":665},"82":{"loc":{"start":{"line":686,"column":4},"end":{"line":686,"column":27}},"type":"if","locations":[{"start":{"line":686,"column":4},"end":{"line":686,"column":27}},{"start":{},"end":{}}],"line":686},"83":{"loc":{"start":{"line":701,"column":4},"end":{"line":703,"column":5}},"type":"if","locations":[{"start":{"line":701,"column":4},"end":{"line":703,"column":5}},{"start":{},"end":{}}],"line":701},"84":{"loc":{"start":{"line":712,"column":4},"end":{"line":714,"column":5}},"type":"if","locations":[{"start":{"line":712,"column":4},"end":{"line":714,"column":5}},{"start":{},"end":{}}],"line":712},"85":{"loc":{"start":{"line":716,"column":4},"end":{"line":718,"column":5}},"type":"if","locations":[{"start":{"line":716,"column":4},"end":{"line":718,"column":5}},{"start":{},"end":{}}],"line":716},"86":{"loc":{"start":{"line":729,"column":4},"end":{"line":731,"column":5}},"type":"if","locations":[{"start":{"line":729,"column":4},"end":{"line":731,"column":5}},{"start":{},"end":{}}],"line":729},"87":{"loc":{"start":{"line":753,"column":4},"end":{"line":755,"column":5}},"type":"if","locations":[{"start":{"line":753,"column":4},"end":{"line":755,"column":5}},{"start":{},"end":{}}],"line":753},"88":{"loc":{"start":{"line":763,"column":4},"end":{"line":784,"column":5}},"type":"if","locations":[{"start":{"line":763,"column":4},"end":{"line":784,"column":5}},{"start":{},"end":{}}],"line":763},"89":{"loc":{"start":{"line":781,"column":6},"end":{"line":783,"column":7}},"type":"if","locations":[{"start":{"line":781,"column":6},"end":{"line":783,"column":7}},{"start":{},"end":{}}],"line":781},"90":{"loc":{"start":{"line":823,"column":20},"end":{"line":823,"column":44}},"type":"binary-expr","locations":[{"start":{"line":823,"column":20},"end":{"line":823,"column":39}},{"start":{"line":823,"column":43},"end":{"line":823,"column":44}}],"line":823},"91":{"loc":{"start":{"line":824,"column":24},"end":{"line":824,"column":48}},"type":"binary-expr","locations":[{"start":{"line":824,"column":24},"end":{"line":824,"column":43}},{"start":{"line":824,"column":47},"end":{"line":824,"column":48}}],"line":824},"92":{"loc":{"start":{"line":883,"column":4},"end":{"line":885,"column":5}},"type":"if","locations":[{"start":{"line":883,"column":4},"end":{"line":885,"column":5}},{"start":{},"end":{}}],"line":883}},"s":{"0":0,"1":0,"2":0,"3":0,"4":0,"5":0,"6":0,"7":0,"8":0,"9":0,"10":0,"11":0,"12":0,"13":0,"14":0,"15":0,"16":0,"17":0,"18":0,"19":0,"20":0,"21":0,"22":0,"23":0,"24":0,"25":0,"26":0,"27":0,"28":0,"29":0,"30":0,"31":0,"32":0,"33":0,"34":0,"35":0,"36":0,"37":0,"38":0,"39":0,"40":0,"41":0,"42":0,"43":0,"44":0,"45":0,"46":0,"47":0,"48":0,"49":0,"50":0,"51":0,"52":0,"53":0,"54":0,"55":0,"56":0,"57":0,"58":0,"59":0,"60":0,"61":0,"62":0,"63":0,"64":0,"65":0,"66":0,"67":0,"68":0,"69":0,"70":0,"71":0,"72":0,"73":0,"74":0,"75":0,"76":0,"77":0,"78":0,"79":0,"80":0,"81":0,"82":0,"83":0,"84":0,"85":0,"86":0,"87":0,"88":0,"89":0,"90":0,"91":0,"92":0,"93":0,"94":0,"95":0,"96":0,"97":0,"98":0,"99":0,"100":0,"101":0,"102":0,"103":0,"104":0,"105":0,"106":0,"107":0,"108":0,"109":0,"110":0,"111":0,"112":0,"113":0,"114":0,"115":0,"116":0,"117":0,"118":0,"119":0,"120":0,"121":0,"122":0,"123":0,"124":0,"125":0,"126":0,"127":0,"128":0,"129":0,"130":0,"131":0,"132":0,"133":0,"134":0,"135":0,"136":0,"137":0,"138":0,"139":0,"140":0,"141":0,"142":0,"143":0,"144":0,"145":0,"146":0,"147":0,"148":0,"149":0,"150":0,"151":0,"152":0,"153":0,"154":0,"155":0,"156":0,"157":0,"158":0,"159":0,"160":0,"161":0,"162":0,"163":0,"164":0,"165":0,"166":0,"167":0,"168":0,"169":0,"170":0,"171":0,"172":0,"173":0,"174":0,"175":0,"176":0,"177":0,"178":0,"179":0,"180":0,"181":0,"182":0,"183":0,"184":0,"185":0,"186":0,"187":0,"188":0,"189":0,"190":0,"191":0,"192":0,"193":0,"194":0,"195":0,"196":0,"197":0,"198":0,"199":0,"200":0,"201":0,"202":0,"203":0,"204":0,"205":0,"206":0,"207":0,"208":0,"209":0,"210":0,"211":0,"212":0,"213":0,"214":0,"215":0,"216":0,"217":0,"218":0,"219":0,"220":0,"221":0,"222":0},"f":{"0":0,"1":0,"2":0,"3":0,"4":0,"5":0,"6":0,"7":0,"8":0,"9":0,"10":0,"11":0,"12":0,"13":0,"14":0},"b":{"0":[0,0],"1":[0,0],"2":[0,0],"3":[0,0],"4":[0,0],"5":[0,0],"6":[0,0],"7":[0,0],"8":[0,0],"9":[0,0],"10":[0,0],"11":[0,0],"12":[0,0],"13":[0,0],"14":[0,0],"15":[0,0],"16":[0,0],"17":[0,0],"18":[0,0],"19":[0,0],"20":[0,0],"21":[0,0],"22":[0,0],"23":[0,0],"24":[0,0],"25":[0,0],"26":[0,0],"27":[0,0],"28":[0,0],"29":[0,0],"30":[0,0],"31":[0,0],"32":[0,0],"33":[0,0],"34":[0,0],"35":[0,0],"36":[0,0],"37":[0,0],"38":[0,0],"39":[0,0],"40":[0,0],"41":[0,0],"42":[0,0],"43":[0,0],"44":[0,0],"45":[0,0],"46":[0,0],"47":[0,0],"48":[0,0],"49":[0,0],"50":[0,0],"51":[0,0],"52":[0,0],"53":[0,0],"54":[0,0],"55":[0,0],"56":[0,0],"57":[0,0],"58":[0,0],"59":[0,0],"60":[0,0],"61":[0,0],"62":[0,0],"63":[0,0],"64":[0,0],"65":[0,0],"66":[0,0],"67":[0,0],"68":[0,0],"69":[0,0],"70":[0,0],"71":[0,0],"72":[0,0],"73":[0,0],"74":[0,0],"75":[0,0],"76":[0,0],"77":[0,0],"78":[0,0],"79":[0,0],"80":[0,0],"81":[0,0],"82":[0,0],"83":[0,0],"84":[0,0],"85":[0,0],"86":[0,0],"87":[0,0],"88":[0,0],"89":[0,0],"90":[0,0],"91":[0,0],"92":[0,0]}}
,"/workspace/utils/supabase/services/user-service.ts": {"path":"/workspace/utils/supabase/services/user-service.ts","statementMap":{"0":{"start":{"line":11,"column":2},"end":{"line":23,"column":3}},"1":{"start":{"line":12,"column":28},"end":{"line":16,"column":15}},"2":{"start":{"line":18,"column":4},"end":{"line":18,"column":27}},"3":{"start":{"line":18,"column":15},"end":{"line":18,"column":27}},"4":{"start":{"line":19,"column":4},"end":{"line":19,"column":16}},"5":{"start":{"line":21,"column":4},"end":{"line":21,"column":55}},"6":{"start":{"line":22,"column":4},"end":{"line":22,"column":16}},"7":{"start":{"line":28,"column":2},"end":{"line":46,"column":3}},"8":{"start":{"line":29,"column":28},"end":{"line":34,"column":15}},"9":{"start":{"line":36,"column":4},"end":{"line":41,"column":5}},"10":{"start":{"line":37,"column":6},"end":{"line":39,"column":7}},"11":{"start":{"line":38,"column":8},"end":{"line":38,"column":20}},"12":{"start":{"line":40,"column":6},"end":{"line":40,"column":18}},"13":{"start":{"line":42,"column":4},"end":{"line":42,"column":16}},"14":{"start":{"line":44,"column":4},"end":{"line":44,"column":58}},"15":{"start":{"line":45,"column":4},"end":{"line":45,"column":16}},"16":{"start":{"line":51,"column":2},"end":{"line":70,"column":3}},"17":{"start":{"line":52,"column":28},"end":{"line":57,"column":15}},"18":{"start":{"line":59,"column":4},"end":{"line":64,"column":5}},"19":{"start":{"line":60,"column":6},"end":{"line":62,"column":7}},"20":{"start":{"line":61,"column":8},"end":{"line":61,"column":21}},"21":{"start":{"line":63,"column":6},"end":{"line":63,"column":18}},"22":{"start":{"line":66,"column":4},"end":{"line":66,"column":18}},"23":{"start":{"line":68,"column":4},"end":{"line":68,"column":57}},"24":{"start":{"line":69,"column":4},"end":{"line":69,"column":17}},"25":{"start":{"line":75,"column":2},"end":{"line":88,"column":3}},"26":{"start":{"line":76,"column":28},"end":{"line":81,"column":48}},"27":{"start":{"line":83,"column":4},"end":{"line":83,"column":27}},"28":{"start":{"line":83,"column":15},"end":{"line":83,"column":27}},"29":{"start":{"line":84,"column":4},"end":{"line":84,"column":22}},"30":{"start":{"line":86,"column":4},"end":{"line":86,"column":57}},"31":{"start":{"line":87,"column":4},"end":{"line":87,"column":14}},"32":{"start":{"line":93,"column":2},"end":{"line":106,"column":3}},"33":{"start":{"line":94,"column":28},"end":{"line":99,"column":48}},"34":{"start":{"line":101,"column":4},"end":{"line":101,"column":27}},"35":{"start":{"line":101,"column":15},"end":{"line":101,"column":27}},"36":{"start":{"line":102,"column":4},"end":{"line":102,"column":22}},"37":{"start":{"line":104,"column":4},"end":{"line":104,"column":58}},"38":{"start":{"line":105,"column":4},"end":{"line":105,"column":14}},"39":{"start":{"line":111,"column":2},"end":{"line":127,"column":3}},"40":{"start":{"line":112,"column":22},"end":{"line":118,"column":23}},"41":{"start":{"line":120,"column":4},"end":{"line":120,"column":27}},"42":{"start":{"line":120,"column":15},"end":{"line":120,"column":27}},"43":{"start":{"line":122,"column":4},"end":{"line":122,"column":51}},"44":{"start":{"line":123,"column":4},"end":{"line":123,"column":16}},"45":{"start":{"line":125,"column":4},"end":{"line":125,"column":55}},"46":{"start":{"line":126,"column":4},"end":{"line":126,"column":16}},"47":{"start":{"line":132,"column":2},"end":{"line":148,"column":3}},"48":{"start":{"line":133,"column":22},"end":{"line":139,"column":23}},"49":{"start":{"line":141,"column":4},"end":{"line":141,"column":27}},"50":{"start":{"line":141,"column":15},"end":{"line":141,"column":27}},"51":{"start":{"line":143,"column":4},"end":{"line":143,"column":51}},"52":{"start":{"line":144,"column":4},"end":{"line":144,"column":16}},"53":{"start":{"line":146,"column":4},"end":{"line":146,"column":55}},"54":{"start":{"line":147,"column":4},"end":{"line":147,"column":16}},"55":{"start":{"line":153,"column":2},"end":{"line":167,"column":3}},"56":{"start":{"line":154,"column":28},"end":{"line":160,"column":16}},"57":{"start":{"line":162,"column":4},"end":{"line":162,"column":27}},"58":{"start":{"line":162,"column":15},"end":{"line":162,"column":27}},"59":{"start":{"line":163,"column":4},"end":{"line":163,"column":22}},"60":{"start":{"line":165,"column":4},"end":{"line":165,"column":51}},"61":{"start":{"line":166,"column":4},"end":{"line":166,"column":14}}},"fnMap":{"0":{"name":"getUserById","decl":{"start":{"line":10,"column":22},"end":{"line":10,"column":33}},"loc":{"start":{"line":10,"column":83},"end":{"line":24,"column":1}},"line":10},"1":{"name":"getUserByEmail","decl":{"start":{"line":27,"column":22},"end":{"line":27,"column":36}},"loc":{"start":{"line":27,"column":85},"end":{"line":47,"column":1}},"line":27},"2":{"name":"checkEmailExists","decl":{"start":{"line":50,"column":22},"end":{"line":50,"column":38}},"loc":{"start":{"line":50,"column":72},"end":{"line":71,"column":1}},"line":50},"3":{"name":"getActiveUsers","decl":{"start":{"line":74,"column":22},"end":{"line":74,"column":36}},"loc":{"start":{"line":74,"column":39},"end":{"line":89,"column":1}},"line":74},"4":{"name":"getUsersByType","decl":{"start":{"line":92,"column":22},"end":{"line":92,"column":36}},"loc":{"start":{"line":92,"column":55},"end":{"line":107,"column":1}},"line":92},"5":{"name":"deactivateUser","decl":{"start":{"line":110,"column":22},"end":{"line":110,"column":36}},"loc":{"start":{"line":110,"column":53},"end":{"line":128,"column":1}},"line":110},"6":{"name":"reactivateUser","decl":{"start":{"line":131,"column":22},"end":{"line":131,"column":36}},"loc":{"start":{"line":131,"column":53},"end":{"line":149,"column":1}},"line":131},"7":{"name":"searchUsers","decl":{"start":{"line":152,"column":22},"end":{"line":152,"column":33}},"loc":{"start":{"line":152,"column":49},"end":{"line":168,"column":1}},"line":152}},"branchMap":{"0":{"loc":{"start":{"line":18,"column":4},"end":{"line":18,"column":27}},"type":"if","locations":[{"start":{"line":18,"column":4},"end":{"line":18,"column":27}},{"start":{},"end":{}}],"line":18},"1":{"loc":{"start":{"line":36,"column":4},"end":{"line":41,"column":5}},"type":"if","locations":[{"start":{"line":36,"column":4},"end":{"line":41,"column":5}},{"start":{},"end":{}}],"line":36},"2":{"loc":{"start":{"line":37,"column":6},"end":{"line":39,"column":7}},"type":"if","locations":[{"start":{"line":37,"column":6},"end":{"line":39,"column":7}},{"start":{},"end":{}}],"line":37},"3":{"loc":{"start":{"line":59,"column":4},"end":{"line":64,"column":5}},"type":"if","locations":[{"start":{"line":59,"column":4},"end":{"line":64,"column":5}},{"start":{},"end":{}}],"line":59},"4":{"loc":{"start":{"line":60,"column":6},"end":{"line":62,"column":7}},"type":"if","locations":[{"start":{"line":60,"column":6},"end":{"line":62,"column":7}},{"start":{},"end":{}}],"line":60},"5":{"loc":{"start":{"line":83,"column":4},"end":{"line":83,"column":27}},"type":"if","locations":[{"start":{"line":83,"column":4},"end":{"line":83,"column":27}},{"start":{},"end":{}}],"line":83},"6":{"loc":{"start":{"line":84,"column":11},"end":{"line":84,"column":21}},"type":"binary-expr","locations":[{"start":{"line":84,"column":11},"end":{"line":84,"column":15}},{"start":{"line":84,"column":19},"end":{"line":84,"column":21}}],"line":84},"7":{"loc":{"start":{"line":101,"column":4},"end":{"line":101,"column":27}},"type":"if","locations":[{"start":{"line":101,"column":4},"end":{"line":101,"column":27}},{"start":{},"end":{}}],"line":101},"8":{"loc":{"start":{"line":102,"column":11},"end":{"line":102,"column":21}},"type":"binary-expr","locations":[{"start":{"line":102,"column":11},"end":{"line":102,"column":15}},{"start":{"line":102,"column":19},"end":{"line":102,"column":21}}],"line":102},"9":{"loc":{"start":{"line":120,"column":4},"end":{"line":120,"column":27}},"type":"if","locations":[{"start":{"line":120,"column":4},"end":{"line":120,"column":27}},{"start":{},"end":{}}],"line":120},"10":{"loc":{"start":{"line":141,"column":4},"end":{"line":141,"column":27}},"type":"if","locations":[{"start":{"line":141,"column":4},"end":{"line":141,"column":27}},{"start":{},"end":{}}],"line":141},"11":{"loc":{"start":{"line":162,"column":4},"end":{"line":162,"column":27}},"type":"if","locations":[{"start":{"line":162,"column":4},"end":{"line":162,"column":27}},{"start":{},"end":{}}],"line":162},"12":{"loc":{"start":{"line":163,"column":11},"end":{"line":163,"column":21}},"type":"binary-expr","locations":[{"start":{"line":163,"column":11},"end":{"line":163,"column":15}},{"start":{"line":163,"column":19},"end":{"line":163,"column":21}}],"line":163}},"s":{"0":0,"1":0,"2":0,"3":0,"4":0,"5":0,"6":0,"7":0,"8":0,"9":0,"10":0,"11":0,"12":0,"13":0,"14":0,"15":0,"16":0,"17":0,"18":0,"19":0,"20":0,"21":0,"22":0,"23":0,"24":0,"25":0,"26":0,"27":0,"28":0,"29":0,"30":0,"31":0,"32":0,"33":0,"34":0,"35":0,"36":0,"37":0,"38":0,"39":0,"40":0,"41":0,"42":0,"43":0,"44":0,"45":0,"46":0,"47":0,"48":0,"49":0,"50":0,"51":0,"52":0,"53":0,"54":0,"55":0,"56":0,"57":0,"58":0,"59":0,"60":0,"61":0},"f":{"0":0,"1":0,"2":0,"3":0,"4":0,"5":0,"6":0,"7":0},"b":{"0":[0,0],"1":[0,0],"2":[0,0],"3":[0,0],"4":[0,0],"5":[0,0],"6":[0,0],"7":[0,0],"8":[0,0],"9":[0,0],"10":[0,0],"11":[0,0],"12":[0,0]}}
,"/workspace/utils/supabase/utils/url-helpers.ts": {"path":"/workspace/utils/supabase/utils/url-helpers.ts","statementMap":{"0":{"start":{"line":9,"column":2},"end":{"line":21,"column":3}},"1":{"start":{"line":12,"column":6},"end":{"line":15,"column":34}},"2":{"start":{"line":16,"column":4},"end":{"line":16,"column":31}},"3":{"start":{"line":19,"column":22},"end":{"line":19,"column":73}},"4":{"start":{"line":20,"column":4},"end":{"line":20,"column":55}}},"fnMap":{"0":{"name":"getRedirectUrl","decl":{"start":{"line":8,"column":16},"end":{"line":8,"column":30}},"loc":{"start":{"line":8,"column":58},"end":{"line":22,"column":1}},"line":8}},"branchMap":{"0":{"loc":{"start":{"line":8,"column":31},"end":{"line":8,"column":48}},"type":"default-arg","locations":[{"start":{"line":8,"column":46},"end":{"line":8,"column":48}}],"line":8},"1":{"loc":{"start":{"line":9,"column":2},"end":{"line":21,"column":3}},"type":"if","locations":[{"start":{"line":9,"column":2},"end":{"line":21,"column":3}},{"start":{"line":17,"column":9},"end":{"line":21,"column":3}}],"line":9},"2":{"loc":{"start":{"line":12,"column":6},"end":{"line":15,"column":34}},"type":"binary-expr","locations":[{"start":{"line":12,"column":6},"end":{"line":12,"column":38}},{"start":{"line":13,"column":7},"end":{"line":15,"column":33}}],"line":12},"3":{"loc":{"start":{"line":13,"column":7},"end":{"line":15,"column":33}},"type":"cond-expr","locations":[{"start":{"line":14,"column":10},"end":{"line":14,"column":32}},{"start":{"line":15,"column":10},"end":{"line":15,"column":33}}],"line":13},"4":{"loc":{"start":{"line":19,"column":22},"end":{"line":19,"column":73}},"type":"binary-expr","locations":[{"start":{"line":19,"column":22},"end":{"line":19,"column":56}},{"start":{"line":19,"column":60},"end":{"line":19,"column":73}}],"line":19}},"s":{"0":0,"1":0,"2":0,"3":0,"4":0},"f":{"0":0},"b":{"0":[0],"1":[0,0],"2":[0,0],"3":[0,0],"4":[0,0]}}
,"/workspace/utils/supabase/utils/validation.ts": {"path":"/workspace/utils/supabase/utils/validation.ts","statementMap":{"0":{"start":{"line":11,"column":2},"end":{"line":45,"column":3}},"1":{"start":{"line":13,"column":20},"end":{"line":13,"column":54}},"2":{"start":{"line":16,"column":23},"end":{"line":16,"column":53}},"3":{"start":{"line":18,"column":4},"end":{"line":25,"column":5}},"4":{"start":{"line":19,"column":6},"end":{"line":24,"column":8}},"5":{"start":{"line":28,"column":21},"end":{"line":28,"column":28}},"6":{"start":{"line":29,"column":4},"end":{"line":33,"column":5}},"7":{"start":{"line":30,"column":6},"end":{"line":30,"column":49}},"8":{"start":{"line":31,"column":11},"end":{"line":33,"column":5}},"9":{"start":{"line":32,"column":6},"end":{"line":32,"column":49}},"10":{"start":{"line":35,"column":4},"end":{"line":38,"column":6}},"11":{"start":{"line":40,"column":4},"end":{"line":44,"column":6}}},"fnMap":{"0":{"name":"validateFrenchPhone","decl":{"start":{"line":6,"column":16},"end":{"line":6,"column":35}},"loc":{"start":{"line":10,"column":2},"end":{"line":46,"column":1}},"line":10}},"branchMap":{"0":{"loc":{"start":{"line":18,"column":4},"end":{"line":25,"column":5}},"type":"if","locations":[{"start":{"line":18,"column":4},"end":{"line":25,"column":5}},{"start":{},"end":{}}],"line":18},"1":{"loc":{"start":{"line":29,"column":4},"end":{"line":33,"column":5}},"type":"if","locations":[{"start":{"line":29,"column":4},"end":{"line":33,"column":5}},{"start":{"line":31,"column":11},"end":{"line":33,"column":5}}],"line":29},"2":{"loc":{"start":{"line":31,"column":11},"end":{"line":33,"column":5}},"type":"if","locations":[{"start":{"line":31,"column":11},"end":{"line":33,"column":5}},{"start":{},"end":{}}],"line":31}},"s":{"0":57,"1":57,"2":56,"3":56,"4":22,"5":34,"6":34,"7":6,"8":28,"9":4,"10":34,"11":1},"f":{"0":57},"b":{"0":[22,34],"1":[6,28],"2":[4,24]},"_coverageSchema":"1a1c01bbd47fc00a2c39e90264f33305004495a9","hash":"79151460fe7a3c0072f20a3a0caca2c2027b051f"}
}
