TN:
SF:components/AddSeniorForm.tsx
FN:20,AddSeniorForm
FN:60,(anonymous_1)
FN:79,(anonymous_2)
FN:87,(anonymous_3)
FN:133,(anonymous_4)
FN:148,(anonymous_5)
FN:203,(anonymous_6)
FN:210,(anonymous_7)
FN:231,(anonymous_8)
FN:238,(anonymous_9)
FN:247,(anonymous_10)
FN:255,(anonymous_11)
FN:274,(anonymous_12)
FN:281,(anonymous_13)
FN:314,(anonymous_14)
FN:324,(anonymous_15)
FN:334,(anonymous_16)
FN:344,(anonymous_17)
FN:353,(anonymous_18)
FN:402,(anonymous_19)
FN:422,(anonymous_20)
FN:452,(anonymous_21)
FNF:22
FNH:5
FNDA:9,AddSeniorForm
FNDA:0,(anonymous_1)
FNDA:0,(anonymous_2)
FNDA:0,(anonymous_3)
FNDA:0,(anonymous_4)
FNDA:9,(anonymous_5)
FNDA:36,(anonymous_6)
FNDA:0,(anonymous_7)
FNDA:0,(anonymous_8)
FNDA:0,(anonymous_9)
FNDA:0,(anonymous_10)
FNDA:0,(anonymous_11)
FNDA:0,(anonymous_12)
FNDA:0,(anonymous_13)
FNDA:0,(anonymous_14)
FNDA:0,(anonymous_15)
FNDA:0,(anonymous_16)
FNDA:0,(anonymous_17)
FNDA:0,(anonymous_18)
FNDA:9,(anonymous_19)
FNDA:27,(anonymous_20)
FNDA:0,(anonymous_21)
DA:24,9
DA:27,9
DA:28,9
DA:33,9
DA:34,9
DA:35,9
DA:36,9
DA:37,9
DA:38,9
DA:41,9
DA:48,9
DA:49,9
DA:50,9
DA:53,9
DA:60,9
DA:61,0
DA:62,0
DA:63,0
DA:67,0
DA:68,0
DA:69,0
DA:73,0
DA:76,0
DA:79,9
DA:80,0
DA:81,0
DA:82,0
DA:83,0
DA:87,9
DA:88,0
DA:89,0
DA:90,0
DA:93,0
DA:94,0
DA:96,0
DA:112,0
DA:115,0
DA:127,0
DA:133,0
DA:138,0
DA:139,0
DA:144,0
DA:148,9
DA:149,9
DA:204,36
DA:210,0
DA:231,0
DA:239,0
DA:247,0
DA:255,9
DA:256,0
DA:275,0
DA:281,0
DA:315,0
DA:325,0
DA:335,0
DA:345,0
DA:353,9
DA:354,0
DA:402,9
DA:403,9
DA:405,9
DA:407,0
DA:409,0
DA:411,0
DA:415,9
DA:423,27
DA:453,0
DA:454,0
DA:489,1
LF:70
LH:28
BRDA:61,0,0,0
BRDA:61,0,1,0
BRDA:61,1,0,0
BRDA:61,1,1,0
BRDA:61,1,2,0
BRDA:68,2,0,0
BRDA:68,2,1,0
BRDA:80,3,0,0
BRDA:80,3,1,0
BRDA:80,4,0,0
BRDA:80,4,1,0
BRDA:82,5,0,0
BRDA:82,5,1,0
BRDA:88,6,0,0
BRDA:88,6,1,0
BRDA:100,7,0,0
BRDA:100,7,1,0
BRDA:103,8,0,0
BRDA:103,8,1,0
BRDA:141,9,0,0
BRDA:141,9,1,0
BRDA:208,10,0,36
BRDA:208,10,1,9
BRDA:215,11,0,36
BRDA:215,11,1,9
BRDA:279,12,0,0
BRDA:279,12,1,0
BRDA:286,13,0,0
BRDA:286,13,1,0
BRDA:289,14,0,0
BRDA:289,14,1,0
BRDA:384,15,0,0
BRDA:384,15,1,0
BRDA:403,16,0,9
BRDA:403,16,1,0
BRDA:403,16,2,0
BRDA:403,16,3,0
BRDA:427,17,0,27
BRDA:427,17,1,9
BRDA:428,18,0,27
BRDA:428,18,1,0
BRDA:449,19,0,9
BRDA:449,19,1,0
BRDA:453,20,0,0
BRDA:453,20,1,0
BRDA:454,21,0,0
BRDA:454,21,1,0
BRDA:461,22,0,9
BRDA:461,22,1,9
BRDA:461,22,2,9
BRDA:472,23,0,0
BRDA:472,23,1,9
BRDA:475,24,0,0
BRDA:475,24,1,9
BRDA:479,25,0,0
BRDA:479,25,1,9
BRF:56
BRH:15
end_of_record
TN:
SF:components/Button.tsx
FN:23,Button
FN:35,(anonymous_1)
FN:50,(anonymous_2)
FN:57,(anonymous_3)
FN:64,(anonymous_4)
FN:87,(anonymous_5)
FNF:6
FNH:6
FNDA:5,Button
FNDA:5,(anonymous_1)
FNDA:5,(anonymous_2)
FNDA:5,(anonymous_3)
FNDA:5,(anonymous_4)
FNDA:5,(anonymous_5)
DA:33,5
DA:35,5
DA:36,5
DA:38,4
DA:40,4
DA:42,0
DA:44,0
DA:46,0
DA:50,5
DA:51,5
DA:52,0
DA:54,5
DA:57,5
DA:58,5
DA:59,0
DA:61,5
DA:64,5
DA:65,5
DA:67,0
DA:73,0
DA:79,5
DA:87,5
DA:88,5
DA:90,0
DA:92,0
DA:94,5
DA:98,5
DA:133,1
LF:28
LH:19
BRDA:26,0,0,5
BRDA:27,1,0,5
BRDA:28,2,0,4
BRDA:29,3,0,5
BRDA:36,4,0,1
BRDA:36,4,1,4
BRDA:36,5,0,5
BRDA:36,5,1,4
BRDA:38,6,0,4
BRDA:38,6,1,0
BRDA:38,6,2,0
BRDA:38,6,3,0
BRDA:51,7,0,0
BRDA:51,7,1,5
BRDA:52,8,0,0
BRDA:52,8,1,0
BRDA:52,9,0,0
BRDA:52,9,1,0
BRDA:58,10,0,0
BRDA:58,10,1,5
BRDA:59,11,0,0
BRDA:59,11,1,0
BRDA:59,12,0,0
BRDA:59,12,1,0
BRDA:65,13,0,0
BRDA:65,13,1,0
BRDA:65,13,2,5
BRDA:88,14,0,0
BRDA:88,14,1,0
BRDA:88,14,2,5
BRDA:106,15,0,0
BRDA:106,15,1,5
BRDA:107,16,0,1
BRDA:107,16,1,4
BRDA:107,17,0,5
BRDA:107,17,1,4
BRDA:112,18,0,5
BRDA:112,18,1,4
BRDA:115,19,0,0
BRDA:115,19,1,5
BRF:40
BRH:21
end_of_record
TN:
SF:components/Collapsible.tsx
FN:10,Collapsible
FN:18,(anonymous_1)
FN:18,(anonymous_2)
FNF:3
FNH:0
FNDA:0,Collapsible
FNDA:0,(anonymous_1)
FNDA:0,(anonymous_2)
DA:11,0
DA:12,0
DA:14,0
DA:18,0
DA:35,0
LF:5
LH:0
BRDA:12,0,0,0
BRDA:12,0,1,0
BRDA:24,1,0,0
BRDA:24,1,1,0
BRDA:25,2,0,0
BRDA:25,2,1,0
BRDA:30,3,0,0
BRDA:30,3,1,0
BRF:8
BRH:0
end_of_record
TN:
SF:components/EditSeniorForm.tsx
FN:46,EditSeniorForm
FN:82,(anonymous_1)
FN:96,(anonymous_2)
FN:160,(anonymous_3)
FN:167,(anonymous_4)
FN:199,(anonymous_5)
FN:242,(anonymous_6)
FN:258,(anonymous_7)
FN:418,(anonymous_8)
FN:425,(anonymous_9)
FN:462,(anonymous_10)
FN:473,(anonymous_11)
FN:486,(anonymous_12)
FN:497,(anonymous_13)
FNF:14
FNH:0
FNDA:0,EditSeniorForm
FNDA:0,(anonymous_1)
FNDA:0,(anonymous_2)
FNDA:0,(anonymous_3)
FNDA:0,(anonymous_4)
FNDA:0,(anonymous_5)
FNDA:0,(anonymous_6)
FNDA:0,(anonymous_7)
FNDA:0,(anonymous_8)
FNDA:0,(anonymous_9)
FNDA:0,(anonymous_10)
FNDA:0,(anonymous_11)
FNDA:0,(anonymous_12)
FNDA:0,(anonymous_13)
DA:51,0
DA:54,0
DA:55,0
DA:56,0
DA:59,0
DA:60,0
DA:61,0
DA:62,0
DA:63,0
DA:66,0
DA:73,0
DA:74,0
DA:77,0
DA:78,0
DA:79,0
DA:80,0
DA:82,0
DA:83,0
DA:86,0
DA:87,0
DA:90,0
DA:96,0
DA:97,0
DA:98,0
DA:99,0
DA:101,0
DA:102,0
DA:103,0
DA:106,0
DA:109,0
DA:110,0
DA:111,0
DA:112,0
DA:113,0
DA:114,0
DA:115,0
DA:118,0
DA:119,0
DA:126,0
DA:133,0
DA:140,0
DA:148,0
DA:150,0
DA:151,0
DA:156,0
DA:160,0
DA:161,0
DA:162,0
DA:167,0
DA:168,0
DA:169,0
DA:170,0
DA:173,0
DA:174,0
DA:175,0
DA:179,0
DA:180,0
DA:181,0
DA:185,0
DA:189,0
DA:190,0
DA:191,0
DA:192,0
DA:195,0
DA:199,0
DA:200,0
DA:201,0
DA:204,0
DA:205,0
DA:206,0
DA:208,0
DA:213,0
DA:234,0
DA:236,0
DA:242,0
DA:247,0
DA:248,0
DA:253,0
DA:258,0
DA:261,0
DA:268,0
DA:269,0
DA:282,0
DA:287,0
DA:288,0
DA:297,0
DA:298,0
DA:312,0
DA:419,0
DA:425,0
DA:462,0
DA:474,0
DA:486,0
DA:497,0
DA:575,0
LF:95
LH:0
BRDA:83,0,0,0
BRDA:83,0,1,0
BRDA:86,1,0,0
BRDA:86,1,1,0
BRDA:86,2,0,0
BRDA:86,2,1,0
BRDA:102,3,0,0
BRDA:102,3,1,0
BRDA:109,4,0,0
BRDA:109,4,1,0
BRDA:110,5,0,0
BRDA:110,5,1,0
BRDA:111,6,0,0
BRDA:111,6,1,0
BRDA:112,7,0,0
BRDA:112,7,1,0
BRDA:113,8,0,0
BRDA:113,8,1,0
BRDA:114,9,0,0
BRDA:114,9,1,0
BRDA:115,10,0,0
BRDA:115,10,1,0
BRDA:118,11,0,0
BRDA:118,11,1,0
BRDA:120,12,0,0
BRDA:120,12,1,0
BRDA:121,13,0,0
BRDA:121,13,1,0
BRDA:122,14,0,0
BRDA:122,14,1,0
BRDA:127,15,0,0
BRDA:127,15,1,0
BRDA:128,16,0,0
BRDA:128,16,1,0
BRDA:134,17,0,0
BRDA:134,17,1,0
BRDA:135,18,0,0
BRDA:135,18,1,0
BRDA:141,19,0,0
BRDA:141,19,1,0
BRDA:142,20,0,0
BRDA:142,20,1,0
BRDA:153,21,0,0
BRDA:153,21,1,0
BRDA:161,22,0,0
BRDA:161,22,1,0
BRDA:168,23,0,0
BRDA:168,23,1,0
BRDA:168,24,0,0
BRDA:168,24,1,0
BRDA:173,25,0,0
BRDA:173,25,1,0
BRDA:180,26,0,0
BRDA:180,26,1,0
BRDA:183,27,0,0
BRDA:183,27,1,0
BRDA:190,28,0,0
BRDA:190,28,1,0
BRDA:200,29,0,0
BRDA:200,29,1,0
BRDA:200,30,0,0
BRDA:200,30,1,0
BRDA:200,30,2,0
BRDA:208,31,0,0
BRDA:208,31,1,0
BRDA:208,32,0,0
BRDA:208,32,1,0
BRDA:217,33,0,0
BRDA:217,33,1,0
BRDA:221,34,0,0
BRDA:221,34,1,0
BRDA:227,35,0,0
BRDA:227,35,1,0
BRDA:228,36,0,0
BRDA:228,36,1,0
BRDA:229,37,0,0
BRDA:229,37,1,0
BRDA:250,38,0,0
BRDA:250,38,1,0
BRDA:261,39,0,0
BRDA:261,39,1,0
BRDA:261,39,2,0
BRDA:261,39,3,0
BRDA:261,39,4,0
BRDA:261,39,5,0
BRDA:262,40,0,0
BRDA:262,40,1,0
BRDA:263,41,0,0
BRDA:263,41,1,0
BRDA:264,42,0,0
BRDA:264,42,1,0
BRDA:265,43,0,0
BRDA:265,43,1,0
BRDA:266,44,0,0
BRDA:266,44,1,0
BRDA:268,45,0,0
BRDA:268,45,1,0
BRDA:287,46,0,0
BRDA:287,46,1,0
BRDA:297,47,0,0
BRDA:297,47,1,0
BRDA:328,48,0,0
BRDA:328,48,1,0
BRDA:332,49,0,0
BRDA:332,49,1,0
BRDA:423,50,0,0
BRDA:423,50,1,0
BRDA:430,51,0,0
BRDA:430,51,1,0
BRDA:500,52,0,0
BRDA:500,52,1,0
BRDA:504,53,0,0
BRDA:504,53,1,0
BRF:113
BRH:0
end_of_record
TN:
SF:components/ExternalLink.tsx
FN:8,ExternalLink
FN:14,(anonymous_1)
FNF:2
FNH:0
FNDA:0,ExternalLink
FNDA:0,(anonymous_1)
DA:9,0
DA:15,0
DA:17,0
DA:19,0
LF:4
LH:0
BRDA:15,0,0,0
BRDA:15,0,1,0
BRF:2
BRH:0
end_of_record
TN:
SF:components/FamilySharingScreen.tsx
FN:47,FamilySharingScreen
FN:70,(anonymous_1)
FN:83,(anonymous_2)
FN:88,(anonymous_3)
FN:117,(anonymous_4)
FN:136,(anonymous_5)
FN:149,(anonymous_6)
FN:164,(anonymous_7)
FN:181,(anonymous_8)
FN:196,(anonymous_9)
FN:209,(anonymous_10)
FN:223,(anonymous_11)
FN:253,(anonymous_12)
FN:261,(anonymous_13)
FN:284,(anonymous_14)
FN:294,(anonymous_15)
FN:315,(anonymous_16)
FN:323,(anonymous_17)
FN:353,(anonymous_18)
FN:360,(anonymous_19)
FN:384,(anonymous_20)
FN:397,(anonymous_21)
FN:410,(anonymous_22)
FN:423,(anonymous_23)
FN:461,(anonymous_24)
FN:480,(anonymous_25)
FN:483,(anonymous_26)
FNF:27
FNH:0
FNDA:0,FamilySharingScreen
FNDA:0,(anonymous_1)
FNDA:0,(anonymous_2)
FNDA:0,(anonymous_3)
FNDA:0,(anonymous_4)
FNDA:0,(anonymous_5)
FNDA:0,(anonymous_6)
FNDA:0,(anonymous_7)
FNDA:0,(anonymous_8)
FNDA:0,(anonymous_9)
FNDA:0,(anonymous_10)
FNDA:0,(anonymous_11)
FNDA:0,(anonymous_12)
FNDA:0,(anonymous_13)
FNDA:0,(anonymous_14)
FNDA:0,(anonymous_15)
FNDA:0,(anonymous_16)
FNDA:0,(anonymous_17)
FNDA:0,(anonymous_18)
FNDA:0,(anonymous_19)
FNDA:0,(anonymous_20)
FNDA:0,(anonymous_21)
FNDA:0,(anonymous_22)
FNDA:0,(anonymous_23)
FNDA:0,(anonymous_24)
FNDA:0,(anonymous_25)
FNDA:0,(anonymous_26)
DA:51,0
DA:52,0
DA:53,0
DA:56,0
DA:57,0
DA:58,0
DA:61,0
DA:67,0
DA:70,0
DA:71,0
DA:72,0
DA:73,0
DA:74,0
DA:76,0
DA:77,0
DA:79,0
DA:83,0
DA:84,0
DA:88,0
DA:89,0
DA:90,0
DA:91,0
DA:95,0
DA:96,0
DA:97,0
DA:98,0
DA:101,0
DA:102,0
DA:103,0
DA:111,0
DA:118,0
DA:119,0
DA:120,0
DA:126,0
DA:131,0
DA:136,0
DA:140,0
DA:150,0
DA:151,0
DA:152,0
DA:153,0
DA:155,0
DA:164,0
DA:165,0
DA:166,0
DA:170,0
DA:173,0
DA:182,0
DA:183,0
DA:184,0
DA:185,0
DA:187,0
DA:196,0
DA:197,0
DA:199,0
DA:201,0
DA:203,0
DA:205,0
DA:209,0
DA:210,0
DA:212,0
DA:214,0
DA:216,0
DA:218,0
DA:223,0
DA:224,0
DA:254,0
DA:262,0
DA:263,0
DA:284,0
DA:294,0
DA:295,0
DA:316,0
DA:323,0
DA:354,0
DA:360,0
DA:385,0
DA:398,0
DA:411,0
DA:423,0
DA:443,0
DA:461,0
DA:480,0
DA:484,0
DA:501,0
LF:85
LH:0
BRDA:89,0,0,0
BRDA:89,0,1,0
BRDA:96,1,0,0
BRDA:96,1,1,0
BRDA:128,2,0,0
BRDA:128,2,1,0
BRDA:165,3,0,0
BRDA:165,3,1,0
BRDA:197,4,0,0
BRDA:197,4,1,0
BRDA:197,4,2,0
BRDA:197,4,3,0
BRDA:210,5,0,0
BRDA:210,5,1,0
BRDA:210,5,2,0
BRDA:210,5,3,0
BRDA:229,6,0,0
BRDA:229,6,1,0
BRDA:258,7,0,0
BRDA:258,7,1,0
BRDA:262,8,0,0
BRDA:262,8,1,0
BRDA:270,9,0,0
BRDA:270,9,1,0
BRDA:281,10,0,0
BRDA:281,10,1,0
BRDA:320,11,0,0
BRDA:320,11,1,0
BRDA:328,12,0,0
BRDA:328,12,1,0
BRDA:358,13,0,0
BRDA:358,13,1,0
BRDA:365,14,0,0
BRDA:365,14,1,0
BRDA:433,15,0,0
BRDA:433,15,1,0
BRDA:458,16,0,0
BRDA:458,16,1,0
BRDA:469,17,0,0
BRDA:469,17,1,0
BRDA:471,18,0,0
BRDA:471,18,1,0
BRDA:486,19,0,0
BRDA:486,19,1,0
BRF:44
BRH:0
end_of_record
TN:
SF:components/HapticTab.tsx
FN:5,HapticTab
FN:9,(anonymous_1)
FNF:2
FNH:0
FNDA:0,HapticTab
FNDA:0,(anonymous_1)
DA:6,0
DA:10,0
DA:12,0
DA:14,0
LF:4
LH:0
BRDA:10,0,0,0
BRDA:10,0,1,0
BRF:2
BRH:0
end_of_record
TN:
SF:components/HelloWave.tsx
FN:13,HelloWave
FN:16,(anonymous_1)
FN:23,(anonymous_2)
FNF:3
FNH:0
FNDA:0,HelloWave
FNDA:0,(anonymous_1)
FNDA:0,(anonymous_2)
DA:14,0
DA:16,0
DA:17,0
DA:23,0
DA:27,0
DA:34,0
LF:6
LH:0
BRF:0
BRH:0
end_of_record
TN:
SF:components/LoadingSpinner.tsx
FN:12,LoadingSpinner
FNF:1
FNH:1
FNDA:9,LoadingSpinner
DA:17,9
DA:18,9
DA:20,9
DA:28,1
LF:4
LH:4
BRDA:13,0,0,8
BRDA:18,1,0,9
BRDA:18,1,1,8
BRDA:23,2,0,9
BRDA:23,2,1,2
BRF:5
BRH:5
end_of_record
TN:
SF:components/ParallaxScrollView.tsx
FN:21,ParallaxScrollView
FN:30,(anonymous_1)
FNF:2
FNH:0
FNDA:0,ParallaxScrollView
FNDA:0,(anonymous_1)
DA:14,0
DA:26,0
DA:27,0
DA:28,0
DA:29,0
DA:30,0
DA:31,0
DA:47,0
DA:68,0
LF:9
LH:0
BRDA:26,0,0,0
BRDA:26,0,1,0
BRF:2
BRH:0
end_of_record
TN:
SF:components/ProfileEdit.tsx
FN:28,ProfileEdit
FN:58,(anonymous_1)
FN:82,(anonymous_2)
FN:108,(anonymous_3)
FN:135,(anonymous_4)
FN:169,(anonymous_5)
FN:199,(anonymous_6)
FN:215,(anonymous_7)
FN:229,(anonymous_8)
FN:249,(anonymous_9)
FN:273,(anonymous_10)
FN:280,(anonymous_11)
FN:295,(anonymous_12)
FN:304,(anonymous_13)
FN:448,(anonymous_14)
FN:573,(anonymous_15)
FN:630,(anonymous_16)
FN:687,(anonymous_17)
FNF:18
FNH:0
FNDA:0,ProfileEdit
FNDA:0,(anonymous_1)
FNDA:0,(anonymous_2)
FNDA:0,(anonymous_3)
FNDA:0,(anonymous_4)
FNDA:0,(anonymous_5)
FNDA:0,(anonymous_6)
FNDA:0,(anonymous_7)
FNDA:0,(anonymous_8)
FNDA:0,(anonymous_9)
FNDA:0,(anonymous_10)
FNDA:0,(anonymous_11)
FNDA:0,(anonymous_12)
FNDA:0,(anonymous_13)
FNDA:0,(anonymous_14)
FNDA:0,(anonymous_15)
FNDA:0,(anonymous_16)
FNDA:0,(anonymous_17)
DA:29,0
DA:32,0
DA:33,0
DA:38,0
DA:39,0
DA:40,0
DA:41,0
DA:44,0
DA:45,0
DA:46,0
DA:47,0
DA:48,0
DA:51,0
DA:52,0
DA:55,0
DA:58,0
DA:59,0
DA:60,0
DA:68,0
DA:69,0
DA:70,0
DA:71,0
DA:76,0
DA:77,0
DA:82,0
DA:83,0
DA:84,0
DA:85,0
DA:86,0
DA:87,0
DA:90,0
DA:91,0
DA:92,0
DA:93,0
DA:94,0
DA:95,0
DA:99,0
DA:100,0
DA:108,0
DA:109,0
DA:110,0
DA:112,0
DA:119,0
DA:122,0
DA:125,0
DA:126,0
DA:128,0
DA:129,0
DA:131,0
DA:135,0
DA:136,0
DA:137,0
DA:138,0
DA:141,0
DA:142,0
DA:143,0
DA:146,0
DA:147,0
DA:151,0
DA:154,0
DA:155,0
DA:156,0
DA:158,0
DA:159,0
DA:160,0
DA:161,0
DA:163,0
DA:165,0
DA:169,0
DA:170,0
DA:171,0
DA:172,0
DA:176,0
DA:177,0
DA:178,0
DA:179,0
DA:182,0
DA:183,0
DA:184,0
DA:186,0
DA:190,0
DA:191,0
DA:193,0
DA:195,0
DA:199,0
DA:200,0
DA:201,0
DA:202,0
DA:204,0
DA:209,0
DA:211,0
DA:215,0
DA:216,0
DA:217,0
DA:218,0
DA:221,0
DA:230,0
DA:231,0
DA:232,0
DA:233,0
DA:238,0
DA:240,0
DA:249,0
DA:250,0
DA:251,0
DA:257,0
DA:265,0
DA:267,0
DA:269,0
DA:273,0
DA:278,0
DA:280,0
DA:295,0
DA:296,0
DA:304,0
DA:305,0
DA:448,0
DA:449,0
DA:573,0
DA:574,0
DA:630,0
DA:631,0
DA:687,0
DA:688,0
DA:690,0
DA:692,0
DA:694,0
DA:696,0
DA:698,0
DA:702,0
DA:734,0
LF:131
LH:0
BRDA:59,0,0,0
BRDA:59,0,1,0
BRDA:68,1,0,0
BRDA:68,1,1,0
BRDA:69,2,0,0
BRDA:69,2,1,0
BRDA:70,3,0,0
BRDA:70,3,1,0
BRDA:71,4,0,0
BRDA:71,4,1,0
BRDA:83,5,0,0
BRDA:83,5,1,0
BRDA:84,6,0,0
BRDA:84,6,1,0
BRDA:85,7,0,0
BRDA:85,7,1,0
BRDA:86,8,0,0
BRDA:86,8,1,0
BRDA:87,9,0,0
BRDA:87,9,1,0
BRDA:99,10,0,0
BRDA:99,10,1,0
BRDA:115,11,0,0
BRDA:115,11,1,0
BRDA:116,12,0,0
BRDA:116,12,1,0
BRDA:136,13,0,0
BRDA:136,13,1,0
BRDA:136,14,0,0
BRDA:136,14,1,0
BRDA:141,15,0,0
BRDA:141,15,1,0
BRDA:146,16,0,0
BRDA:146,16,1,0
BRDA:170,17,0,0
BRDA:170,17,1,0
BRDA:170,18,0,0
BRDA:170,18,1,0
BRDA:177,19,0,0
BRDA:177,19,1,0
BRDA:216,20,0,0
BRDA:216,20,1,0
BRDA:279,21,0,0
BRDA:279,21,1,0
BRDA:286,22,0,0
BRDA:286,22,1,0
BRDA:297,23,0,0
BRDA:297,23,1,0
BRDA:297,23,2,0
BRDA:297,23,3,0
BRDA:297,23,4,0
BRDA:297,24,0,0
BRDA:297,24,1,0
BRDA:298,25,0,0
BRDA:298,25,1,0
BRDA:299,26,0,0
BRDA:299,26,1,0
BRDA:309,27,0,0
BRDA:309,27,1,0
BRDA:367,28,0,0
BRDA:367,28,1,0
BRDA:416,29,0,0
BRDA:416,29,1,0
BRDA:421,30,0,0
BRDA:421,30,1,0
BRDA:430,31,0,0
BRDA:430,31,1,0
BRDA:433,32,0,0
BRDA:433,32,1,0
BRDA:435,33,0,0
BRDA:435,33,1,0
BRDA:439,34,0,0
BRDA:439,34,1,0
BRDA:488,35,0,0
BRDA:488,35,1,0
BRDA:488,35,2,0
BRDA:488,35,3,0
BRDA:495,36,0,0
BRDA:495,36,1,0
BRDA:495,36,2,0
BRDA:495,36,3,0
BRDA:588,37,0,0
BRDA:588,37,1,0
BRDA:597,38,0,0
BRDA:597,38,1,0
BRDA:601,39,0,0
BRDA:601,39,1,0
BRDA:605,40,0,0
BRDA:605,40,1,0
BRDA:609,41,0,0
BRDA:609,41,1,0
BRDA:621,42,0,0
BRDA:621,42,1,0
BRDA:670,43,0,0
BRDA:670,43,1,0
BRDA:670,43,2,0
BRDA:673,44,0,0
BRDA:673,44,1,0
BRDA:675,45,0,0
BRDA:675,45,1,0
BRDA:688,46,0,0
BRDA:688,46,1,0
BRDA:688,46,2,0
BRDA:688,46,3,0
BRDA:688,46,4,0
BRDA:707,47,0,0
BRDA:707,47,1,0
BRF:107
BRH:0
end_of_record
TN:
SF:components/SafeAreaLayout.tsx
FN:13,SafeAreaLayout
FNF:1
FNH:0
FNDA:0,SafeAreaLayout
DA:19,0
DA:20,0
DA:22,0
DA:38,0
LF:4
LH:0
BRDA:16,0,0,0
BRDA:20,1,0,0
BRDA:20,1,1,0
BRF:3
BRH:0
end_of_record
TN:
SF:components/SeniorDetailScreen.tsx
FN:44,SeniorDetailScreen
FN:61,(anonymous_1)
FN:74,(anonymous_2)
FN:78,(anonymous_3)
FN:84,(anonymous_4)
FN:100,(anonymous_5)
FN:115,(anonymous_6)
FN:122,(anonymous_7)
FN:130,(anonymous_8)
FN:140,(anonymous_9)
FN:149,(anonymous_10)
FN:160,(anonymous_11)
FN:169,(anonymous_12)
FN:377,(anonymous_13)
FNF:14
FNH:0
FNDA:0,SeniorDetailScreen
FNDA:0,(anonymous_1)
FNDA:0,(anonymous_2)
FNDA:0,(anonymous_3)
FNDA:0,(anonymous_4)
FNDA:0,(anonymous_5)
FNDA:0,(anonymous_6)
FNDA:0,(anonymous_7)
FNDA:0,(anonymous_8)
FNDA:0,(anonymous_9)
FNDA:0,(anonymous_10)
FNDA:0,(anonymous_11)
FNDA:0,(anonymous_12)
FNDA:0,(anonymous_13)
DA:49,0
DA:55,0
DA:56,0
DA:58,0
DA:61,0
DA:62,0
DA:63,0
DA:64,0
DA:65,0
DA:67,0
DA:69,0
DA:70,0
DA:74,0
DA:75,0
DA:78,0
DA:79,0
DA:80,0
DA:84,0
DA:85,0
DA:86,0
DA:87,0
DA:88,0
DA:89,0
DA:90,0
DA:94,0
DA:96,0
DA:100,0
DA:101,0
DA:103,0
DA:104,0
DA:105,0
DA:106,0
DA:108,0
DA:109,0
DA:110,0
DA:111,0
DA:115,0
DA:116,0
DA:117,0
DA:118,0
DA:119,0
DA:122,0
DA:123,0
DA:124,0
DA:125,0
DA:126,0
DA:130,0
DA:131,0
DA:137,0
DA:140,0
DA:141,0
DA:149,0
DA:150,0
DA:160,0
DA:161,0
DA:170,0
DA:171,0
DA:172,0
DA:178,0
DA:186,0
DA:187,0
DA:188,0
DA:189,0
DA:191,0
DA:378,0
DA:424,0
LF:66
LH:0
BRDA:61,0,0,0
BRDA:63,1,0,0
BRDA:63,1,1,0
BRDA:69,2,0,0
BRDA:69,2,1,0
BRDA:85,3,0,0
BRDA:85,3,1,0
BRDA:90,4,0,0
BRDA:90,4,1,0
BRDA:91,5,0,0
BRDA:91,5,1,0
BRDA:91,5,2,0
BRDA:101,6,0,0
BRDA:101,6,1,0
BRDA:108,7,0,0
BRDA:108,7,1,0
BRDA:109,8,0,0
BRDA:109,8,1,0
BRDA:110,9,0,0
BRDA:110,9,1,0
BRDA:116,10,0,0
BRDA:116,10,1,0
BRDA:117,11,0,0
BRDA:117,11,1,0
BRDA:118,12,0,0
BRDA:118,12,1,0
BRDA:123,13,0,0
BRDA:123,13,1,0
BRDA:124,14,0,0
BRDA:124,14,1,0
BRDA:125,15,0,0
BRDA:125,15,1,0
BRDA:152,16,0,0
BRDA:152,16,1,0
BRDA:205,17,0,0
BRDA:205,17,1,0
BRDA:206,18,0,0
BRDA:206,18,1,0
BRDA:227,19,0,0
BRDA:227,19,1,0
BRDA:241,20,0,0
BRDA:241,20,1,0
BRDA:264,21,0,0
BRDA:264,21,1,0
BRDA:290,22,0,0
BRDA:290,22,1,0
BRDA:297,23,0,0
BRDA:297,23,1,0
BRDA:317,24,0,0
BRDA:317,24,1,0
BRDA:322,25,0,0
BRDA:322,25,1,0
BRDA:322,25,2,0
BRDA:332,26,0,0
BRDA:332,26,1,0
BRDA:336,27,0,0
BRDA:336,27,1,0
BRDA:337,28,0,0
BRDA:337,28,1,0
BRDA:338,29,0,0
BRDA:338,29,1,0
BRF:61
BRH:0
end_of_record
TN:
SF:components/SeniorsListScreen.tsx
FN:60,SeniorsListScreen
FN:80,(anonymous_1)
FN:94,(anonymous_2)
FN:101,(anonymous_3)
FN:120,(anonymous_4)
FN:127,(anonymous_5)
FN:134,(anonymous_6)
FN:140,(anonymous_7)
FN:147,(anonymous_8)
FN:153,(anonymous_9)
FN:160,(anonymous_10)
FN:167,(anonymous_11)
FN:179,(anonymous_12)
FN:200,(anonymous_13)
FN:217,(anonymous_14)
FN:231,(anonymous_15)
FN:235,(anonymous_16)
FN:239,(anonymous_17)
FN:243,(anonymous_18)
FN:247,(anonymous_19)
FN:255,(anonymous_20)
FN:261,(anonymous_21)
FN:272,(anonymous_22)
FN:283,(anonymous_23)
FN:284,(anonymous_24)
FN:346,(anonymous_25)
FN:356,(anonymous_26)
FN:366,(anonymous_27)
FN:379,(anonymous_28)
FN:389,(anonymous_29)
FN:420,(anonymous_30)
FN:430,(anonymous_31)
FN:433,(anonymous_32)
FN:446,(anonymous_33)
FNF:34
FNH:0
FNDA:0,SeniorsListScreen
FNDA:0,(anonymous_1)
FNDA:0,(anonymous_2)
FNDA:0,(anonymous_3)
FNDA:0,(anonymous_4)
FNDA:0,(anonymous_5)
FNDA:0,(anonymous_6)
FNDA:0,(anonymous_7)
FNDA:0,(anonymous_8)
FNDA:0,(anonymous_9)
FNDA:0,(anonymous_10)
FNDA:0,(anonymous_11)
FNDA:0,(anonymous_12)
FNDA:0,(anonymous_13)
FNDA:0,(anonymous_14)
FNDA:0,(anonymous_15)
FNDA:0,(anonymous_16)
FNDA:0,(anonymous_17)
FNDA:0,(anonymous_18)
FNDA:0,(anonymous_19)
FNDA:0,(anonymous_20)
FNDA:0,(anonymous_21)
FNDA:0,(anonymous_22)
FNDA:0,(anonymous_23)
FNDA:0,(anonymous_24)
FNDA:0,(anonymous_25)
FNDA:0,(anonymous_26)
FNDA:0,(anonymous_27)
FNDA:0,(anonymous_28)
FNDA:0,(anonymous_29)
FNDA:0,(anonymous_30)
FNDA:0,(anonymous_31)
FNDA:0,(anonymous_32)
FNDA:0,(anonymous_33)
DA:61,0
DA:64,0
DA:65,0
DA:66,0
DA:69,0
DA:70,0
DA:71,0
DA:72,0
DA:75,0
DA:80,0
DA:81,0
DA:82,0
DA:83,0
DA:85,0
DA:88,0
DA:90,0
DA:91,0
DA:94,0
DA:95,0
DA:96,0
DA:99,0
DA:100,0
DA:101,0
DA:102,0
DA:104,0
DA:106,0
DA:108,0
DA:109,0
DA:114,0
DA:115,0
DA:120,0
DA:121,0
DA:122,0
DA:127,0
DA:128,0
DA:129,0
DA:130,0
DA:134,0
DA:135,0
DA:136,0
DA:137,0
DA:140,0
DA:141,0
DA:142,0
DA:143,0
DA:144,0
DA:147,0
DA:148,0
DA:149,0
DA:153,0
DA:154,0
DA:155,0
DA:156,0
DA:160,0
DA:161,0
DA:162,0
DA:163,0
DA:167,0
DA:168,0
DA:180,0
DA:181,0
DA:182,0
DA:186,0
DA:188,0
DA:200,0
DA:201,0
DA:202,0
DA:203,0
DA:204,0
DA:205,0
DA:207,0
DA:211,0
DA:213,0
DA:217,0
DA:218,0
DA:219,0
DA:220,0
DA:221,0
DA:223,0
DA:224,0
DA:225,0
DA:226,0
DA:227,0
DA:231,0
DA:232,0
DA:235,0
DA:239,0
DA:243,0
DA:247,0
DA:252,0
DA:253,0
DA:255,0
DA:259,0
DA:264,0
DA:272,0
DA:273,0
DA:274,0
DA:278,0
DA:280,0
DA:283,0
DA:284,0
DA:347,0
DA:348,0
DA:357,0
DA:358,0
DA:367,0
DA:368,0
DA:379,0
DA:380,0
DA:389,0
DA:397,0
DA:398,0
DA:406,0
DA:420,0
DA:430,0
DA:433,0
DA:446,0
DA:486,0
LF:118
LH:0
BRDA:80,0,0,0
BRDA:82,1,0,0
BRDA:82,1,1,0
BRDA:121,2,0,0
BRDA:121,2,1,0
BRDA:121,3,0,0
BRDA:121,3,1,0
BRDA:121,3,2,0
BRDA:190,4,0,0
BRDA:190,4,1,0
BRDA:201,5,0,0
BRDA:201,5,1,0
BRDA:207,6,0,0
BRDA:207,6,1,0
BRDA:208,7,0,0
BRDA:208,7,1,0
BRDA:208,7,2,0
BRDA:223,8,0,0
BRDA:223,8,1,0
BRDA:224,9,0,0
BRDA:224,9,1,0
BRDA:225,10,0,0
BRDA:225,10,1,0
BRDA:226,11,0,0
BRDA:226,11,1,0
BRDA:252,12,0,0
BRDA:252,12,1,0
BRDA:274,13,0,0
BRDA:274,13,1,0
BRDA:291,14,0,0
BRDA:291,14,1,0
BRDA:296,15,0,0
BRDA:296,15,1,0
BRDA:326,16,0,0
BRDA:326,16,1,0
BRDA:397,17,0,0
BRDA:397,17,1,0
BRDA:413,18,0,0
BRDA:413,18,1,0
BRDA:456,19,0,0
BRDA:456,19,1,0
BRDA:471,20,0,0
BRDA:471,20,1,0
BRF:43
BRH:0
end_of_record
TN:
SF:components/ThemedText.tsx
FN:11,ThemedText
FNF:1
FNH:1
FNDA:5,ThemedText
DA:18,5
DA:20,5
DA:36,1
LF:3
LH:3
BRDA:15,0,0,3
BRDA:24,1,0,3
BRDA:24,1,1,2
BRDA:25,2,0,1
BRDA:25,2,1,4
BRDA:26,3,0,0
BRDA:26,3,1,5
BRDA:27,4,0,1
BRDA:27,4,1,4
BRDA:28,5,0,0
BRDA:28,5,1,5
BRF:11
BRH:9
end_of_record
TN:
SF:components/ThemedView.tsx
FN:10,ThemedView
FNF:1
FNH:0
FNDA:0,ThemedView
DA:11,0
DA:13,0
LF:2
LH:0
BRF:0
BRH:0
end_of_record
TN:
SF:components/UserProfile.tsx
FN:17,UserProfile
FN:25,(anonymous_1)
FN:31,(anonymous_2)
FN:43,(anonymous_3)
FN:56,(anonymous_4)
FN:75,(anonymous_5)
FN:94,(anonymous_6)
FN:162,(anonymous_7)
FNF:8
FNH:7
FNDA:13,UserProfile
FNDA:7,(anonymous_1)
FNDA:1,(anonymous_2)
FNDA:0,(anonymous_3)
FNDA:12,(anonymous_4)
FNDA:12,(anonymous_5)
FNDA:12,(anonymous_6)
FNDA:14,(anonymous_7)
DA:19,13
DA:20,13
DA:25,13
DA:26,7
DA:27,6
DA:31,13
DA:32,1
DA:33,1
DA:35,0
DA:44,0
DA:45,0
DA:47,0
DA:56,13
DA:57,12
DA:59,0
DA:61,2
DA:63,10
DA:65,0
DA:67,0
DA:69,0
DA:71,0
DA:75,13
DA:76,12
DA:78,0
DA:80,2
DA:82,10
DA:84,0
DA:86,0
DA:88,0
DA:90,0
DA:94,13
DA:95,12
DA:96,12
DA:97,12
DA:98,12
DA:99,12
DA:101,12
DA:104,13
DA:106,12
DA:163,14
DA:182,1
LF:41
LH:27
BRDA:26,0,0,6
BRDA:26,0,1,1
BRDA:32,1,0,1
BRDA:32,1,1,0
BRDA:57,2,0,0
BRDA:57,2,1,2
BRDA:57,2,2,10
BRDA:57,2,3,0
BRDA:57,2,4,0
BRDA:57,2,5,0
BRDA:57,2,6,0
BRDA:76,3,0,0
BRDA:76,3,1,2
BRDA:76,3,2,10
BRDA:76,3,3,0
BRDA:76,3,4,0
BRDA:76,3,5,0
BRDA:76,3,6,0
BRDA:96,4,0,0
BRDA:96,4,1,12
BRDA:97,5,0,2
BRDA:97,5,1,10
BRDA:98,6,0,12
BRDA:98,6,1,0
BRDA:99,7,0,0
BRDA:99,7,1,12
BRDA:104,8,0,1
BRDA:104,8,1,12
BRDA:121,9,0,12
BRDA:121,9,1,2
BRDA:141,10,0,0
BRDA:141,10,1,12
BRDA:152,11,0,12
BRDA:152,11,1,12
BRF:34
BRH:19
end_of_record
TN:
SF:components/admin/AdminAlertCenter.tsx
FN:31,AlertItem
FN:53,(anonymous_1)
FN:107,AdminAlertCenter
FN:115,(anonymous_3)
FN:117,(anonymous_4)
FN:121,(anonymous_5)
FN:123,(anonymous_6)
FN:126,(anonymous_7)
FN:129,(anonymous_8)
FN:150,(anonymous_9)
FN:154,(anonymous_10)
FN:162,(anonymous_11)
FN:171,(anonymous_12)
FN:184,(anonymous_13)
FN:216,(anonymous_14)
FN:226,(anonymous_15)
FN:227,(anonymous_16)
FN:233,(anonymous_17)
FN:261,(anonymous_18)
FN:262,(anonymous_19)
FN:284,(anonymous_20)
FN:294,(anonymous_21)
FN:373,(anonymous_22)
FN:387,getSeverityLabel
FN:402,getSeverityColor
FN:417,getAlertTypeLabel
FNF:26
FNH:0
FNDA:0,AlertItem
FNDA:0,(anonymous_1)
FNDA:0,AdminAlertCenter
FNDA:0,(anonymous_3)
FNDA:0,(anonymous_4)
FNDA:0,(anonymous_5)
FNDA:0,(anonymous_6)
FNDA:0,(anonymous_7)
FNDA:0,(anonymous_8)
FNDA:0,(anonymous_9)
FNDA:0,(anonymous_10)
FNDA:0,(anonymous_11)
FNDA:0,(anonymous_12)
FNDA:0,(anonymous_13)
FNDA:0,(anonymous_14)
FNDA:0,(anonymous_15)
FNDA:0,(anonymous_16)
FNDA:0,(anonymous_17)
FNDA:0,(anonymous_18)
FNDA:0,(anonymous_19)
FNDA:0,(anonymous_20)
FNDA:0,(anonymous_21)
FNDA:0,(anonymous_22)
FNDA:0,getSeverityLabel
FNDA:0,getSeverityColor
FNDA:0,getAlertTypeLabel
DA:32,0
DA:39,0
DA:47,0
DA:53,0
DA:108,0
DA:109,0
DA:110,0
DA:111,0
DA:112,0
DA:113,0
DA:115,0
DA:116,0
DA:117,0
DA:120,0
DA:121,0
DA:122,0
DA:124,0
DA:126,0
DA:129,0
DA:130,0
DA:131,0
DA:132,0
DA:134,0
DA:135,0
DA:137,0
DA:141,0
DA:142,0
DA:144,0
DA:145,0
DA:146,0
DA:150,0
DA:151,0
DA:154,0
DA:155,0
DA:156,0
DA:157,0
DA:162,0
DA:163,0
DA:165,0
DA:167,0
DA:170,0
DA:171,0
DA:172,0
DA:173,0
DA:174,0
DA:175,0
DA:178,0
DA:180,0
DA:184,0
DA:185,0
DA:186,0
DA:189,0
DA:190,0
DA:197,0
DA:216,0
DA:226,0
DA:228,0
DA:233,0
DA:261,0
DA:263,0
DA:284,0
DA:294,0
DA:373,0
DA:388,0
DA:390,0
DA:392,0
DA:394,0
DA:396,0
DA:398,0
DA:403,0
DA:405,0
DA:407,0
DA:409,0
DA:411,0
DA:413,0
DA:418,0
DA:420,0
DA:422,0
DA:424,0
DA:426,0
DA:428,0
DA:430,0
DA:434,0
LF:83
LH:0
BRDA:63,0,0,0
BRDA:63,0,1,0
BRDA:72,1,0,0
BRDA:72,1,1,0
BRDA:98,2,0,0
BRDA:98,2,1,0
BRDA:116,3,0,0
BRDA:116,3,1,0
BRDA:126,4,0,0
BRDA:126,4,1,0
BRDA:163,5,0,0
BRDA:163,5,1,0
BRDA:172,6,0,0
BRDA:172,6,1,0
BRDA:189,7,0,0
BRDA:189,7,1,0
BRDA:226,8,0,0
BRDA:226,8,1,0
BRDA:231,9,0,0
BRDA:231,9,1,0
BRDA:238,10,0,0
BRDA:238,10,1,0
BRDA:241,11,0,0
BRDA:241,11,1,0
BRDA:251,12,0,0
BRDA:251,12,1,0
BRDA:288,13,0,0
BRDA:288,13,1,0
BRDA:340,14,0,0
BRDA:340,14,1,0
BRDA:351,15,0,0
BRDA:351,15,1,0
BRDA:364,16,0,0
BRDA:364,16,1,0
BRDA:388,17,0,0
BRDA:388,17,1,0
BRDA:388,17,2,0
BRDA:388,17,3,0
BRDA:388,17,4,0
BRDA:403,18,0,0
BRDA:403,18,1,0
BRDA:403,18,2,0
BRDA:403,18,3,0
BRDA:403,18,4,0
BRDA:418,19,0,0
BRDA:418,19,1,0
BRDA:418,19,2,0
BRDA:418,19,3,0
BRDA:418,19,4,0
BRDA:418,19,5,0
BRF:50
BRH:0
end_of_record
TN:
SF:components/admin/AdminDashboard.tsx
FN:21,StatCard
FN:49,QuickAction
FN:53,(anonymous_2)
FN:63,AdminDashboard
FN:70,(anonymous_4)
FN:71,(anonymous_5)
FN:74,(anonymous_6)
FN:89,(anonymous_7)
FN:93,(anonymous_8)
FN:134,(anonymous_9)
FN:157,(anonymous_10)
FN:165,(anonymous_11)
FN:182,(anonymous_12)
FN:193,(anonymous_13)
FNF:14
FNH:0
FNDA:0,StatCard
FNDA:0,QuickAction
FNDA:0,(anonymous_2)
FNDA:0,AdminDashboard
FNDA:0,(anonymous_4)
FNDA:0,(anonymous_5)
FNDA:0,(anonymous_6)
FNDA:0,(anonymous_7)
FNDA:0,(anonymous_8)
FNDA:0,(anonymous_9)
FNDA:0,(anonymous_10)
FNDA:0,(anonymous_11)
FNDA:0,(anonymous_12)
FNDA:0,(anonymous_13)
DA:22,0
DA:50,0
DA:53,0
DA:64,0
DA:65,0
DA:66,0
DA:67,0
DA:70,0
DA:71,0
DA:74,0
DA:75,0
DA:76,0
DA:77,0
DA:78,0
DA:79,0
DA:81,0
DA:82,0
DA:84,0
DA:85,0
DA:89,0
DA:90,0
DA:93,0
DA:94,0
DA:95,0
DA:98,0
DA:99,0
DA:106,0
DA:107,0
DA:114,0
DA:134,0
DA:157,0
DA:165,0
DA:182,0
DA:194,0
DA:277,0
LF:35
LH:0
BRDA:33,0,0,0
BRDA:33,0,1,0
BRDA:35,1,0,0
BRDA:35,1,1,0
BRDA:71,2,0,0
BRDA:71,2,1,0
BRDA:98,3,0,0
BRDA:98,3,1,0
BRDA:106,4,0,0
BRDA:106,4,1,0
BRDA:131,5,0,0
BRDA:131,5,1,0
BRDA:139,6,0,0
BRDA:139,6,1,0
BRDA:139,7,0,0
BRDA:139,7,1,0
BRDA:153,8,0,0
BRDA:153,8,1,0
BRDA:156,9,0,0
BRDA:156,9,1,0
BRDA:162,10,0,0
BRDA:162,10,1,0
BRDA:170,11,0,0
BRDA:170,11,1,0
BRDA:173,12,0,0
BRDA:173,12,1,0
BRDA:178,13,0,0
BRDA:178,13,1,0
BRDA:187,14,0,0
BRDA:187,14,1,0
BRDA:196,15,0,0
BRDA:196,15,1,0
BRDA:197,16,0,0
BRDA:197,16,1,0
BRDA:198,17,0,0
BRDA:198,17,1,0
BRDA:199,18,0,0
BRDA:199,18,1,0
BRDA:200,19,0,0
BRDA:200,19,1,0
BRDA:251,20,0,0
BRDA:251,20,1,0
BRDA:254,21,0,0
BRDA:254,21,1,0
BRDA:262,22,0,0
BRDA:262,22,1,0
BRF:46
BRH:0
end_of_record
TN:
SF:components/admin/AdminRoute.tsx
FN:15,AdminRoute
FN:55,(anonymous_1)
FNF:2
FNH:0
FNDA:0,AdminRoute
FNDA:0,(anonymous_1)
DA:16,0
DA:19,0
DA:20,0
DA:30,0
DA:31,0
DA:55,0
DA:65,0
DA:72,0
LF:8
LH:0
BRDA:19,0,0,0
BRDA:19,0,1,0
BRDA:30,1,0,0
BRDA:30,1,1,0
BRDA:30,2,0,0
BRDA:30,2,1,0
BRDA:48,3,0,0
BRDA:48,3,1,0
BRDA:48,3,2,0
BRF:9
BRH:0
end_of_record
TN:
SF:components/admin/AdminSeniorsList.tsx
FN:21,SeniorItem
FN:29,(anonymous_1)
FN:54,AdminSeniorsList
FN:62,(anonymous_3)
FN:64,(anonymous_4)
FN:83,(anonymous_5)
FN:87,(anonymous_6)
FN:92,(anonymous_7)
FN:97,(anonymous_8)
FN:125,(anonymous_9)
FN:152,(anonymous_10)
FN:183,(anonymous_11)
FN:184,(anonymous_12)
FN:203,(anonymous_13)
FNF:14
FNH:0
FNDA:0,SeniorItem
FNDA:0,(anonymous_1)
FNDA:0,AdminSeniorsList
FNDA:0,(anonymous_3)
FNDA:0,(anonymous_4)
FNDA:0,(anonymous_5)
FNDA:0,(anonymous_6)
FNDA:0,(anonymous_7)
FNDA:0,(anonymous_8)
FNDA:0,(anonymous_9)
FNDA:0,(anonymous_10)
FNDA:0,(anonymous_11)
FNDA:0,(anonymous_12)
FNDA:0,(anonymous_13)
DA:22,0
DA:26,0
DA:29,0
DA:55,0
DA:56,0
DA:57,0
DA:58,0
DA:61,0
DA:62,0
DA:64,0
DA:65,0
DA:66,0
DA:67,0
DA:69,0
DA:70,0
DA:72,0
DA:74,0
DA:75,0
DA:77,0
DA:78,0
DA:79,0
DA:83,0
DA:84,0
DA:87,0
DA:88,0
DA:89,0
DA:92,0
DA:93,0
DA:94,0
DA:97,0
DA:98,0
DA:99,0
DA:100,0
DA:101,0
DA:102,0
DA:106,0
DA:107,0
DA:109,0
DA:112,0
DA:113,0
DA:115,0
DA:118,0
DA:120,0
DA:121,0
DA:125,0
DA:126,0
DA:127,0
DA:130,0
DA:131,0
DA:138,0
DA:152,0
DA:183,0
DA:185,0
DA:203,0
DA:211,0
LF:55
LH:0
BRDA:22,0,0,0
BRDA:22,0,1,0
BRDA:40,1,0,0
BRDA:40,1,1,0
BRDA:42,2,0,0
BRDA:42,2,1,0
BRDA:100,3,0,0
BRDA:100,3,1,0
BRDA:112,4,0,0
BRDA:112,4,1,0
BRDA:130,5,0,0
BRDA:130,5,1,0
BRDA:151,6,0,0
BRDA:151,6,1,0
BRDA:173,7,0,0
BRDA:173,7,1,0
BRDA:194,8,0,0
BRDA:194,8,1,0
BRF:18
BRH:0
end_of_record
TN:
SF:components/admin/AdminUsersList.tsx
FN:29,UserItem
FN:68,(anonymous_1)
FN:80,(anonymous_2)
FN:92,(anonymous_3)
FN:106,getUserTypeLabel
FN:117,getUserTypeIcon
FN:128,getUserTypeColor
FN:139,AdminUsersList
FN:152,(anonymous_8)
FN:155,(anonymous_9)
FN:174,(anonymous_10)
FN:178,(anonymous_11)
FN:183,(anonymous_12)
FN:188,(anonymous_13)
FN:199,(anonymous_14)
FN:209,(anonymous_15)
FN:227,(anonymous_16)
FN:233,(anonymous_17)
FN:249,(anonymous_18)
FN:264,(anonymous_19)
FN:273,(anonymous_20)
FN:280,(anonymous_21)
FN:293,(anonymous_22)
FN:320,(anonymous_23)
FN:329,(anonymous_24)
FN:330,(anonymous_25)
FN:336,(anonymous_26)
FN:366,(anonymous_27)
FN:367,(anonymous_28)
FN:394,(anonymous_29)
FN:420,(anonymous_30)
FNF:31
FNH:0
FNDA:0,UserItem
FNDA:0,(anonymous_1)
FNDA:0,(anonymous_2)
FNDA:0,(anonymous_3)
FNDA:0,getUserTypeLabel
FNDA:0,getUserTypeIcon
FNDA:0,getUserTypeColor
FNDA:0,AdminUsersList
FNDA:0,(anonymous_8)
FNDA:0,(anonymous_9)
FNDA:0,(anonymous_10)
FNDA:0,(anonymous_11)
FNDA:0,(anonymous_12)
FNDA:0,(anonymous_13)
FNDA:0,(anonymous_14)
FNDA:0,(anonymous_15)
FNDA:0,(anonymous_16)
FNDA:0,(anonymous_17)
FNDA:0,(anonymous_18)
FNDA:0,(anonymous_19)
FNDA:0,(anonymous_20)
FNDA:0,(anonymous_21)
FNDA:0,(anonymous_22)
FNDA:0,(anonymous_23)
FNDA:0,(anonymous_24)
FNDA:0,(anonymous_25)
FNDA:0,(anonymous_26)
FNDA:0,(anonymous_27)
FNDA:0,(anonymous_28)
FNDA:0,(anonymous_29)
FNDA:0,(anonymous_30)
DA:30,0
DA:31,0
DA:33,0
DA:68,0
DA:80,0
DA:92,0
DA:107,0
DA:108,0
DA:109,0
DA:110,0
DA:111,0
DA:112,0
DA:113,0
DA:118,0
DA:119,0
DA:120,0
DA:121,0
DA:122,0
DA:123,0
DA:124,0
DA:129,0
DA:130,0
DA:131,0
DA:132,0
DA:133,0
DA:134,0
DA:135,0
DA:140,0
DA:141,0
DA:142,0
DA:143,0
DA:144,0
DA:145,0
DA:146,0
DA:147,0
DA:148,0
DA:151,0
DA:152,0
DA:153,0
DA:155,0
DA:156,0
DA:157,0
DA:158,0
DA:160,0
DA:161,0
DA:163,0
DA:165,0
DA:166,0
DA:168,0
DA:169,0
DA:170,0
DA:174,0
DA:175,0
DA:178,0
DA:179,0
DA:180,0
DA:183,0
DA:184,0
DA:185,0
DA:188,0
DA:189,0
DA:190,0
DA:192,0
DA:200,0
DA:201,0
DA:202,0
DA:208,0
DA:209,0
DA:210,0
DA:211,0
DA:212,0
DA:213,0
DA:216,0
DA:218,0
DA:219,0
DA:227,0
DA:228,0
DA:229,0
DA:230,0
DA:233,0
DA:234,0
DA:235,0
DA:236,0
DA:239,0
DA:240,0
DA:241,0
DA:248,0
DA:249,0
DA:250,0
DA:251,0
DA:252,0
DA:253,0
DA:256,0
DA:257,0
DA:259,0
DA:260,0
DA:264,0
DA:265,0
DA:274,0
DA:275,0
DA:276,0
DA:279,0
DA:280,0
DA:282,0
DA:284,0
DA:285,0
DA:293,0
DA:294,0
DA:295,0
DA:298,0
DA:299,0
DA:306,0
DA:320,0
DA:329,0
DA:331,0
DA:336,0
DA:366,0
DA:368,0
DA:394,0
DA:420,0
DA:437,0
LF:121
LH:0
BRDA:47,0,0,0
BRDA:47,0,1,0
BRDA:56,1,0,0
BRDA:56,1,1,0
BRDA:57,2,0,0
BRDA:57,2,1,0
BRDA:58,3,0,0
BRDA:58,3,1,0
BRDA:67,4,0,0
BRDA:67,4,1,0
BRDA:72,5,0,0
BRDA:72,5,1,0
BRDA:74,6,0,0
BRDA:74,6,1,0
BRDA:79,7,0,0
BRDA:79,7,1,0
BRDA:86,8,0,0
BRDA:86,8,1,0
BRDA:91,9,0,0
BRDA:91,9,1,0
BRDA:98,10,0,0
BRDA:98,10,1,0
BRDA:107,11,0,0
BRDA:107,11,1,0
BRDA:107,11,2,0
BRDA:107,11,3,0
BRDA:107,11,4,0
BRDA:107,11,5,0
BRDA:118,12,0,0
BRDA:118,12,1,0
BRDA:118,12,2,0
BRDA:118,12,3,0
BRDA:118,12,4,0
BRDA:118,12,5,0
BRDA:129,13,0,0
BRDA:129,13,1,0
BRDA:129,13,2,0
BRDA:129,13,3,0
BRDA:129,13,4,0
BRDA:129,13,5,0
BRDA:185,14,0,0
BRDA:185,14,1,0
BRDA:190,15,0,0
BRDA:190,15,1,0
BRDA:210,16,0,0
BRDA:210,16,1,0
BRDA:234,17,0,0
BRDA:234,17,1,0
BRDA:234,18,0,0
BRDA:234,18,1,0
BRDA:250,19,0,0
BRDA:250,19,1,0
BRDA:260,20,0,0
BRDA:260,20,1,0
BRDA:285,21,0,0
BRDA:285,21,1,0
BRDA:298,22,0,0
BRDA:298,22,1,0
BRDA:319,23,0,0
BRDA:319,23,1,0
BRDA:334,24,0,0
BRDA:334,24,1,0
BRDA:340,25,0,0
BRDA:340,25,1,0
BRDA:342,26,0,0
BRDA:342,26,1,0
BRDA:356,27,0,0
BRDA:356,27,1,0
BRDA:383,28,0,0
BRDA:383,28,1,0
BRDA:399,29,0,0
BRDA:399,29,1,0
BRF:72
BRH:0
end_of_record
TN:
SF:components/auth/AuthWrapper.tsx
FN:18,AuthWrapper
FN:33,(anonymous_1)
FN:38,(anonymous_2)
FN:51,(anonymous_3)
FN:89,(anonymous_4)
FN:98,(anonymous_5)
FN:122,(anonymous_6)
FN:171,(anonymous_7)
FN:173,(anonymous_8)
FNF:9
FNH:0
FNDA:0,AuthWrapper
FNDA:0,(anonymous_1)
FNDA:0,(anonymous_2)
FNDA:0,(anonymous_3)
FNDA:0,(anonymous_4)
FNDA:0,(anonymous_5)
FNDA:0,(anonymous_6)
FNDA:0,(anonymous_7)
FNDA:0,(anonymous_8)
DA:26,0
DA:28,0
DA:29,0
DA:32,0
DA:33,0
DA:37,0
DA:38,0
DA:39,0
DA:42,0
DA:47,0
DA:48,0
DA:51,0
DA:52,0
DA:57,0
DA:58,0
DA:59,0
DA:62,0
DA:63,0
DA:76,0
DA:77,0
DA:89,0
DA:98,0
DA:122,0
DA:136,0
DA:137,0
DA:167,0
DA:168,0
DA:171,0
DA:173,0
DA:180,0
DA:181,0
DA:185,0
DA:197,0
LF:33
LH:0
BRDA:37,0,0,0
BRDA:37,0,1,0
BRDA:37,1,0,0
BRDA:37,1,1,0
BRDA:47,2,0,0
BRDA:47,2,1,0
BRDA:52,3,0,0
BRDA:52,3,1,0
BRDA:57,4,0,0
BRDA:57,4,1,0
BRDA:57,4,2,0
BRDA:58,5,0,0
BRDA:58,5,1,0
BRDA:58,5,2,0
BRDA:59,6,0,0
BRDA:59,6,1,0
BRDA:59,6,2,0
BRDA:62,7,0,0
BRDA:62,7,1,0
BRDA:76,8,0,0
BRDA:76,8,1,0
BRDA:76,9,0,0
BRDA:76,9,1,0
BRDA:76,9,2,0
BRDA:76,9,3,0
BRDA:94,10,0,0
BRDA:94,10,1,0
BRDA:101,11,0,0
BRDA:101,11,1,0
BRDA:105,12,0,0
BRDA:105,12,1,0
BRDA:112,13,0,0
BRDA:112,13,1,0
BRDA:115,14,0,0
BRDA:115,14,1,0
BRDA:136,15,0,0
BRDA:136,15,1,0
BRDA:142,16,0,0
BRDA:142,16,1,0
BRDA:144,17,0,0
BRDA:144,17,1,0
BRDA:149,18,0,0
BRDA:149,18,1,0
BRDA:155,19,0,0
BRDA:155,19,1,0
BRDA:167,20,0,0
BRDA:167,20,1,0
BRDA:170,21,0,0
BRDA:170,21,1,0
BRDA:180,22,0,0
BRDA:180,22,1,0
BRF:51
BRH:0
end_of_record
TN:
SF:components/auth/LoginForm.tsx
FN:17,LoginForm
FN:22,(anonymous_1)
FN:39,(anonymous_2)
FN:110,(anonymous_3)
FN:116,(anonymous_4)
FN:122,(anonymous_5)
FN:128,(anonymous_6)
FNF:7
FNH:3
FNDA:7,LoginForm
FNDA:0,(anonymous_1)
FNDA:1,(anonymous_2)
FNDA:1,(anonymous_3)
FNDA:0,(anonymous_4)
FNDA:0,(anonymous_5)
FNDA:0,(anonymous_6)
DA:18,7
DA:19,7
DA:20,7
DA:22,7
DA:23,0
DA:24,0
DA:25,0
DA:28,0
DA:29,0
DA:30,0
DA:31,0
DA:33,0
DA:35,0
DA:39,7
DA:40,1
DA:47,1
DA:48,1
DA:51,7
DA:110,1
DA:116,0
DA:122,0
DA:128,0
DA:139,1
LF:23
LH:11
BRDA:23,0,0,0
BRDA:23,0,1,0
BRDA:23,1,0,0
BRDA:23,1,1,0
BRDA:89,2,0,0
BRDA:89,2,1,7
BRF:6
BRH:1
end_of_record
TN:
SF:components/auth/SignUpForm.tsx
FN:20,SignUpForm
FN:29,(anonymous_1)
FN:71,(anonymous_2)
FN:83,(anonymous_3)
FNF:4
FNH:3
FNDA:7,SignUpForm
FNDA:0,(anonymous_1)
FNDA:35,(anonymous_2)
FNDA:7,(anonymous_3)
DA:21,7
DA:22,7
DA:23,7
DA:24,7
DA:25,7
DA:26,7
DA:27,7
DA:29,7
DA:30,0
DA:31,0
DA:32,0
DA:35,0
DA:36,0
DA:40,0
DA:43,0
DA:44,0
DA:45,0
DA:52,0
DA:53,0
DA:59,0
DA:65,0
DA:67,0
DA:71,7
DA:72,35
DA:80,35
DA:83,7
DA:84,7
DA:92,7
DA:95,7
DA:231,1
LF:30
LH:16
BRDA:30,0,0,0
BRDA:30,0,1,0
BRDA:30,1,0,0
BRDA:30,1,1,0
BRDA:30,1,2,0
BRDA:30,1,3,0
BRDA:35,2,0,0
BRDA:35,2,1,0
BRDA:49,3,0,0
BRDA:49,3,1,0
BRDA:52,4,0,0
BRDA:52,4,1,0
BRDA:213,5,0,0
BRDA:213,5,1,7
BRF:14
BRH:1
end_of_record
TN:
SF:components/ui/IconSymbol.ios.tsx
FN:4,IconSymbol
FNF:1
FNH:0
FNDA:0,IconSymbol
DA:17,0
LF:1
LH:0
BRDA:6,0,0,0
BRDA:9,1,0,0
BRF:2
BRH:0
end_of_record
TN:
SF:components/ui/IconSymbol.tsx
FN:28,IconSymbol
FNF:1
FNH:0
FNDA:0,IconSymbol
DA:16,0
DA:40,0
LF:2
LH:0
BRDA:30,0,0,0
BRF:1
BRH:0
end_of_record
TN:
SF:components/ui/TabBarBackground.ios.tsx
FN:5,BlurTabBarBackground
FN:17,useBottomTabOverflow
FNF:2
FNH:0
FNDA:0,BlurTabBarBackground
FNDA:0,useBottomTabOverflow
DA:6,0
DA:18,0
LF:2
LH:0
BRF:0
BRH:0
end_of_record
TN:
SF:components/ui/TabBarBackground.tsx
FN:4,useBottomTabOverflow
FNF:1
FNH:0
FNDA:0,useBottomTabOverflow
DA:5,0
LF:1
LH:0
BRF:0
BRH:0
end_of_record
TN:
SF:hooks/useColorScheme.ts
FNF:0
FNH:0
LF:0
LH:0
BRF:0
BRH:0
end_of_record
TN:
SF:hooks/useColorScheme.web.ts
FN:7,useColorScheme
FN:10,(anonymous_1)
FNF:2
FNH:0
FNDA:0,useColorScheme
FNDA:0,(anonymous_1)
DA:8,0
DA:10,0
DA:11,0
DA:14,0
DA:16,0
DA:17,0
DA:20,0
LF:7
LH:0
BRDA:16,0,0,0
BRDA:16,0,1,0
BRF:2
BRH:0
end_of_record
TN:
SF:hooks/useThemeColor.ts
FN:9,useThemeColor
FNF:1
FNH:1
FNDA:27,useThemeColor
DA:13,27
DA:14,27
DA:16,27
DA:17,4
DA:19,23
LF:5
LH:5
BRDA:13,0,0,27
BRDA:13,0,1,1
BRDA:16,1,0,4
BRDA:16,1,1,23
BRF:4
BRH:4
end_of_record
TN:
SF:utils/SupaLegend.ts
FNF:0
FNH:0
LF:0
LH:0
BRF:0
BRH:0
end_of_record
TN:
SF:utils/database.types.ts
FNF:0
FNH:0
DA:939,0
LF:1
LH:0
BRF:0
BRH:0
end_of_record
TN:
SF:utils/storage.ts
FN:12,(anonymous_0)
FN:16,(anonymous_1)
FN:17,(anonymous_2)
FN:24,(anonymous_3)
FN:25,(anonymous_4)
FN:34,(anonymous_5)
FN:35,(anonymous_6)
FN:44,(anonymous_7)
FN:48,(anonymous_8)
FN:50,(anonymous_9)
FN:51,(anonymous_10)
FN:58,(anonymous_11)
FN:62,(anonymous_12)
FN:64,(anonymous_13)
FN:73,(anonymous_14)
FN:74,(anonymous_15)
FN:76,(anonymous_16)
FN:85,(anonymous_17)
FN:89,(anonymous_18)
FN:91,(anonymous_19)
FN:112,(anonymous_20)
FN:113,(anonymous_21)
FN:134,(anonymous_22)
FN:135,(anonymous_23)
FN:148,(anonymous_24)
FN:150,(anonymous_25)
FN:151,(anonymous_26)
FNF:27
FNH:0
FNDA:0,(anonymous_0)
FNDA:0,(anonymous_1)
FNDA:0,(anonymous_2)
FNDA:0,(anonymous_3)
FNDA:0,(anonymous_4)
FNDA:0,(anonymous_5)
FNDA:0,(anonymous_6)
FNDA:0,(anonymous_7)
FNDA:0,(anonymous_8)
FNDA:0,(anonymous_9)
FNDA:0,(anonymous_10)
FNDA:0,(anonymous_11)
FNDA:0,(anonymous_12)
FNDA:0,(anonymous_13)
FNDA:0,(anonymous_14)
FNDA:0,(anonymous_15)
FNDA:0,(anonymous_16)
FNDA:0,(anonymous_17)
FNDA:0,(anonymous_18)
FNDA:0,(anonymous_19)
FNDA:0,(anonymous_20)
FNDA:0,(anonymous_21)
FNDA:0,(anonymous_22)
FNDA:0,(anonymous_23)
FNDA:0,(anonymous_24)
FNDA:0,(anonymous_25)
FNDA:0,(anonymous_26)
DA:4,0
DA:5,0
DA:12,0
DA:13,0
DA:15,0
DA:17,0
DA:18,0
DA:19,0
DA:20,0
DA:25,0
DA:26,0
DA:27,0
DA:29,0
DA:30,0
DA:35,0
DA:36,0
DA:37,0
DA:39,0
DA:40,0
DA:48,0
DA:49,0
DA:50,0
DA:51,0
DA:53,0
DA:54,0
DA:62,0
DA:63,0
DA:64,0
DA:65,0
DA:68,0
DA:69,0
DA:74,0
DA:75,0
DA:76,0
DA:77,0
DA:80,0
DA:81,0
DA:89,0
DA:90,0
DA:91,0
DA:92,0
DA:93,0
DA:94,0
DA:95,0
DA:96,0
DA:97,0
DA:98,0
DA:100,0
DA:103,0
DA:107,0
DA:108,0
DA:113,0
DA:114,0
DA:115,0
DA:116,0
DA:117,0
DA:118,0
DA:119,0
DA:120,0
DA:121,0
DA:123,0
DA:126,0
DA:129,0
DA:130,0
DA:135,0
DA:136,0
DA:137,0
DA:138,0
DA:139,0
DA:140,0
DA:143,0
DA:144,0
DA:151,0
DA:152,0
DA:153,0
DA:155,0
DA:156,0
DA:163,0
LF:78
LH:0
BRDA:4,0,0,0
BRDA:4,0,1,0
BRDA:18,1,0,0
BRDA:18,1,1,0
BRDA:19,2,0,0
BRDA:19,2,1,0
BRDA:26,3,0,0
BRDA:26,3,1,0
BRDA:29,4,0,0
BRDA:29,4,1,0
BRDA:36,5,0,0
BRDA:36,5,1,0
BRDA:39,6,0,0
BRDA:39,6,1,0
BRDA:49,7,0,0
BRDA:49,7,1,0
BRDA:53,8,0,0
BRDA:53,8,1,0
BRDA:63,9,0,0
BRDA:63,9,1,0
BRDA:68,10,0,0
BRDA:68,10,1,0
BRDA:75,11,0,0
BRDA:75,11,1,0
BRDA:80,12,0,0
BRDA:80,12,1,0
BRDA:90,13,0,0
BRDA:90,13,1,0
BRDA:93,14,0,0
BRDA:93,14,1,0
BRDA:107,15,0,0
BRDA:107,15,1,0
BRDA:114,16,0,0
BRDA:114,16,1,0
BRDA:116,17,0,0
BRDA:116,17,1,0
BRDA:129,18,0,0
BRDA:129,18,1,0
BRDA:137,19,0,0
BRDA:137,19,1,0
BRDA:140,20,0,0
BRDA:140,20,1,0
BRDA:143,21,0,0
BRDA:143,21,1,0
BRDA:152,22,0,0
BRDA:152,22,1,0
BRDA:155,23,0,0
BRDA:155,23,1,0
BRDA:163,24,0,0
BRDA:163,24,1,0
BRF:50
BRH:0
end_of_record
TN:
SF:utils/supabase/client.ts
FN:35,(anonymous_0)
FN:48,(anonymous_1)
FNF:2
FNH:0
FNDA:0,(anonymous_0)
FNDA:0,(anonymous_1)
DA:19,0
DA:34,0
DA:35,0
DA:36,0
DA:37,0
DA:39,0
DA:48,0
DA:51,0
LF:8
LH:0
BRDA:20,0,0,0
BRDA:20,0,1,0
BRDA:21,1,0,0
BRDA:21,1,1,0
BRDA:25,2,0,0
BRDA:25,2,1,0
BRDA:34,3,0,0
BRDA:34,3,1,0
BRDA:36,4,0,0
BRDA:36,4,1,0
BRF:10
BRH:0
end_of_record
TN:
SF:utils/supabase/init.ts
FNF:0
FNH:0
DA:8,0
LF:1
LH:0
BRF:0
BRH:0
end_of_record
TN:
SF:utils/supabase/storage.ts
FNF:0
FNH:0
DA:5,0
LF:1
LH:0
BRDA:5,0,0,0
BRDA:5,0,1,0
BRF:2
BRH:0
end_of_record
TN:
SF:utils/supabase/types.ts
FNF:0
FNH:0
LF:0
LH:0
BRF:0
BRH:0
end_of_record
TN:
SF:utils/supabase/auth/auth-functions.ts
FN:19,signUpMyCompanionUser
FN:75,signInWithEmail
FN:98,signOut
FN:151,getCurrentUserProfile
FN:173,updateUserProfile
FN:213,(anonymous_5)
FN:220,updateUserProfileNoAuth
FN:264,(anonymous_7)
FN:271,changePassword
FN:304,changeEmail
FN:342,sendPasswordResetEmail
FN:363,deleteUserAccount
FN:403,getUserStats
FNF:13
FNH:0
FNDA:0,signUpMyCompanionUser
FNDA:0,signInWithEmail
FNDA:0,signOut
FNDA:0,getCurrentUserProfile
FNDA:0,updateUserProfile
FNDA:0,(anonymous_5)
FNDA:0,updateUserProfileNoAuth
FNDA:0,(anonymous_7)
FNDA:0,changePassword
FNDA:0,changeEmail
FNDA:0,sendPasswordResetEmail
FNDA:0,deleteUserAccount
FNDA:0,getUserStats
DA:24,0
DA:25,0
DA:28,0
DA:42,0
DA:43,0
DA:46,0
DA:47,0
DA:57,0
DA:60,0
DA:64,0
DA:69,0
DA:70,0
DA:76,0
DA:77,0
DA:79,0
DA:84,0
DA:85,0
DA:86,0
DA:89,0
DA:90,0
DA:92,0
DA:93,0
DA:99,0
DA:100,0
DA:105,0
DA:107,0
DA:108,0
DA:114,0
DA:115,0
DA:117,0
DA:119,0
DA:120,0
DA:125,0
DA:127,0
DA:131,0
DA:136,0
DA:139,0
DA:141,0
DA:142,0
DA:143,0
DA:146,0
DA:152,0
DA:155,0
DA:156,0
DA:158,0
DA:164,0
DA:165,0
DA:167,0
DA:168,0
DA:174,0
DA:175,0
DA:179,0
DA:180,0
DA:183,0
DA:190,0
DA:193,0
DA:196,0
DA:197,0
DA:208,0
DA:210,0
DA:211,0
DA:213,0
DA:214,0
DA:221,0
DA:222,0
DA:225,0
DA:226,0
DA:227,0
DA:230,0
DA:233,0
DA:240,0
DA:243,0
DA:246,0
DA:247,0
DA:258,0
DA:259,0
DA:261,0
DA:262,0
DA:264,0
DA:265,0
DA:272,0
DA:273,0
DA:275,0
DA:276,0
DA:279,0
DA:284,0
DA:285,0
DA:289,0
DA:293,0
DA:295,0
DA:296,0
DA:298,0
DA:299,0
DA:305,0
DA:306,0
DA:308,0
DA:309,0
DA:311,0
DA:316,0
DA:317,0
DA:321,0
DA:328,0
DA:330,0
DA:334,0
DA:336,0
DA:337,0
DA:343,0
DA:344,0
DA:346,0
DA:348,0
DA:352,0
DA:354,0
DA:355,0
DA:357,0
DA:358,0
DA:364,0
DA:365,0
DA:367,0
DA:368,0
DA:371,0
DA:376,0
DA:377,0
DA:381,0
DA:390,0
DA:392,0
DA:394,0
DA:395,0
DA:397,0
DA:398,0
DA:404,0
DA:405,0
DA:416,0
DA:421,0
DA:422,0
LF:134
LH:0
BRDA:42,0,0,0
BRDA:42,0,1,0
BRDA:43,1,0,0
BRDA:43,1,1,0
BRDA:46,2,0,0
BRDA:46,2,1,0
BRDA:57,3,0,0
BRDA:57,3,1,0
BRDA:84,4,0,0
BRDA:84,4,1,0
BRDA:107,5,0,0
BRDA:107,5,1,0
BRDA:114,6,0,0
BRDA:114,6,1,0
BRDA:119,7,0,0
BRDA:119,7,1,0
BRDA:120,8,0,0
BRDA:120,8,1,0
BRDA:121,9,0,0
BRDA:121,9,1,0
BRDA:121,9,2,0
BRDA:141,10,0,0
BRDA:141,10,1,0
BRDA:141,11,0,0
BRDA:141,11,1,0
BRDA:156,12,0,0
BRDA:156,12,1,0
BRDA:164,13,0,0
BRDA:164,13,1,0
BRDA:180,14,0,0
BRDA:180,14,1,0
BRDA:190,15,0,0
BRDA:190,15,1,0
BRDA:196,16,0,0
BRDA:196,16,1,0
BRDA:196,17,0,0
BRDA:196,17,1,0
BRDA:196,17,2,0
BRDA:226,18,0,0
BRDA:226,18,1,0
BRDA:240,19,0,0
BRDA:240,19,1,0
BRDA:246,20,0,0
BRDA:246,20,1,0
BRDA:246,21,0,0
BRDA:246,21,1,0
BRDA:246,21,2,0
BRDA:276,22,0,0
BRDA:276,22,1,0
BRDA:284,23,0,0
BRDA:284,23,1,0
BRDA:293,24,0,0
BRDA:293,24,1,0
BRDA:309,25,0,0
BRDA:309,25,1,0
BRDA:316,26,0,0
BRDA:316,26,1,0
BRDA:328,27,0,0
BRDA:328,27,1,0
BRDA:352,28,0,0
BRDA:352,28,1,0
BRDA:368,29,0,0
BRDA:368,29,1,0
BRDA:376,30,0,0
BRDA:376,30,1,0
BRDA:390,31,0,0
BRDA:390,31,1,0
BRDA:417,32,0,0
BRDA:417,32,1,0
BRDA:418,33,0,0
BRDA:418,33,1,0
BRF:71
BRH:0
end_of_record
TN:
SF:utils/supabase/auth/auth-hooks.ts
FN:11,useMyCompanionAuth
FN:18,(anonymous_1)
FN:19,(anonymous_2)
FN:63,(anonymous_3)
FNF:4
FNH:0
FNDA:0,useMyCompanionAuth
FNDA:0,(anonymous_1)
FNDA:0,(anonymous_2)
FNDA:0,(anonymous_3)
DA:12,0
DA:13,0
DA:14,0
DA:15,0
DA:16,0
DA:18,0
DA:19,0
DA:20,0
DA:29,0
DA:38,0
DA:39,0
DA:40,0
DA:41,0
DA:42,0
DA:46,0
DA:54,0
DA:55,0
DA:56,0
DA:57,0
DA:58,0
DA:60,0
DA:63,0
DA:64,0
DA:65,0
DA:66,0
DA:67,0
DA:71,0
LF:27
LH:0
BRDA:35,0,0,0
BRDA:35,0,1,0
BRDA:64,1,0,0
BRDA:64,1,1,0
BRDA:64,2,0,0
BRDA:64,2,1,0
BRDA:76,3,0,0
BRDA:76,3,1,0
BRDA:81,4,0,0
BRDA:81,4,1,0
BRDA:86,5,0,0
BRDA:86,5,1,0
BRF:12
BRH:0
end_of_record
TN:
SF:utils/supabase/auth/auth-state.ts
FN:26,loadUserProfileSafe
FN:62,loadUserProfileInternal
FN:118,(anonymous_2)
FN:135,createMissingUserProfile
FN:204,initializeAuth
FN:209,(anonymous_5)
FN:254,(anonymous_6)
FN:295,resetAuthState
FNF:8
FNH:0
FNDA:0,loadUserProfileSafe
FNDA:0,loadUserProfileInternal
FNDA:0,(anonymous_2)
FNDA:0,createMissingUserProfile
FNDA:0,initializeAuth
FNDA:0,(anonymous_5)
FNDA:0,(anonymous_6)
FNDA:0,resetAuthState
DA:12,0
DA:32,0
DA:36,0
DA:37,0
DA:40,0
DA:43,0
DA:46,0
DA:47,0
DA:49,0
DA:50,0
DA:51,0
DA:53,0
DA:54,0
DA:56,0
DA:57,0
DA:67,0
DA:68,0
DA:69,0
DA:75,0
DA:76,0
DA:82,0
DA:83,0
DA:85,0
DA:87,0
DA:88,0
DA:89,0
DA:92,0
DA:93,0
DA:95,0
DA:98,0
DA:104,0
DA:105,0
DA:106,0
DA:107,0
DA:109,0
DA:111,0
DA:112,0
DA:117,0
DA:118,0
DA:121,0
DA:125,0
DA:126,0
DA:127,0
DA:130,0
DA:136,0
DA:141,0
DA:143,0
DA:144,0
DA:148,0
DA:158,0
DA:161,0
DA:170,0
DA:171,0
DA:174,0
DA:175,0
DA:176,0
DA:186,0
DA:187,0
DA:189,0
DA:190,0
DA:193,0
DA:196,0
DA:198,0
DA:199,0
DA:205,0
DA:206,0
DA:209,0
DA:210,0
DA:216,0
DA:218,0
DA:221,0
DA:224,0
DA:225,0
DA:226,0
DA:228,0
DA:229,0
DA:231,0
DA:232,0
DA:233,0
DA:234,0
DA:235,0
DA:238,0
DA:240,0
DA:241,0
DA:245,0
DA:246,0
DA:247,0
DA:248,0
DA:249,0
DA:254,0
DA:255,0
DA:256,0
DA:257,0
DA:263,0
DA:265,0
DA:266,0
DA:267,0
DA:268,0
DA:269,0
DA:270,0
DA:273,0
DA:275,0
DA:276,0
DA:277,0
DA:279,0
DA:280,0
DA:284,0
DA:285,0
DA:287,0
DA:288,0
DA:289,0
DA:290,0
DA:296,0
DA:297,0
DA:298,0
DA:299,0
DA:300,0
DA:302,0
DA:303,0
DA:305,0
LF:120
LH:0
BRDA:29,0,0,0
BRDA:32,1,0,0
BRDA:32,1,1,0
BRDA:33,2,0,0
BRDA:33,2,1,0
BRDA:65,3,0,0
BRDA:87,4,0,0
BRDA:87,4,1,0
BRDA:87,5,0,0
BRDA:87,5,1,0
BRDA:88,6,0,0
BRDA:88,6,1,0
BRDA:111,7,0,0
BRDA:111,7,1,0
BRDA:128,8,0,0
BRDA:128,8,1,0
BRDA:143,9,0,0
BRDA:143,9,1,0
BRDA:143,10,0,0
BRDA:143,10,1,0
BRDA:151,11,0,0
BRDA:151,11,1,0
BRDA:153,12,0,0
BRDA:153,12,1,0
BRDA:153,12,2,0
BRDA:154,13,0,0
BRDA:154,13,1,0
BRDA:170,14,0,0
BRDA:170,14,1,0
BRDA:174,15,0,0
BRDA:174,15,1,0
BRDA:186,16,0,0
BRDA:186,16,1,0
BRDA:212,17,0,0
BRDA:212,17,1,0
BRDA:218,18,0,0
BRDA:218,18,1,0
BRDA:221,19,0,0
BRDA:221,19,1,0
BRDA:221,19,2,0
BRDA:224,20,0,0
BRDA:224,20,1,0
BRDA:240,21,0,0
BRDA:240,21,1,0
BRDA:265,22,0,0
BRDA:265,22,1,0
BRDA:275,23,0,0
BRDA:275,23,1,0
BRDA:302,24,0,0
BRDA:302,24,1,0
BRF:50
BRH:0
end_of_record
TN:
SF:utils/supabase/observables/admin-observables.ts
FN:89,subscribeToAdminData
FN:109,(anonymous_1)
FN:116,(anonymous_2)
FN:124,(anonymous_3)
FN:140,(anonymous_4)
FN:147,(anonymous_5)
FN:155,(anonymous_6)
FN:171,(anonymous_7)
FN:179,(anonymous_8)
FN:200,(anonymous_9)
FN:214,(anonymous_10)
FN:226,unsubscribeFromAdminData
FN:227,(anonymous_12)
FN:240,resetAdminState
FN:271,updateAdminFilters
FN:279,getFilteredSeniors
FN:288,(anonymous_16)
FN:295,getFilteredUsers
FN:303,(anonymous_18)
FN:311,(anonymous_19)
FN:317,getFilteredAlerts
FN:324,(anonymous_21)
FN:330,(anonymous_22)
FN:339,getRealtimeStats
FN:346,(anonymous_24)
FN:347,(anonymous_25)
FN:350,(anonymous_26)
FNF:27
FNH:0
FNDA:0,subscribeToAdminData
FNDA:0,(anonymous_1)
FNDA:0,(anonymous_2)
FNDA:0,(anonymous_3)
FNDA:0,(anonymous_4)
FNDA:0,(anonymous_5)
FNDA:0,(anonymous_6)
FNDA:0,(anonymous_7)
FNDA:0,(anonymous_8)
FNDA:0,(anonymous_9)
FNDA:0,(anonymous_10)
FNDA:0,unsubscribeFromAdminData
FNDA:0,(anonymous_12)
FNDA:0,resetAdminState
FNDA:0,updateAdminFilters
FNDA:0,getFilteredSeniors
FNDA:0,(anonymous_16)
FNDA:0,getFilteredUsers
FNDA:0,(anonymous_18)
FNDA:0,(anonymous_19)
FNDA:0,getFilteredAlerts
FNDA:0,(anonymous_21)
FNDA:0,(anonymous_22)
FNDA:0,getRealtimeStats
FNDA:0,(anonymous_24)
FNDA:0,(anonymous_25)
FNDA:0,(anonymous_26)
DA:50,0
DA:87,0
DA:91,0
DA:92,0
DA:93,0
DA:97,0
DA:100,0
DA:110,0
DA:112,0
DA:113,0
DA:114,0
DA:115,0
DA:116,0
DA:117,0
DA:118,0
DA:119,0
DA:120,0
DA:122,0
DA:123,0
DA:124,0
DA:131,0
DA:141,0
DA:143,0
DA:144,0
DA:145,0
DA:146,0
DA:147,0
DA:148,0
DA:149,0
DA:150,0
DA:151,0
DA:153,0
DA:154,0
DA:155,0
DA:162,0
DA:172,0
DA:174,0
DA:176,0
DA:177,0
DA:178,0
DA:179,0
DA:180,0
DA:181,0
DA:182,0
DA:183,0
DA:191,0
DA:201,0
DA:203,0
DA:205,0
DA:208,0
DA:209,0
DA:212,0
DA:213,0
DA:214,0
DA:215,0
DA:216,0
DA:217,0
DA:218,0
DA:227,0
DA:228,0
DA:229,0
DA:232,0
DA:241,0
DA:272,0
DA:280,0
DA:281,0
DA:283,0
DA:284,0
DA:287,0
DA:288,0
DA:289,0
DA:296,0
DA:297,0
DA:299,0
DA:301,0
DA:302,0
DA:303,0
DA:304,0
DA:310,0
DA:311,0
DA:314,0
DA:318,0
DA:319,0
DA:321,0
DA:323,0
DA:324,0
DA:325,0
DA:329,0
DA:330,0
DA:331,0
DA:335,0
DA:340,0
DA:341,0
DA:344,0
DA:346,0
DA:347,0
DA:350,0
LF:97
LH:0
BRDA:91,0,0,0
BRDA:91,0,1,0
BRDA:112,1,0,0
BRDA:112,1,1,0
BRDA:112,2,0,0
BRDA:112,2,1,0
BRDA:114,3,0,0
BRDA:114,3,1,0
BRDA:114,4,0,0
BRDA:114,4,1,0
BRDA:117,5,0,0
BRDA:117,5,1,0
BRDA:122,6,0,0
BRDA:122,6,1,0
BRDA:122,7,0,0
BRDA:122,7,1,0
BRDA:143,8,0,0
BRDA:143,8,1,0
BRDA:143,9,0,0
BRDA:143,9,1,0
BRDA:145,10,0,0
BRDA:145,10,1,0
BRDA:145,11,0,0
BRDA:145,11,1,0
BRDA:148,12,0,0
BRDA:148,12,1,0
BRDA:153,13,0,0
BRDA:153,13,1,0
BRDA:153,14,0,0
BRDA:153,14,1,0
BRDA:174,15,0,0
BRDA:174,15,1,0
BRDA:174,16,0,0
BRDA:174,16,1,0
BRDA:177,17,0,0
BRDA:177,17,1,0
BRDA:177,18,0,0
BRDA:177,18,1,0
BRDA:180,19,0,0
BRDA:180,19,1,0
BRDA:203,20,0,0
BRDA:203,20,1,0
BRDA:203,21,0,0
BRDA:203,21,1,0
BRDA:208,22,0,0
BRDA:208,22,1,0
BRDA:212,23,0,0
BRDA:212,23,1,0
BRDA:212,24,0,0
BRDA:212,24,1,0
BRDA:215,25,0,0
BRDA:215,25,1,0
BRDA:228,26,0,0
BRDA:228,26,1,0
BRDA:283,27,0,0
BRDA:283,27,1,0
BRDA:289,28,0,0
BRDA:289,28,1,0
BRDA:289,28,2,0
BRDA:301,29,0,0
BRDA:301,29,1,0
BRDA:304,30,0,0
BRDA:304,30,1,0
BRDA:304,30,2,0
BRDA:310,31,0,0
BRDA:310,31,1,0
BRDA:323,32,0,0
BRDA:323,32,1,0
BRDA:329,33,0,0
BRDA:329,33,1,0
BRDA:341,34,0,0
BRDA:341,34,1,0
BRDA:350,35,0,0
BRDA:350,35,1,0
BRF:74
BRH:0
end_of_record
TN:
SF:utils/supabase/observables/alerts.ts
FN:14,(anonymous_0)
FN:34,createAlert
FN:45,acknowledgeAlert
FNF:3
FNH:0
FNDA:0,(anonymous_0)
FNDA:0,createAlert
FNDA:0,acknowledgeAlert
DA:10,0
DA:15,0
DA:37,0
DA:38,0
DA:46,0
LF:5
LH:0
BRF:0
BRH:0
end_of_record
TN:
SF:utils/supabase/observables/calls.ts
FN:13,(anonymous_0)
FNF:1
FNH:0
FNDA:0,(anonymous_0)
DA:9,0
DA:14,0
LF:2
LH:0
BRF:0
BRH:0
end_of_record
TN:
SF:utils/supabase/observables/index.ts
FN:20,(anonymous_0)
FNF:1
FNH:0
FNDA:0,(anonymous_0)
DA:16,0
DA:21,0
LF:2
LH:0
BRF:0
BRH:0
end_of_record
TN:
SF:utils/supabase/observables/seniors.ts
FN:13,(anonymous_0)
FNF:1
FNH:0
FNDA:0,(anonymous_0)
DA:9,0
DA:14,0
LF:2
LH:0
BRF:0
BRH:0
end_of_record
TN:
SF:utils/supabase/observables/todos.ts
FN:13,(anonymous_0)
FN:32,addTodo
FN:40,toggleDone
FN:41,(anonymous_3)
FNF:4
FNH:0
FNDA:0,(anonymous_0)
FNDA:0,addTodo
FNDA:0,toggleDone
FNDA:0,(anonymous_3)
DA:9,0
DA:14,0
DA:33,0
DA:34,0
DA:41,0
LF:5
LH:0
BRF:0
BRH:0
end_of_record
TN:
SF:utils/supabase/observables/users.ts
FN:13,(anonymous_0)
FNF:1
FNH:0
FNDA:0,(anonymous_0)
DA:9,0
DA:14,0
LF:2
LH:0
BRF:0
BRH:0
end_of_record
TN:
SF:utils/supabase/services/admin-service.ts
FN:39,isUserAdmin
FN:44,requireAdminAccess
FN:54,getAllSeniors
FN:91,getAllUsers
FN:132,getAllCalls
FN:175,getAllAlerts
FN:215,getGlobalStats
FN:254,(anonymous_7)
FN:306,updateUserStatus
FN:325,changeUserRole
FN:350,deleteUser
FN:381,exportDataToCSV
FN:408,(anonymous_12)
FN:409,(anonymous_13)
FN:425,logAdminAction
FNF:15
FNH:0
FNDA:0,isUserAdmin
FNDA:0,requireAdminAccess
FNDA:0,getAllSeniors
FNDA:0,getAllUsers
FNDA:0,getAllCalls
FNDA:0,getAllAlerts
FNDA:0,getGlobalStats
FNDA:0,(anonymous_7)
FNDA:0,updateUserStatus
FNDA:0,changeUserRole
FNDA:0,deleteUser
FNDA:0,exportDataToCSV
FNDA:0,(anonymous_12)
FNDA:0,(anonymous_13)
FNDA:0,logAdminAction
DA:40,0
DA:41,0
DA:45,0
DA:46,0
DA:55,0
DA:57,0
DA:58,0
DA:65,0
DA:66,0
DA:69,0
DA:70,0
DA:73,0
DA:74,0
DA:77,0
DA:79,0
DA:80,0
DA:82,0
DA:83,0
DA:92,0
DA:94,0
DA:95,0
DA:102,0
DA:103,0
DA:106,0
DA:107,0
DA:110,0
DA:111,0
DA:114,0
DA:115,0
DA:118,0
DA:120,0
DA:121,0
DA:123,0
DA:124,0
DA:133,0
DA:135,0
DA:136,0
DA:149,0
DA:150,0
DA:153,0
DA:154,0
DA:157,0
DA:158,0
DA:161,0
DA:163,0
DA:164,0
DA:166,0
DA:167,0
DA:176,0
DA:178,0
DA:179,0
DA:193,0
DA:194,0
DA:197,0
DA:198,0
DA:201,0
DA:203,0
DA:204,0
DA:206,0
DA:207,0
DA:216,0
DA:218,0
DA:220,0
DA:226,0
DA:233,0
DA:239,0
DA:244,0
DA:249,0
DA:254,0
DA:255,0
DA:256,0
DA:257,0
DA:261,0
DA:263,0
DA:270,0
DA:277,0
DA:283,0
DA:297,0
DA:298,0
DA:307,0
DA:309,0
DA:310,0
DA:318,0
DA:320,0
DA:321,0
DA:326,0
DA:329,0
DA:330,0
DA:331,0
DA:334,0
DA:335,0
DA:343,0
DA:345,0
DA:346,0
DA:351,0
DA:354,0
DA:355,0
DA:356,0
DA:359,0
DA:361,0
DA:370,0
DA:372,0
DA:373,0
DA:382,0
DA:384,0
DA:385,0
DA:387,0
DA:389,0
DA:390,0
DA:392,0
DA:393,0
DA:395,0
DA:396,0
DA:398,0
DA:399,0
DA:402,0
DA:403,0
DA:407,0
DA:408,0
DA:409,0
DA:410,0
DA:414,0
DA:416,0
DA:417,0
DA:426,0
DA:427,0
DA:428,0
DA:430,0
DA:442,0
LF:129
LH:0
BRDA:41,0,0,0
BRDA:41,0,1,0
BRDA:45,1,0,0
BRDA:45,1,1,0
BRDA:65,2,0,0
BRDA:65,2,1,0
BRDA:69,3,0,0
BRDA:69,3,1,0
BRDA:73,4,0,0
BRDA:73,4,1,0
BRDA:74,5,0,0
BRDA:74,5,1,0
BRDA:79,6,0,0
BRDA:79,6,1,0
BRDA:80,7,0,0
BRDA:80,7,1,0
BRDA:102,8,0,0
BRDA:102,8,1,0
BRDA:106,9,0,0
BRDA:106,9,1,0
BRDA:110,10,0,0
BRDA:110,10,1,0
BRDA:114,11,0,0
BRDA:114,11,1,0
BRDA:120,12,0,0
BRDA:120,12,1,0
BRDA:121,13,0,0
BRDA:121,13,1,0
BRDA:149,14,0,0
BRDA:149,14,1,0
BRDA:153,15,0,0
BRDA:153,15,1,0
BRDA:157,16,0,0
BRDA:157,16,1,0
BRDA:163,17,0,0
BRDA:163,17,1,0
BRDA:164,18,0,0
BRDA:164,18,1,0
BRDA:193,19,0,0
BRDA:193,19,1,0
BRDA:197,20,0,0
BRDA:197,20,1,0
BRDA:203,21,0,0
BRDA:203,21,1,0
BRDA:204,22,0,0
BRDA:204,22,1,0
BRDA:254,23,0,0
BRDA:254,23,1,0
BRDA:256,24,0,0
BRDA:256,24,1,0
BRDA:284,25,0,0
BRDA:284,25,1,0
BRDA:285,26,0,0
BRDA:285,26,1,0
BRDA:286,27,0,0
BRDA:286,27,1,0
BRDA:287,28,0,0
BRDA:287,28,1,0
BRDA:288,29,0,0
BRDA:288,29,1,0
BRDA:293,30,0,0
BRDA:293,30,1,0
BRDA:318,31,0,0
BRDA:318,31,1,0
BRDA:330,32,0,0
BRDA:330,32,1,0
BRDA:330,33,0,0
BRDA:330,33,1,0
BRDA:343,34,0,0
BRDA:343,34,1,0
BRDA:355,35,0,0
BRDA:355,35,1,0
BRDA:370,36,0,0
BRDA:370,36,1,0
BRDA:387,37,0,0
BRDA:387,37,1,0
BRDA:387,37,2,0
BRDA:387,37,3,0
BRDA:402,38,0,0
BRDA:402,38,1,0
BRDA:410,39,0,0
BRDA:410,39,1,0
BRF:82
BRH:0
end_of_record
TN:
SF:utils/supabase/services/alert-service.ts
FN:11,getSeniorAlerts
FN:31,getActiveAlerts
FN:72,getAlertById
FN:101,resolveAlert
FN:133,updateAlert
FN:158,getAlertStats
FN:210,(anonymous_6)
FN:258,getAlertsBySeverity
FN:289,markAlertsAsRead
FN:319,createTestAlert
FNF:10
FNH:0
FNDA:0,getSeniorAlerts
FNDA:0,getActiveAlerts
FNDA:0,getAlertById
FNDA:0,resolveAlert
FNDA:0,updateAlert
FNDA:0,getAlertStats
FNDA:0,(anonymous_6)
FNDA:0,getAlertsBySeverity
FNDA:0,markAlertsAsRead
FNDA:0,createTestAlert
DA:12,0
DA:13,0
DA:15,0
DA:22,0
DA:23,0
DA:25,0
DA:26,0
DA:32,0
DA:33,0
DA:35,0
DA:57,0
DA:58,0
DA:61,0
DA:63,0
DA:64,0
DA:66,0
DA:67,0
DA:73,0
DA:74,0
DA:81,0
DA:82,0
DA:83,0
DA:85,0
DA:87,0
DA:89,0
DA:90,0
DA:105,0
DA:106,0
DA:108,0
DA:109,0
DA:110,0
DA:113,0
DA:123,0
DA:125,0
DA:127,0
DA:128,0
DA:137,0
DA:138,0
DA:140,0
DA:148,0
DA:150,0
DA:152,0
DA:153,0
DA:159,0
DA:160,0
DA:163,0
DA:166,0
DA:168,0
DA:169,0
DA:171,0
DA:172,0
DA:174,0
DA:175,0
DA:178,0
DA:185,0
DA:188,0
DA:206,0
DA:207,0
DA:208,0
DA:210,0
DA:212,0
DA:215,0
DA:218,0
DA:221,0
DA:222,0
DA:223,0
DA:224,0
DA:225,0
DA:229,0
DA:230,0
DA:235,0
DA:236,0
DA:242,0
DA:243,0
DA:245,0
DA:246,0
DA:262,0
DA:263,0
DA:280,0
DA:281,0
DA:283,0
DA:284,0
DA:290,0
DA:291,0
DA:293,0
DA:294,0
DA:295,0
DA:298,0
DA:309,0
DA:311,0
DA:313,0
DA:314,0
DA:320,0
DA:321,0
DA:323,0
DA:337,0
DA:339,0
DA:341,0
DA:342,0
LF:99
LH:0
BRDA:22,0,0,0
BRDA:22,0,1,0
BRDA:23,1,0,0
BRDA:23,1,1,0
BRDA:57,2,0,0
BRDA:57,2,1,0
BRDA:63,3,0,0
BRDA:63,3,1,0
BRDA:64,4,0,0
BRDA:64,4,1,0
BRDA:81,5,0,0
BRDA:81,5,1,0
BRDA:82,6,0,0
BRDA:82,6,1,0
BRDA:109,7,0,0
BRDA:109,7,1,0
BRDA:123,8,0,0
BRDA:123,8,1,0
BRDA:148,9,0,0
BRDA:148,9,1,0
BRDA:158,10,0,0
BRDA:166,11,0,0
BRDA:166,11,1,0
BRDA:166,11,2,0
BRDA:185,12,0,0
BRDA:185,12,1,0
BRDA:189,13,0,0
BRDA:189,13,1,0
BRDA:206,14,0,0
BRDA:206,14,1,0
BRDA:206,15,0,0
BRDA:206,15,1,0
BRDA:218,16,0,0
BRDA:218,16,1,0
BRDA:221,17,0,0
BRDA:221,17,1,0
BRDA:221,18,0,0
BRDA:221,18,1,0
BRDA:229,19,0,0
BRDA:229,19,1,0
BRDA:235,20,0,0
BRDA:235,20,1,0
BRDA:260,21,0,0
BRDA:280,22,0,0
BRDA:280,22,1,0
BRDA:281,23,0,0
BRDA:281,23,1,0
BRDA:294,24,0,0
BRDA:294,24,1,0
BRDA:309,25,0,0
BRDA:309,25,1,0
BRF:51
BRH:0
end_of_record
TN:
SF:utils/supabase/services/call-service.ts
FN:10,getSeniorCalls
FN:30,getCallById
FN:53,createCall
FN:83,updateCall
FN:108,endCall
FN:156,cancelCall
FN:179,getCallStats
FN:212,(anonymous_7)
FN:221,(anonymous_8)
FN:223,(anonymous_9)
FN:227,(anonymous_10)
FN:249,getNextScheduledCall
FN:274,scheduleRecurringCalls
FNF:13
FNH:0
FNDA:0,getSeniorCalls
FNDA:0,getCallById
FNDA:0,createCall
FNDA:0,updateCall
FNDA:0,endCall
FNDA:0,cancelCall
FNDA:0,getCallStats
FNDA:0,(anonymous_7)
FNDA:0,(anonymous_8)
FNDA:0,(anonymous_9)
FNDA:0,(anonymous_10)
FNDA:0,getNextScheduledCall
FNDA:0,scheduleRecurringCalls
DA:11,0
DA:12,0
DA:14,0
DA:21,0
DA:22,0
DA:24,0
DA:25,0
DA:31,0
DA:32,0
DA:39,0
DA:40,0
DA:41,0
DA:43,0
DA:45,0
DA:47,0
DA:48,0
DA:59,0
DA:60,0
DA:62,0
DA:72,0
DA:74,0
DA:75,0
DA:77,0
DA:78,0
DA:87,0
DA:88,0
DA:90,0
DA:98,0
DA:100,0
DA:102,0
DA:103,0
DA:116,0
DA:117,0
DA:120,0
DA:126,0
DA:128,0
DA:129,0
DA:130,0
DA:134,0
DA:145,0
DA:147,0
DA:148,0
DA:150,0
DA:151,0
DA:157,0
DA:158,0
DA:160,0
DA:169,0
DA:171,0
DA:173,0
DA:174,0
DA:180,0
DA:181,0
DA:184,0
DA:187,0
DA:189,0
DA:190,0
DA:192,0
DA:193,0
DA:195,0
DA:196,0
DA:199,0
DA:207,0
DA:210,0
DA:212,0
DA:218,0
DA:219,0
DA:221,0
DA:222,0
DA:223,0
DA:227,0
DA:228,0
DA:229,0
DA:234,0
DA:235,0
DA:237,0
DA:238,0
DA:250,0
DA:251,0
DA:262,0
DA:263,0
DA:266,0
DA:268,0
DA:269,0
DA:284,0
DA:285,0
DA:287,0
DA:288,0
DA:289,0
DA:292,0
DA:293,0
DA:296,0
DA:297,0
DA:300,0
DA:302,0
DA:304,0
DA:305,0
DA:308,0
DA:310,0
DA:311,0
DA:312,0
DA:313,0
DA:314,0
DA:316,0
DA:317,0
DA:320,0
DA:322,0
DA:325,0
DA:326,0
DA:327,0
DA:328,0
DA:331,0
DA:334,0
DA:343,0
DA:348,0
DA:350,0
DA:351,0
DA:353,0
DA:354,0
LF:119
LH:0
BRDA:21,0,0,0
BRDA:21,0,1,0
BRDA:22,1,0,0
BRDA:22,1,1,0
BRDA:39,2,0,0
BRDA:39,2,1,0
BRDA:40,3,0,0
BRDA:40,3,1,0
BRDA:66,4,0,0
BRDA:66,4,1,0
BRDA:67,5,0,0
BRDA:67,5,1,0
BRDA:72,6,0,0
BRDA:72,6,1,0
BRDA:98,7,0,0
BRDA:98,7,1,0
BRDA:126,8,0,0
BRDA:126,8,1,0
BRDA:145,9,0,0
BRDA:145,9,1,0
BRDA:169,10,0,0
BRDA:169,10,1,0
BRDA:179,11,0,0
BRDA:187,12,0,0
BRDA:187,12,1,0
BRDA:187,12,2,0
BRDA:207,13,0,0
BRDA:207,13,1,0
BRDA:211,14,0,0
BRDA:211,14,1,0
BRDA:212,15,0,0
BRDA:212,15,1,0
BRDA:212,16,0,0
BRDA:212,16,1,0
BRDA:218,17,0,0
BRDA:218,17,1,0
BRDA:218,18,0,0
BRDA:218,18,1,0
BRDA:222,19,0,0
BRDA:222,19,1,0
BRDA:228,20,0,0
BRDA:228,20,1,0
BRDA:229,21,0,0
BRDA:229,21,1,0
BRDA:262,22,0,0
BRDA:262,22,1,0
BRDA:262,23,0,0
BRDA:262,23,1,0
BRDA:282,24,0,0
BRDA:296,25,0,0
BRDA:296,25,1,0
BRDA:302,26,0,0
BRDA:302,26,1,0
BRDA:302,26,2,0
BRDA:304,27,0,0
BRDA:304,27,1,0
BRDA:308,28,0,0
BRDA:308,28,1,0
BRDA:308,29,0,0
BRDA:308,29,1,0
BRDA:314,30,0,0
BRDA:314,30,1,0
BRDA:316,31,0,0
BRDA:316,31,1,0
BRDA:320,32,0,0
BRDA:320,32,1,0
BRDA:325,33,0,0
BRDA:325,33,1,0
BRDA:327,34,0,0
BRDA:327,34,1,0
BRDA:348,35,0,0
BRDA:348,35,1,0
BRDA:350,36,0,0
BRDA:350,36,1,0
BRF:74
BRH:0
end_of_record
TN:
SF:utils/supabase/services/invitation-service.ts
FN:12,inviteFamilyMember
FN:165,getInvitationByToken
FN:214,acceptInvitation
FN:257,revokeInvitation
FN:302,getSentInvitations
FN:339,resendInvitation
FN:408,sendNotificationEmail
FN:434,acceptInvitationAfterAuth
FN:515,getPendingInvitationsForEmail
FNF:9
FNH:0
FNDA:0,inviteFamilyMember
FNDA:0,getInvitationByToken
FNDA:0,acceptInvitation
FNDA:0,revokeInvitation
FNDA:0,getSentInvitations
FNDA:0,resendInvitation
FNDA:0,sendNotificationEmail
FNDA:0,acceptInvitationAfterAuth
FNDA:0,getPendingInvitationsForEmail
DA:15,0
DA:16,0
DA:19,0
DA:20,0
DA:21,0
DA:25,0
DA:32,0
DA:33,0
DA:37,0
DA:44,0
DA:45,0
DA:48,0
DA:50,0
DA:53,0
DA:61,0
DA:62,0
DA:65,0
DA:66,0
DA:72,0
DA:81,0
DA:85,0
DA:94,0
DA:96,0
DA:99,0
DA:122,0
DA:123,0
DA:127,0
DA:144,0
DA:146,0
DA:151,0
DA:154,0
DA:157,0
DA:159,0
DA:160,0
DA:166,0
DA:167,0
DA:188,0
DA:189,0
DA:190,0
DA:192,0
DA:196,0
DA:198,0
DA:203,0
DA:206,0
DA:208,0
DA:209,0
DA:215,0
DA:216,0
DA:219,0
DA:220,0
DA:221,0
DA:225,0
DA:235,0
DA:244,0
DA:245,0
DA:248,0
DA:249,0
DA:251,0
DA:252,0
DA:258,0
DA:259,0
DA:261,0
DA:262,0
DA:263,0
DA:267,0
DA:273,0
DA:274,0
DA:277,0
DA:278,0
DA:282,0
DA:290,0
DA:291,0
DA:294,0
DA:296,0
DA:297,0
DA:303,0
DA:304,0
DA:305,0
DA:306,0
DA:309,0
DA:324,0
DA:325,0
DA:328,0
DA:330,0
DA:331,0
DA:333,0
DA:334,0
DA:340,0
DA:341,0
DA:343,0
DA:344,0
DA:345,0
DA:349,0
DA:364,0
DA:365,0
DA:368,0
DA:369,0
DA:373,0
DA:377,0
DA:385,0
DA:386,0
DA:390,0
DA:394,0
DA:395,0
DA:400,0
DA:401,0
DA:403,0
DA:404,0
DA:412,0
DA:417,0
DA:425,0
DA:426,0
DA:430,0
DA:435,0
DA:436,0
DA:442,0
DA:443,0
DA:444,0
DA:448,0
DA:449,0
DA:450,0
DA:454,0
DA:455,0
DA:459,0
DA:460,0
DA:466,0
DA:468,0
DA:478,0
DA:480,0
DA:485,0
DA:495,0
DA:504,0
DA:505,0
DA:508,0
DA:509,0
DA:511,0
DA:512,0
DA:516,0
DA:517,0
DA:538,0
DA:539,0
DA:541,0
DA:542,0
LF:143
LH:0
BRDA:20,0,0,0
BRDA:20,0,1,0
BRDA:32,1,0,0
BRDA:32,1,1,0
BRDA:32,2,0,0
BRDA:32,2,1,0
BRDA:44,3,0,0
BRDA:44,3,1,0
BRDA:44,4,0,0
BRDA:44,4,1,0
BRDA:48,5,0,0
BRDA:48,5,1,0
BRDA:61,6,0,0
BRDA:61,6,1,0
BRDA:61,7,0,0
BRDA:61,7,1,0
BRDA:65,8,0,0
BRDA:65,8,1,0
BRDA:122,9,0,0
BRDA:122,9,1,0
BRDA:144,10,0,0
BRDA:144,10,1,0
BRDA:188,11,0,0
BRDA:188,11,1,0
BRDA:189,12,0,0
BRDA:189,12,1,0
BRDA:196,13,0,0
BRDA:196,13,1,0
BRDA:220,14,0,0
BRDA:220,14,1,0
BRDA:244,15,0,0
BRDA:244,15,1,0
BRDA:262,16,0,0
BRDA:262,16,1,0
BRDA:273,17,0,0
BRDA:273,17,1,0
BRDA:277,18,0,0
BRDA:277,18,1,0
BRDA:290,19,0,0
BRDA:290,19,1,0
BRDA:305,20,0,0
BRDA:305,20,1,0
BRDA:324,21,0,0
BRDA:324,21,1,0
BRDA:330,22,0,0
BRDA:330,22,1,0
BRDA:331,23,0,0
BRDA:331,23,1,0
BRDA:344,24,0,0
BRDA:344,24,1,0
BRDA:364,25,0,0
BRDA:364,25,1,0
BRDA:368,26,0,0
BRDA:368,26,1,0
BRDA:385,27,0,0
BRDA:385,27,1,0
BRDA:425,28,0,0
BRDA:425,28,1,0
BRDA:443,29,0,0
BRDA:443,29,1,0
BRDA:443,30,0,0
BRDA:443,30,1,0
BRDA:449,31,0,0
BRDA:449,31,1,0
BRDA:454,32,0,0
BRDA:454,32,1,0
BRDA:466,33,0,0
BRDA:466,33,1,0
BRDA:473,34,0,0
BRDA:473,34,1,0
BRDA:474,35,0,0
BRDA:474,35,1,0
BRDA:478,36,0,0
BRDA:478,36,1,0
BRDA:478,37,0,0
BRDA:478,37,1,0
BRDA:504,38,0,0
BRDA:504,38,1,0
BRDA:538,39,0,0
BRDA:538,39,1,0
BRDA:539,40,0,0
BRDA:539,40,1,0
BRF:82
BRH:0
end_of_record
TN:
SF:utils/supabase/services/senior-service.ts
FN:12,addSenior
FN:143,createFamilyRelation
FN:213,getUserSeniors
FN:263,getSeniorById
FN:359,updateSenior
FN:478,deleteSenior
FN:553,duplicateSenior
FN:593,getSeniorStats
FN:644,getFamilyMembers
FN:673,updateFamilyMemberAccess
FN:695,removeFamilyMember
FN:741,transferPrimaryContact
FN:794,getSeniorSharingStats
FN:839,getSeniorHistory
FN:878,exportSeniorData
FNF:15
FNH:0
FNDA:0,addSenior
FNDA:0,createFamilyRelation
FNDA:0,getUserSeniors
FNDA:0,getSeniorById
FNDA:0,updateSenior
FNDA:0,deleteSenior
FNDA:0,duplicateSenior
FNDA:0,getSeniorStats
FNDA:0,getFamilyMembers
FNDA:0,updateFamilyMemberAccess
FNDA:0,removeFamilyMember
FNDA:0,transferPrimaryContact
FNDA:0,getSeniorSharingStats
FNDA:0,getSeniorHistory
FNDA:0,exportSeniorData
DA:13,0
DA:14,0
DA:23,0
DA:24,0
DA:25,0
DA:29,0
DA:32,0
DA:33,0
DA:34,0
DA:40,0
DA:47,0
DA:48,0
DA:51,0
DA:52,0
DA:58,0
DA:85,0
DA:88,0
DA:94,0
DA:95,0
DA:98,0
DA:102,0
DA:107,0
DA:112,0
DA:115,0
DA:135,0
DA:137,0
DA:138,0
DA:146,0
DA:147,0
DA:152,0
DA:153,0
DA:154,0
DA:158,0
DA:166,0
DA:167,0
DA:170,0
DA:171,0
DA:175,0
DA:184,0
DA:197,0
DA:198,0
DA:199,0
DA:204,0
DA:205,0
DA:207,0
DA:208,0
DA:214,0
DA:215,0
DA:216,0
DA:217,0
DA:220,0
DA:223,0
DA:250,0
DA:251,0
DA:252,0
DA:255,0
DA:256,0
DA:258,0
DA:259,0
DA:266,0
DA:267,0
DA:270,0
DA:271,0
DA:272,0
DA:276,0
DA:309,0
DA:310,0
DA:311,0
DA:313,0
DA:317,0
DA:346,0
DA:351,0
DA:353,0
DA:354,0
DA:363,0
DA:364,0
DA:367,0
DA:368,0
DA:369,0
DA:373,0
DA:381,0
DA:382,0
DA:386,0
DA:387,0
DA:388,0
DA:389,0
DA:393,0
DA:397,0
DA:403,0
DA:404,0
DA:406,0
DA:407,0
DA:411,0
DA:412,0
DA:414,0
DA:415,0
DA:417,0
DA:418,0
DA:424,0
DA:425,0
DA:433,0
DA:434,0
DA:437,0
DA:438,0
DA:445,0
DA:450,0
DA:451,0
DA:455,0
DA:459,0
DA:463,0
DA:464,0
DA:470,0
DA:472,0
DA:473,0
DA:479,0
DA:480,0
DA:483,0
DA:484,0
DA:485,0
DA:489,0
DA:497,0
DA:498,0
DA:502,0
DA:506,0
DA:512,0
DA:520,0
DA:521,0
DA:525,0
DA:533,0
DA:534,0
DA:541,0
DA:542,0
DA:545,0
DA:547,0
DA:548,0
DA:557,0
DA:558,0
DA:561,0
DA:562,0
DA:563,0
DA:567,0
DA:583,0
DA:585,0
DA:586,0
DA:588,0
DA:589,0
DA:594,0
DA:595,0
DA:597,0
DA:623,0
DA:630,0
DA:631,0
DA:633,0
DA:634,0
DA:645,0
DA:646,0
DA:664,0
DA:665,0
DA:667,0
DA:668,0
DA:677,0
DA:678,0
DA:686,0
DA:687,0
DA:689,0
DA:690,0
DA:696,0
DA:697,0
DA:700,0
DA:701,0
DA:702,0
DA:706,0
DA:712,0
DA:713,0
DA:716,0
DA:717,0
DA:721,0
DA:729,0
DA:730,0
DA:733,0
DA:735,0
DA:736,0
DA:745,0
DA:746,0
DA:752,0
DA:753,0
DA:754,0
DA:758,0
DA:763,0
DA:766,0
DA:773,0
DA:781,0
DA:782,0
DA:786,0
DA:788,0
DA:789,0
DA:795,0
DA:796,0
DA:798,0
DA:822,0
DA:827,0
DA:828,0
DA:830,0
DA:831,0
DA:840,0
DA:841,0
DA:845,0
DA:870,0
DA:872,0
DA:873,0
DA:879,0
DA:880,0
DA:882,0
DA:883,0
DA:884,0
DA:888,0
DA:894,0
DA:902,0
DA:903,0
DA:905,0
DA:906,0
LF:221
LH:0
BRDA:24,0,0,0
BRDA:24,0,1,0
BRDA:33,1,0,0
BRDA:33,1,1,0
BRDA:47,2,0,0
BRDA:47,2,1,0
BRDA:47,3,0,0
BRDA:47,3,1,0
BRDA:51,4,0,0
BRDA:51,4,1,0
BRDA:66,5,0,0
BRDA:66,5,1,0
BRDA:67,6,0,0
BRDA:67,6,1,0
BRDA:68,7,0,0
BRDA:68,7,1,0
BRDA:69,8,0,0
BRDA:69,8,1,0
BRDA:70,9,0,0
BRDA:70,9,1,0
BRDA:71,10,0,0
BRDA:71,10,1,0
BRDA:74,11,0,0
BRDA:74,11,1,0
BRDA:77,12,0,0
BRDA:77,12,1,0
BRDA:80,13,0,0
BRDA:80,13,1,0
BRDA:94,14,0,0
BRDA:94,14,1,0
BRDA:98,15,0,0
BRDA:98,15,1,0
BRDA:99,16,0,0
BRDA:99,16,1,0
BRDA:122,17,0,0
BRDA:122,17,1,0
BRDA:123,18,0,0
BRDA:123,18,1,0
BRDA:124,19,0,0
BRDA:124,19,1,0
BRDA:125,20,0,0
BRDA:125,20,1,0
BRDA:126,21,0,0
BRDA:126,21,1,0
BRDA:127,22,0,0
BRDA:127,22,1,0
BRDA:128,23,0,0
BRDA:128,23,1,0
BRDA:129,24,0,0
BRDA:129,24,1,0
BRDA:153,25,0,0
BRDA:153,25,1,0
BRDA:166,26,0,0
BRDA:166,26,1,0
BRDA:166,27,0,0
BRDA:166,27,1,0
BRDA:170,28,0,0
BRDA:170,28,1,0
BRDA:190,29,0,0
BRDA:190,29,1,0
BRDA:192,30,0,0
BRDA:192,30,1,0
BRDA:197,31,0,0
BRDA:197,31,1,0
BRDA:215,32,0,0
BRDA:215,32,1,0
BRDA:216,33,0,0
BRDA:216,33,1,0
BRDA:250,34,0,0
BRDA:250,34,1,0
BRDA:255,35,0,0
BRDA:255,35,1,0
BRDA:256,36,0,0
BRDA:256,36,1,0
BRDA:271,37,0,0
BRDA:271,37,1,0
BRDA:309,38,0,0
BRDA:309,38,1,0
BRDA:310,39,0,0
BRDA:310,39,1,0
BRDA:319,40,0,0
BRDA:319,40,1,0
BRDA:320,41,0,0
BRDA:320,41,1,0
BRDA:324,42,0,0
BRDA:324,42,1,0
BRDA:325,43,0,0
BRDA:325,43,1,0
BRDA:329,44,0,0
BRDA:329,44,1,0
BRDA:330,45,0,0
BRDA:330,45,1,0
BRDA:334,46,0,0
BRDA:334,46,1,0
BRDA:335,47,0,0
BRDA:335,47,1,0
BRDA:339,48,0,0
BRDA:339,48,1,0
BRDA:340,49,0,0
BRDA:340,49,1,0
BRDA:368,50,0,0
BRDA:368,50,1,0
BRDA:381,51,0,0
BRDA:381,51,1,0
BRDA:386,52,0,0
BRDA:386,52,1,0
BRDA:388,53,0,0
BRDA:388,53,1,0
BRDA:390,54,0,0
BRDA:390,54,1,0
BRDA:403,55,0,0
BRDA:403,55,1,0
BRDA:406,56,0,0
BRDA:406,56,1,0
BRDA:411,57,0,0
BRDA:411,57,1,0
BRDA:414,58,0,0
BRDA:414,58,1,0
BRDA:417,59,0,0
BRDA:417,59,1,0
BRDA:424,60,0,0
BRDA:424,60,1,0
BRDA:433,61,0,0
BRDA:433,61,1,0
BRDA:433,62,0,0
BRDA:433,62,1,0
BRDA:437,63,0,0
BRDA:437,63,1,0
BRDA:450,64,0,0
BRDA:450,64,1,0
BRDA:451,65,0,0
BRDA:451,65,1,0
BRDA:452,66,0,0
BRDA:452,66,1,0
BRDA:463,67,0,0
BRDA:463,67,1,0
BRDA:484,68,0,0
BRDA:484,68,1,0
BRDA:497,69,0,0
BRDA:497,69,1,0
BRDA:502,70,0,0
BRDA:502,70,1,0
BRDA:503,71,0,0
BRDA:503,71,1,0
BRDA:520,72,0,0
BRDA:520,72,1,0
BRDA:533,73,0,0
BRDA:533,73,1,0
BRDA:541,74,0,0
BRDA:541,74,1,0
BRDA:562,75,0,0
BRDA:562,75,1,0
BRDA:624,76,0,0
BRDA:624,76,1,0
BRDA:625,77,0,0
BRDA:625,77,1,0
BRDA:626,78,0,0
BRDA:626,78,1,0
BRDA:627,79,0,0
BRDA:627,79,1,0
BRDA:664,80,0,0
BRDA:664,80,1,0
BRDA:665,81,0,0
BRDA:665,81,1,0
BRDA:686,82,0,0
BRDA:686,82,1,0
BRDA:701,83,0,0
BRDA:701,83,1,0
BRDA:712,84,0,0
BRDA:712,84,1,0
BRDA:716,85,0,0
BRDA:716,85,1,0
BRDA:729,86,0,0
BRDA:729,86,1,0
BRDA:753,87,0,0
BRDA:753,87,1,0
BRDA:763,88,0,0
BRDA:763,88,1,0
BRDA:781,89,0,0
BRDA:781,89,1,0
BRDA:823,90,0,0
BRDA:823,90,1,0
BRDA:824,91,0,0
BRDA:824,91,1,0
BRDA:883,92,0,0
BRDA:883,92,1,0
BRF:186
BRH:0
end_of_record
TN:
SF:utils/supabase/services/user-service.ts
FN:10,getUserById
FN:27,getUserByEmail
FN:50,checkEmailExists
FN:74,getActiveUsers
FN:92,getUsersByType
FN:110,deactivateUser
FN:131,reactivateUser
FN:152,searchUsers
FNF:8
FNH:0
FNDA:0,getUserById
FNDA:0,getUserByEmail
FNDA:0,checkEmailExists
FNDA:0,getActiveUsers
FNDA:0,getUsersByType
FNDA:0,deactivateUser
FNDA:0,reactivateUser
FNDA:0,searchUsers
DA:11,0
DA:12,0
DA:18,0
DA:19,0
DA:21,0
DA:22,0
DA:28,0
DA:29,0
DA:36,0
DA:37,0
DA:38,0
DA:40,0
DA:42,0
DA:44,0
DA:45,0
DA:51,0
DA:52,0
DA:59,0
DA:60,0
DA:61,0
DA:63,0
DA:66,0
DA:68,0
DA:69,0
DA:75,0
DA:76,0
DA:83,0
DA:84,0
DA:86,0
DA:87,0
DA:93,0
DA:94,0
DA:101,0
DA:102,0
DA:104,0
DA:105,0
DA:111,0
DA:112,0
DA:120,0
DA:122,0
DA:123,0
DA:125,0
DA:126,0
DA:132,0
DA:133,0
DA:141,0
DA:143,0
DA:144,0
DA:146,0
DA:147,0
DA:153,0
DA:154,0
DA:162,0
DA:163,0
DA:165,0
DA:166,0
LF:56
LH:0
BRDA:18,0,0,0
BRDA:18,0,1,0
BRDA:36,1,0,0
BRDA:36,1,1,0
BRDA:37,2,0,0
BRDA:37,2,1,0
BRDA:59,3,0,0
BRDA:59,3,1,0
BRDA:60,4,0,0
BRDA:60,4,1,0
BRDA:83,5,0,0
BRDA:83,5,1,0
BRDA:84,6,0,0
BRDA:84,6,1,0
BRDA:101,7,0,0
BRDA:101,7,1,0
BRDA:102,8,0,0
BRDA:102,8,1,0
BRDA:120,9,0,0
BRDA:120,9,1,0
BRDA:141,10,0,0
BRDA:141,10,1,0
BRDA:162,11,0,0
BRDA:162,11,1,0
BRDA:163,12,0,0
BRDA:163,12,1,0
BRF:26
BRH:0
end_of_record
TN:
SF:utils/supabase/utils/url-helpers.ts
FN:8,getRedirectUrl
FNF:1
FNH:0
FNDA:0,getRedirectUrl
DA:9,0
DA:12,0
DA:16,0
DA:19,0
DA:20,0
LF:5
LH:0
BRDA:8,0,0,0
BRDA:9,1,0,0
BRDA:9,1,1,0
BRDA:12,2,0,0
BRDA:12,2,1,0
BRDA:13,3,0,0
BRDA:13,3,1,0
BRDA:19,4,0,0
BRDA:19,4,1,0
BRF:9
BRH:0
end_of_record
TN:
SF:utils/supabase/utils/validation.ts
FN:6,validateFrenchPhone
FNF:1
FNH:1
FNDA:57,validateFrenchPhone
DA:11,57
DA:13,57
DA:16,56
DA:18,56
DA:19,22
DA:28,34
DA:29,34
DA:30,6
DA:31,28
DA:32,4
DA:35,34
DA:40,1
LF:12
LH:12
BRDA:18,0,0,22
BRDA:18,0,1,34
BRDA:29,1,0,6
BRDA:29,1,1,28
BRDA:31,2,0,4
BRDA:31,2,1,24
BRF:6
BRH:6
end_of_record
